#
# There is insufficient memory for the Java Runtime Environment to continue.
# Native memory allocation (malloc) failed to allocate 965456 bytes for Chunk::new
# Possible reasons:
#   The system is out of physical RAM or swap space
#   The process is running with CompressedOops enabled, and the Java Heap may be blocking the growth of the native heap
# Possible solutions:
#   Reduce memory load on the system
#   Increase physical memory or swap space
#   Check if swap backing store is full
#   Decrease Java heap size (-Xmx/-Xms)
#   Decrease number of Java threads
#   Decrease Java thread stack sizes (-Xss)
#   Set larger code cache with -XX:ReservedCodeCacheSize=
#   JVM is running with Unscaled Compressed Oops mode in which the Java heap is
#     placed in the first 4GB address space. The Java Heap base address is the
#     maximum limit for the native heap growth. Please use -XX:HeapBaseMinAddress
#     to set the Java Heap base and to place the Java Heap above 4GB virtual address.
# This output file may be truncated or incomplete.
#
#  Out of Memory Error (arena.cpp:168), pid=25664, tid=22736
#
# JRE version: OpenJDK Runtime Environment Temurin-21.0.1+12 (21.0.1+12) (build 21.0.1+12-LTS)
# Java VM: OpenJDK 64-Bit Server VM Temurin-21.0.1+12 (21.0.1+12-LTS, mixed mode, sharing, tiered, compressed oops, compressed class ptrs, g1 gc, windows-amd64)
# No core dump will be written. Minidumps are not enabled by default on client versions of Windows
#

---------------  S U M M A R Y ------------

Command Line: -Dmaven.multiModuleProjectDirectory=C:\Users\Ricky Garcia\OneDrive\Escritorio\Arquitectura\2P\cuentas org.apache.maven.wrapper.MavenWrapperMain package -f c:\Users\Ricky Garcia\OneDrive\Escritorio\Arquitectura\2P\cuentas\pom.xml

Host: Intel(R) Core(TM) i5-10500H CPU @ 2.50GHz, 12 cores, 7G,  Windows 11 , 64 bit Build 22621 (10.0.22621.2506)
Time: Sun Feb 11 20:05:17 2024 SA Pacific Standard Time elapsed time: 11.932803 seconds (0d 0h 0m 11s)

---------------  T H R E A D  ---------------

Current thread (0x000001f71ef4cf30):  JavaThread "C2 CompilerThread0" daemon [_thread_in_native, id=22736, stack(0x0000008bc0f00000,0x0000008bc1000000) (1024K)]


Current CompileTask:
C2:  11932 4877       4       org.eclipse.aether.util.graph.transformer.ConflictResolver$State::push (457 bytes)

Stack: [0x0000008bc0f00000,0x0000008bc1000000]
Native frames: (J=compiled Java code, j=interpreted, Vv=VM code, C=native code)
V  [jvm.dll+0x6c7789]
V  [jvm.dll+0x8a2011]
V  [jvm.dll+0x8a44ae]
V  [jvm.dll+0x8a4b83]
V  [jvm.dll+0x27f936]
V  [jvm.dll+0xc498d]
V  [jvm.dll+0xc4ea3]
V  [jvm.dll+0x3b3722]
V  [jvm.dll+0x380225]
V  [jvm.dll+0x37f68a]
V  [jvm.dll+0x247ef0]
V  [jvm.dll+0x2474cf]
V  [jvm.dll+0x1c8ae1]
V  [jvm.dll+0x256c69]
V  [jvm.dll+0x25523a]
V  [jvm.dll+0x3ecc86]
V  [jvm.dll+0x84af3b]
V  [jvm.dll+0x6c5ebd]
C  [ucrtbase.dll+0x29363]
C  [KERNEL32.DLL+0x1257d]
C  [ntdll.dll+0x5aa58]


---------------  P R O C E S S  ---------------

Threads class SMR info:
_java_thread_list=0x000001f76424fa00, length=11, elements={
0x000001f77fcc0a90, 0x000001f71ef42400, 0x000001f71ef45840, 0x000001f71ef48140,
0x000001f71ef48ba0, 0x000001f71ef49600, 0x000001f71ef4a060, 0x000001f71ef4cf30,
0x000001f71ef50200, 0x000001f76424a660, 0x000001f76424ff30
}

Java Threads: ( => current thread )
  0x000001f77fcc0a90 JavaThread "main"                              [_thread_in_native, id=25460, stack(0x0000008bc0100000,0x0000008bc0200000) (1024K)]
  0x000001f71ef42400 JavaThread "Reference Handler"          daemon [_thread_blocked, id=8732, stack(0x0000008bc0900000,0x0000008bc0a00000) (1024K)]
  0x000001f71ef45840 JavaThread "Finalizer"                  daemon [_thread_blocked, id=20580, stack(0x0000008bc0a00000,0x0000008bc0b00000) (1024K)]
  0x000001f71ef48140 JavaThread "Signal Dispatcher"          daemon [_thread_blocked, id=17096, stack(0x0000008bc0b00000,0x0000008bc0c00000) (1024K)]
  0x000001f71ef48ba0 JavaThread "Attach Listener"            daemon [_thread_blocked, id=16860, stack(0x0000008bc0c00000,0x0000008bc0d00000) (1024K)]
  0x000001f71ef49600 JavaThread "Service Thread"             daemon [_thread_blocked, id=1972, stack(0x0000008bc0d00000,0x0000008bc0e00000) (1024K)]
  0x000001f71ef4a060 JavaThread "Monitor Deflation Thread"   daemon [_thread_blocked, id=22904, stack(0x0000008bc0e00000,0x0000008bc0f00000) (1024K)]
=>0x000001f71ef4cf30 JavaThread "C2 CompilerThread0"         daemon [_thread_in_native, id=22736, stack(0x0000008bc0f00000,0x0000008bc1000000) (1024K)]
  0x000001f71ef50200 JavaThread "C1 CompilerThread0"         daemon [_thread_blocked, id=3408, stack(0x0000008bc1000000,0x0000008bc1100000) (1024K)]
  0x000001f76424a660 JavaThread "Notification Thread"        daemon [_thread_blocked, id=26972, stack(0x0000008bc1100000,0x0000008bc1200000) (1024K)]
  0x000001f76424ff30 JavaThread "Common-Cleaner"             daemon [_thread_blocked, id=6912, stack(0x0000008bc1200000,0x0000008bc1300000) (1024K)]
Total: 11

Other Threads:
  0x000001f71ef23a90 VMThread "VM Thread"                           [id=1244, stack(0x0000008bc0800000,0x0000008bc0900000) (1024K)]
  0x000001f71ef090d0 WatcherThread "VM Periodic Task Thread"        [id=23612, stack(0x0000008bc0700000,0x0000008bc0800000) (1024K)]
  0x000001f70202bce0 WorkerThread "GC Thread#0"                     [id=8852, stack(0x0000008bc0200000,0x0000008bc0300000) (1024K)]
  0x000001f764cfeae0 WorkerThread "GC Thread#1"                     [id=25092, stack(0x0000008bc1300000,0x0000008bc1400000) (1024K)]
  0x000001f764c269b0 WorkerThread "GC Thread#2"                     [id=23932, stack(0x0000008bc1400000,0x0000008bc1500000) (1024K)]
  0x000001f764c27500 WorkerThread "GC Thread#3"                     [id=17440, stack(0x0000008bc1500000,0x0000008bc1600000) (1024K)]
  0x000001f764cf10c0 WorkerThread "GC Thread#4"                     [id=20164, stack(0x0000008bc1600000,0x0000008bc1700000) (1024K)]
  0x000001f764cf3870 WorkerThread "GC Thread#5"                     [id=22792, stack(0x0000008bc1700000,0x0000008bc1800000) (1024K)]
  0x000001f764cf3c10 WorkerThread "GC Thread#6"                     [id=11684, stack(0x0000008bc1800000,0x0000008bc1900000) (1024K)]
  0x000001f764cf43c0 WorkerThread "GC Thread#7"                     [id=25032, stack(0x0000008bc1900000,0x0000008bc1a00000) (1024K)]
  0x000001f764cf4f80 WorkerThread "GC Thread#8"                     [id=21824, stack(0x0000008bc1a00000,0x0000008bc1b00000) (1024K)]
  0x000001f764ec0460 WorkerThread "GC Thread#9"                     [id=26112, stack(0x0000008bc1b00000,0x0000008bc1c00000) (1024K)]
  0x000001f70203c770 ConcurrentGCThread "G1 Main Marker"            [id=26648, stack(0x0000008bc0300000,0x0000008bc0400000) (1024K)]
  0x000001f70203d270 WorkerThread "G1 Conc#0"                       [id=312, stack(0x0000008bc0400000,0x0000008bc0500000) (1024K)]
  0x000001f70209e6d0 ConcurrentGCThread "G1 Refine#0"               [id=23176, stack(0x0000008bc0500000,0x0000008bc0600000) (1024K)]
  0x000001f71edda860 ConcurrentGCThread "G1 Service"                [id=7852, stack(0x0000008bc0600000,0x0000008bc0700000) (1024K)]
Total: 16

Threads with active compile tasks:
C2 CompilerThread0    11977 4877       4       org.eclipse.aether.util.graph.transformer.ConflictResolver$State::push (457 bytes)
Total: 1

VM state: not at safepoint (normal execution)

VM Mutex/Monitor currently owned by a thread: None

Heap address: 0x0000000083800000, size: 1992 MB, Compressed Oops mode: 32-bit

CDS archive(s) mapped at: [0x000001f71f000000-0x000001f71fc90000-0x000001f71fc90000), size 13172736, SharedBaseAddress: 0x000001f71f000000, ArchiveRelocationMode: 1.
Compressed class space mapped at: 0x000001f720000000-0x000001f760000000, reserved size: 1073741824
Narrow klass base: 0x000001f71f000000, Narrow klass shift: 0, Narrow klass range: 0x100000000

GC Precious Log:
 CardTable entry size: 512
 Card Set container configuration: InlinePtr #cards 5 size 8 Array Of Cards #cards 12 size 40 Howl #buckets 4 coarsen threshold 1843 Howl Bitmap #cards 512 size 80 coarsen threshold 460 Card regions per heap region 1 cards per card region 2048
 CPUs: 12 total, 12 available
 Memory: 7967M
 Large Page Support: Disabled
 NUMA Support: Disabled
 Compressed Oops: Enabled (32-bit)
 Heap Region Size: 1M
 Heap Min Capacity: 8M
 Heap Initial Capacity: 126M
 Heap Max Capacity: 1992M
 Pre-touch: Disabled
 Parallel Workers: 10
 Concurrent Workers: 3
 Concurrent Refinement Workers: 10
 Periodic GC: Disabled

Heap:
 garbage-first heap   total 129024K, used 41270K [0x0000000083800000, 0x0000000100000000)
  region size 1024K, 28 young (28672K), 7 survivors (7168K)
 Metaspace       used 17236K, committed 17472K, reserved 1114112K
  class space    used 1902K, committed 1984K, reserved 1048576K

Heap Regions: E=young(eden), S=young(survivor), O=old, HS=humongous(starts), HC=humongous(continues), CS=collection set, F=free, TAMS=top-at-mark-start, PB=parsable bottom
|   0|0x0000000083800000, 0x0000000083900000, 0x0000000083900000|100%| O|  |TAMS 0x0000000083800000| PB 0x0000000083800000| Untracked 
|   1|0x0000000083900000, 0x0000000083a00000, 0x0000000083a00000|100%| O|  |TAMS 0x0000000083900000| PB 0x0000000083900000| Untracked 
|   2|0x0000000083a00000, 0x0000000083b00000, 0x0000000083b00000|100%| O|  |TAMS 0x0000000083a00000| PB 0x0000000083a00000| Untracked 
|   3|0x0000000083b00000, 0x0000000083c00000, 0x0000000083c00000|100%| O|  |TAMS 0x0000000083b00000| PB 0x0000000083b00000| Untracked 
|   4|0x0000000083c00000, 0x0000000083d00000, 0x0000000083d00000|100%| O|  |TAMS 0x0000000083c00000| PB 0x0000000083c00000| Untracked 
|   5|0x0000000083d00000, 0x0000000083e00000, 0x0000000083e00000|100%| O|  |TAMS 0x0000000083d00000| PB 0x0000000083d00000| Untracked 
|   6|0x0000000083e00000, 0x0000000083f00000, 0x0000000083f00000|100%| O|  |TAMS 0x0000000083e00000| PB 0x0000000083e00000| Untracked 
|   7|0x0000000083f00000, 0x0000000084000000, 0x0000000084000000|100%| O|  |TAMS 0x0000000083f00000| PB 0x0000000083f00000| Untracked 
|   8|0x0000000084000000, 0x0000000084100000, 0x0000000084100000|100%| O|  |TAMS 0x0000000084000000| PB 0x0000000084000000| Untracked 
|   9|0x0000000084100000, 0x0000000084200000, 0x0000000084200000|100%| O|  |TAMS 0x0000000084100000| PB 0x0000000084100000| Untracked 
|  10|0x0000000084200000, 0x0000000084300000, 0x0000000084300000|100%| O|  |TAMS 0x0000000084200000| PB 0x0000000084200000| Untracked 
|  11|0x0000000084300000, 0x0000000084400000, 0x0000000084400000|100%| O|  |TAMS 0x0000000084300000| PB 0x0000000084300000| Untracked 
|  12|0x0000000084400000, 0x0000000084500000, 0x0000000084500000|100%| O|  |TAMS 0x0000000084400000| PB 0x0000000084400000| Untracked 
|  13|0x0000000084500000, 0x00000000845cfe40, 0x0000000084600000| 81%| O|  |TAMS 0x0000000084500000| PB 0x0000000084500000| Untracked 
|  14|0x0000000084600000, 0x0000000084600000, 0x0000000084700000|  0%| F|  |TAMS 0x0000000084600000| PB 0x0000000084600000| Untracked 
|  15|0x0000000084700000, 0x0000000084700000, 0x0000000084800000|  0%| F|  |TAMS 0x0000000084700000| PB 0x0000000084700000| Untracked 
|  16|0x0000000084800000, 0x0000000084800000, 0x0000000084900000|  0%| F|  |TAMS 0x0000000084800000| PB 0x0000000084800000| Untracked 
|  17|0x0000000084900000, 0x0000000084900000, 0x0000000084a00000|  0%| F|  |TAMS 0x0000000084900000| PB 0x0000000084900000| Untracked 
|  18|0x0000000084a00000, 0x0000000084a00000, 0x0000000084b00000|  0%| F|  |TAMS 0x0000000084a00000| PB 0x0000000084a00000| Untracked 
|  19|0x0000000084b00000, 0x0000000084b00000, 0x0000000084c00000|  0%| F|  |TAMS 0x0000000084b00000| PB 0x0000000084b00000| Untracked 
|  20|0x0000000084c00000, 0x0000000084c00000, 0x0000000084d00000|  0%| F|  |TAMS 0x0000000084c00000| PB 0x0000000084c00000| Untracked 
|  21|0x0000000084d00000, 0x0000000084d00000, 0x0000000084e00000|  0%| F|  |TAMS 0x0000000084d00000| PB 0x0000000084d00000| Untracked 
|  22|0x0000000084e00000, 0x0000000084e00000, 0x0000000084f00000|  0%| F|  |TAMS 0x0000000084e00000| PB 0x0000000084e00000| Untracked 
|  23|0x0000000084f00000, 0x0000000084f00000, 0x0000000085000000|  0%| F|  |TAMS 0x0000000084f00000| PB 0x0000000084f00000| Untracked 
|  24|0x0000000085000000, 0x0000000085000000, 0x0000000085100000|  0%| F|  |TAMS 0x0000000085000000| PB 0x0000000085000000| Untracked 
|  25|0x0000000085100000, 0x0000000085100000, 0x0000000085200000|  0%| F|  |TAMS 0x0000000085100000| PB 0x0000000085100000| Untracked 
|  26|0x0000000085200000, 0x0000000085200000, 0x0000000085300000|  0%| F|  |TAMS 0x0000000085200000| PB 0x0000000085200000| Untracked 
|  27|0x0000000085300000, 0x0000000085300000, 0x0000000085400000|  0%| F|  |TAMS 0x0000000085300000| PB 0x0000000085300000| Untracked 
|  28|0x0000000085400000, 0x0000000085400000, 0x0000000085500000|  0%| F|  |TAMS 0x0000000085400000| PB 0x0000000085400000| Untracked 
|  29|0x0000000085500000, 0x0000000085500000, 0x0000000085600000|  0%| F|  |TAMS 0x0000000085500000| PB 0x0000000085500000| Untracked 
|  30|0x0000000085600000, 0x0000000085600000, 0x0000000085700000|  0%| F|  |TAMS 0x0000000085600000| PB 0x0000000085600000| Untracked 
|  31|0x0000000085700000, 0x0000000085700000, 0x0000000085800000|  0%| F|  |TAMS 0x0000000085700000| PB 0x0000000085700000| Untracked 
|  32|0x0000000085800000, 0x0000000085800000, 0x0000000085900000|  0%| F|  |TAMS 0x0000000085800000| PB 0x0000000085800000| Untracked 
|  33|0x0000000085900000, 0x0000000085900000, 0x0000000085a00000|  0%| F|  |TAMS 0x0000000085900000| PB 0x0000000085900000| Untracked 
|  34|0x0000000085a00000, 0x0000000085a00000, 0x0000000085b00000|  0%| F|  |TAMS 0x0000000085a00000| PB 0x0000000085a00000| Untracked 
|  35|0x0000000085b00000, 0x0000000085b00000, 0x0000000085c00000|  0%| F|  |TAMS 0x0000000085b00000| PB 0x0000000085b00000| Untracked 
|  36|0x0000000085c00000, 0x0000000085c00000, 0x0000000085d00000|  0%| F|  |TAMS 0x0000000085c00000| PB 0x0000000085c00000| Untracked 
|  37|0x0000000085d00000, 0x0000000085d00000, 0x0000000085e00000|  0%| F|  |TAMS 0x0000000085d00000| PB 0x0000000085d00000| Untracked 
|  38|0x0000000085e00000, 0x0000000085e00000, 0x0000000085f00000|  0%| F|  |TAMS 0x0000000085e00000| PB 0x0000000085e00000| Untracked 
|  39|0x0000000085f00000, 0x0000000085f00000, 0x0000000086000000|  0%| F|  |TAMS 0x0000000085f00000| PB 0x0000000085f00000| Untracked 
|  40|0x0000000086000000, 0x0000000086000000, 0x0000000086100000|  0%| F|  |TAMS 0x0000000086000000| PB 0x0000000086000000| Untracked 
|  41|0x0000000086100000, 0x0000000086100000, 0x0000000086200000|  0%| F|  |TAMS 0x0000000086100000| PB 0x0000000086100000| Untracked 
|  42|0x0000000086200000, 0x0000000086200000, 0x0000000086300000|  0%| F|  |TAMS 0x0000000086200000| PB 0x0000000086200000| Untracked 
|  43|0x0000000086300000, 0x0000000086300000, 0x0000000086400000|  0%| F|  |TAMS 0x0000000086300000| PB 0x0000000086300000| Untracked 
|  44|0x0000000086400000, 0x0000000086400000, 0x0000000086500000|  0%| F|  |TAMS 0x0000000086400000| PB 0x0000000086400000| Untracked 
|  45|0x0000000086500000, 0x0000000086500000, 0x0000000086600000|  0%| F|  |TAMS 0x0000000086500000| PB 0x0000000086500000| Untracked 
|  46|0x0000000086600000, 0x0000000086600000, 0x0000000086700000|  0%| F|  |TAMS 0x0000000086600000| PB 0x0000000086600000| Untracked 
|  47|0x0000000086700000, 0x0000000086700000, 0x0000000086800000|  0%| F|  |TAMS 0x0000000086700000| PB 0x0000000086700000| Untracked 
|  48|0x0000000086800000, 0x0000000086800000, 0x0000000086900000|  0%| F|  |TAMS 0x0000000086800000| PB 0x0000000086800000| Untracked 
|  49|0x0000000086900000, 0x0000000086900000, 0x0000000086a00000|  0%| F|  |TAMS 0x0000000086900000| PB 0x0000000086900000| Untracked 
|  50|0x0000000086a00000, 0x0000000086a00000, 0x0000000086b00000|  0%| F|  |TAMS 0x0000000086a00000| PB 0x0000000086a00000| Untracked 
|  51|0x0000000086b00000, 0x0000000086b00000, 0x0000000086c00000|  0%| F|  |TAMS 0x0000000086b00000| PB 0x0000000086b00000| Untracked 
|  52|0x0000000086c00000, 0x0000000086c00000, 0x0000000086d00000|  0%| F|  |TAMS 0x0000000086c00000| PB 0x0000000086c00000| Untracked 
|  53|0x0000000086d00000, 0x0000000086d00000, 0x0000000086e00000|  0%| F|  |TAMS 0x0000000086d00000| PB 0x0000000086d00000| Untracked 
|  54|0x0000000086e00000, 0x0000000086e7dd10, 0x0000000086f00000| 49%| S|CS|TAMS 0x0000000086e00000| PB 0x0000000086e00000| Complete 
|  55|0x0000000086f00000, 0x0000000087000000, 0x0000000087000000|100%| S|CS|TAMS 0x0000000086f00000| PB 0x0000000086f00000| Complete 
|  56|0x0000000087000000, 0x0000000087100000, 0x0000000087100000|100%| S|CS|TAMS 0x0000000087000000| PB 0x0000000087000000| Complete 
|  57|0x0000000087100000, 0x0000000087200000, 0x0000000087200000|100%| S|CS|TAMS 0x0000000087100000| PB 0x0000000087100000| Complete 
|  58|0x0000000087200000, 0x0000000087300000, 0x0000000087300000|100%| S|CS|TAMS 0x0000000087200000| PB 0x0000000087200000| Complete 
|  59|0x0000000087300000, 0x0000000087400000, 0x0000000087400000|100%| S|CS|TAMS 0x0000000087300000| PB 0x0000000087300000| Complete 
|  60|0x0000000087400000, 0x0000000087500000, 0x0000000087500000|100%| S|CS|TAMS 0x0000000087400000| PB 0x0000000087400000| Complete 
|  61|0x0000000087500000, 0x0000000087500000, 0x0000000087600000|  0%| F|  |TAMS 0x0000000087500000| PB 0x0000000087500000| Untracked 
|  62|0x0000000087600000, 0x0000000087600000, 0x0000000087700000|  0%| F|  |TAMS 0x0000000087600000| PB 0x0000000087600000| Untracked 
|  63|0x0000000087700000, 0x0000000087700000, 0x0000000087800000|  0%| F|  |TAMS 0x0000000087700000| PB 0x0000000087700000| Untracked 
|  64|0x0000000087800000, 0x0000000087800000, 0x0000000087900000|  0%| F|  |TAMS 0x0000000087800000| PB 0x0000000087800000| Untracked 
|  65|0x0000000087900000, 0x0000000087900000, 0x0000000087a00000|  0%| F|  |TAMS 0x0000000087900000| PB 0x0000000087900000| Untracked 
|  66|0x0000000087a00000, 0x0000000087a00000, 0x0000000087b00000|  0%| F|  |TAMS 0x0000000087a00000| PB 0x0000000087a00000| Untracked 
|  67|0x0000000087b00000, 0x0000000087b00000, 0x0000000087c00000|  0%| F|  |TAMS 0x0000000087b00000| PB 0x0000000087b00000| Untracked 
|  68|0x0000000087c00000, 0x0000000087c00000, 0x0000000087d00000|  0%| F|  |TAMS 0x0000000087c00000| PB 0x0000000087c00000| Untracked 
|  69|0x0000000087d00000, 0x0000000087d00000, 0x0000000087e00000|  0%| F|  |TAMS 0x0000000087d00000| PB 0x0000000087d00000| Untracked 
|  70|0x0000000087e00000, 0x0000000087e00000, 0x0000000087f00000|  0%| F|  |TAMS 0x0000000087e00000| PB 0x0000000087e00000| Untracked 
|  71|0x0000000087f00000, 0x0000000087f00000, 0x0000000088000000|  0%| F|  |TAMS 0x0000000087f00000| PB 0x0000000087f00000| Untracked 
|  72|0x0000000088000000, 0x0000000088000000, 0x0000000088100000|  0%| F|  |TAMS 0x0000000088000000| PB 0x0000000088000000| Untracked 
|  73|0x0000000088100000, 0x0000000088100000, 0x0000000088200000|  0%| F|  |TAMS 0x0000000088100000| PB 0x0000000088100000| Untracked 
|  74|0x0000000088200000, 0x0000000088200000, 0x0000000088300000|  0%| F|  |TAMS 0x0000000088200000| PB 0x0000000088200000| Untracked 
|  75|0x0000000088300000, 0x0000000088300000, 0x0000000088400000|  0%| F|  |TAMS 0x0000000088300000| PB 0x0000000088300000| Untracked 
|  76|0x0000000088400000, 0x0000000088400000, 0x0000000088500000|  0%| F|  |TAMS 0x0000000088400000| PB 0x0000000088400000| Untracked 
|  77|0x0000000088500000, 0x0000000088500000, 0x0000000088600000|  0%| F|  |TAMS 0x0000000088500000| PB 0x0000000088500000| Untracked 
|  78|0x0000000088600000, 0x0000000088600000, 0x0000000088700000|  0%| F|  |TAMS 0x0000000088600000| PB 0x0000000088600000| Untracked 
|  79|0x0000000088700000, 0x0000000088700000, 0x0000000088800000|  0%| F|  |TAMS 0x0000000088700000| PB 0x0000000088700000| Untracked 
|  80|0x0000000088800000, 0x0000000088800000, 0x0000000088900000|  0%| F|  |TAMS 0x0000000088800000| PB 0x0000000088800000| Untracked 
|  81|0x0000000088900000, 0x0000000088900000, 0x0000000088a00000|  0%| F|  |TAMS 0x0000000088900000| PB 0x0000000088900000| Untracked 
|  82|0x0000000088a00000, 0x0000000088a00000, 0x0000000088b00000|  0%| F|  |TAMS 0x0000000088a00000| PB 0x0000000088a00000| Untracked 
|  83|0x0000000088b00000, 0x0000000088b00000, 0x0000000088c00000|  0%| F|  |TAMS 0x0000000088b00000| PB 0x0000000088b00000| Untracked 
|  84|0x0000000088c00000, 0x0000000088c00000, 0x0000000088d00000|  0%| F|  |TAMS 0x0000000088c00000| PB 0x0000000088c00000| Untracked 
|  85|0x0000000088d00000, 0x0000000088d00000, 0x0000000088e00000|  0%| F|  |TAMS 0x0000000088d00000| PB 0x0000000088d00000| Untracked 
|  86|0x0000000088e00000, 0x0000000088e00000, 0x0000000088f00000|  0%| F|  |TAMS 0x0000000088e00000| PB 0x0000000088e00000| Untracked 
|  87|0x0000000088f00000, 0x0000000088f00000, 0x0000000089000000|  0%| F|  |TAMS 0x0000000088f00000| PB 0x0000000088f00000| Untracked 
|  88|0x0000000089000000, 0x0000000089000000, 0x0000000089100000|  0%| F|  |TAMS 0x0000000089000000| PB 0x0000000089000000| Untracked 
|  89|0x0000000089100000, 0x0000000089100000, 0x0000000089200000|  0%| F|  |TAMS 0x0000000089100000| PB 0x0000000089100000| Untracked 
|  90|0x0000000089200000, 0x0000000089200000, 0x0000000089300000|  0%| F|  |TAMS 0x0000000089200000| PB 0x0000000089200000| Untracked 
|  91|0x0000000089300000, 0x0000000089300000, 0x0000000089400000|  0%| F|  |TAMS 0x0000000089300000| PB 0x0000000089300000| Untracked 
|  92|0x0000000089400000, 0x0000000089400000, 0x0000000089500000|  0%| F|  |TAMS 0x0000000089400000| PB 0x0000000089400000| Untracked 
|  93|0x0000000089500000, 0x0000000089500000, 0x0000000089600000|  0%| F|  |TAMS 0x0000000089500000| PB 0x0000000089500000| Untracked 
|  94|0x0000000089600000, 0x0000000089600000, 0x0000000089700000|  0%| F|  |TAMS 0x0000000089600000| PB 0x0000000089600000| Untracked 
|  95|0x0000000089700000, 0x0000000089700000, 0x0000000089800000|  0%| F|  |TAMS 0x0000000089700000| PB 0x0000000089700000| Untracked 
|  96|0x0000000089800000, 0x0000000089800000, 0x0000000089900000|  0%| F|  |TAMS 0x0000000089800000| PB 0x0000000089800000| Untracked 
|  97|0x0000000089900000, 0x0000000089900000, 0x0000000089a00000|  0%| F|  |TAMS 0x0000000089900000| PB 0x0000000089900000| Untracked 
|  98|0x0000000089a00000, 0x0000000089a00000, 0x0000000089b00000|  0%| F|  |TAMS 0x0000000089a00000| PB 0x0000000089a00000| Untracked 
|  99|0x0000000089b00000, 0x0000000089b00000, 0x0000000089c00000|  0%| F|  |TAMS 0x0000000089b00000| PB 0x0000000089b00000| Untracked 
| 100|0x0000000089c00000, 0x0000000089c00000, 0x0000000089d00000|  0%| F|  |TAMS 0x0000000089c00000| PB 0x0000000089c00000| Untracked 
| 101|0x0000000089d00000, 0x0000000089d00000, 0x0000000089e00000|  0%| F|  |TAMS 0x0000000089d00000| PB 0x0000000089d00000| Untracked 
| 102|0x0000000089e00000, 0x0000000089e00000, 0x0000000089f00000|  0%| F|  |TAMS 0x0000000089e00000| PB 0x0000000089e00000| Untracked 
| 103|0x0000000089f00000, 0x0000000089f00000, 0x000000008a000000|  0%| F|  |TAMS 0x0000000089f00000| PB 0x0000000089f00000| Untracked 
| 104|0x000000008a000000, 0x000000008a000000, 0x000000008a100000|  0%| F|  |TAMS 0x000000008a000000| PB 0x000000008a000000| Untracked 
| 105|0x000000008a100000, 0x000000008a180800, 0x000000008a200000| 50%| E|  |TAMS 0x000000008a100000| PB 0x000000008a100000| Complete 
| 106|0x000000008a200000, 0x000000008a300000, 0x000000008a300000|100%| E|CS|TAMS 0x000000008a200000| PB 0x000000008a200000| Complete 
| 107|0x000000008a300000, 0x000000008a400000, 0x000000008a400000|100%| E|CS|TAMS 0x000000008a300000| PB 0x000000008a300000| Complete 
| 108|0x000000008a400000, 0x000000008a500000, 0x000000008a500000|100%| E|CS|TAMS 0x000000008a400000| PB 0x000000008a400000| Complete 
| 109|0x000000008a500000, 0x000000008a600000, 0x000000008a600000|100%| E|CS|TAMS 0x000000008a500000| PB 0x000000008a500000| Complete 
| 110|0x000000008a600000, 0x000000008a700000, 0x000000008a700000|100%| E|CS|TAMS 0x000000008a600000| PB 0x000000008a600000| Complete 
| 111|0x000000008a700000, 0x000000008a800000, 0x000000008a800000|100%| E|CS|TAMS 0x000000008a700000| PB 0x000000008a700000| Complete 
| 112|0x000000008a800000, 0x000000008a900000, 0x000000008a900000|100%| E|CS|TAMS 0x000000008a800000| PB 0x000000008a800000| Complete 
| 113|0x000000008a900000, 0x000000008aa00000, 0x000000008aa00000|100%| E|CS|TAMS 0x000000008a900000| PB 0x000000008a900000| Complete 
| 114|0x000000008aa00000, 0x000000008ab00000, 0x000000008ab00000|100%| E|CS|TAMS 0x000000008aa00000| PB 0x000000008aa00000| Complete 
| 115|0x000000008ab00000, 0x000000008ac00000, 0x000000008ac00000|100%| E|CS|TAMS 0x000000008ab00000| PB 0x000000008ab00000| Complete 
| 116|0x000000008ac00000, 0x000000008ad00000, 0x000000008ad00000|100%| E|CS|TAMS 0x000000008ac00000| PB 0x000000008ac00000| Complete 
| 117|0x000000008ad00000, 0x000000008ae00000, 0x000000008ae00000|100%| E|CS|TAMS 0x000000008ad00000| PB 0x000000008ad00000| Complete 
| 118|0x000000008ae00000, 0x000000008af00000, 0x000000008af00000|100%| E|CS|TAMS 0x000000008ae00000| PB 0x000000008ae00000| Complete 
| 119|0x000000008af00000, 0x000000008b000000, 0x000000008b000000|100%| E|CS|TAMS 0x000000008af00000| PB 0x000000008af00000| Complete 
| 120|0x000000008b000000, 0x000000008b100000, 0x000000008b100000|100%| E|CS|TAMS 0x000000008b000000| PB 0x000000008b000000| Complete 
| 121|0x000000008b100000, 0x000000008b200000, 0x000000008b200000|100%| E|CS|TAMS 0x000000008b100000| PB 0x000000008b100000| Complete 
| 122|0x000000008b200000, 0x000000008b300000, 0x000000008b300000|100%| E|CS|TAMS 0x000000008b200000| PB 0x000000008b200000| Complete 
| 123|0x000000008b300000, 0x000000008b400000, 0x000000008b400000|100%| E|CS|TAMS 0x000000008b300000| PB 0x000000008b300000| Complete 
| 124|0x000000008b400000, 0x000000008b500000, 0x000000008b500000|100%| E|CS|TAMS 0x000000008b400000| PB 0x000000008b400000| Complete 
| 125|0x000000008b500000, 0x000000008b600000, 0x000000008b600000|100%| E|CS|TAMS 0x000000008b500000| PB 0x000000008b500000| Complete 

Card table byte_map: [0x000001f719fe0000,0x000001f71a3d0000] _byte_map_base: 0x000001f719bc4000

Marking Bits: (CMBitMap*) 0x000001f70202c3e0
 Bits: [0x000001f71a3d0000, 0x000001f71c2f0000)

Polling page: 0x000001f7017a0000

Metaspace:

Usage:
  Non-class:     14.97 MB used.
      Class:      1.86 MB used.
       Both:     16.83 MB used.

Virtual space:
  Non-class space:       64.00 MB reserved,      15.12 MB ( 24%) committed,  1 nodes.
      Class space:        1.00 GB reserved,       1.94 MB ( <1%) committed,  1 nodes.
             Both:        1.06 GB reserved,      17.06 MB (  2%) committed. 

Chunk freelists:
   Non-Class:  15.97 MB
       Class:  13.89 MB
        Both:  29.85 MB

MaxMetaspaceSize: unlimited
CompressedClassSpaceSize: 1.00 GB
Initial GC threshold: 21.00 MB
Current GC threshold: 21.00 MB
CDS: on
 - commit_granule_bytes: 65536.
 - commit_granule_words: 8192.
 - virtual_space_node_default_size: 8388608.
 - enlarge_chunks_in_place: 1.
 - use_allocation_guard: 0.


Internal statistics:

num_allocs_failed_limit: 0.
num_arena_births: 170.
num_arena_deaths: 0.
num_vsnodes_births: 2.
num_vsnodes_deaths: 0.
num_space_committed: 273.
num_space_uncommitted: 0.
num_chunks_returned_to_freelist: 0.
num_chunks_taken_from_freelist: 729.
num_chunk_merges: 0.
num_chunk_splits: 522.
num_chunks_enlarged: 432.
num_inconsistent_stats: 0.

CodeHeap 'non-profiled nmethods': size=120000Kb used=2222Kb max_used=2222Kb free=117777Kb
 bounds [0x000001f712170000, 0x000001f7123e0000, 0x000001f7196a0000]
CodeHeap 'profiled nmethods': size=120000Kb used=10849Kb max_used=10849Kb free=109150Kb
 bounds [0x000001f70a6a0000, 0x000001f70b140000, 0x000001f711bd0000]
CodeHeap 'non-nmethods': size=5760Kb used=1402Kb max_used=1477Kb free=4357Kb
 bounds [0x000001f711bd0000, 0x000001f711e40000, 0x000001f712170000]
 total_blobs=5443 nmethods=4947 adapters=400
 compilation: enabled
              stopped_count=0, restarted_count=0
 full_count=0

Compilation events (20 events):
Event: 11.906 Thread 0x000001f71ef50200 4944       1       org.apache.maven.artifact.handler.DefaultArtifactHandler::setLanguage (6 bytes)
Event: 11.906 Thread 0x000001f71ef50200 nmethod 4944 0x000001f71239a190 code [0x000001f71239a320, 0x000001f71239a438]
Event: 11.906 Thread 0x000001f71ef50200 4945       1       org.apache.maven.artifact.handler.DefaultArtifactHandler::setAddedToClasspath (6 bytes)
Event: 11.906 Thread 0x000001f71ef50200 nmethod 4945 0x000001f71239a490 code [0x000001f71239a620, 0x000001f71239a6f0]
Event: 11.906 Thread 0x000001f71ef50200 4946       1       org.apache.maven.artifact.handler.DefaultArtifactHandler::setExtension (6 bytes)
Event: 11.906 Thread 0x000001f71ef50200 nmethod 4946 0x000001f71239a790 code [0x000001f71239a920, 0x000001f71239aa38]
Event: 11.906 Thread 0x000001f71ef50200 4947       1       org.apache.maven.artifact.handler.DefaultArtifactHandler::setIncludesDependencies (6 bytes)
Event: 11.907 Thread 0x000001f71ef50200 nmethod 4947 0x000001f71239aa90 code [0x000001f71239ac20, 0x000001f71239acf0]
Event: 11.907 Thread 0x000001f71ef50200 4948       1       org.apache.maven.artifact.DefaultArtifact::setScope (6 bytes)
Event: 11.907 Thread 0x000001f71ef50200 nmethod 4948 0x000001f71239ad90 code [0x000001f71239af20, 0x000001f71239b038]
Event: 11.907 Thread 0x000001f71ef50200 4949       1       org.apache.maven.artifact.DefaultArtifact::setOptional (6 bytes)
Event: 11.907 Thread 0x000001f71ef50200 nmethod 4949 0x000001f71239b090 code [0x000001f71239b220, 0x000001f71239b2f0]
Event: 11.907 Thread 0x000001f71ef50200 4950       3       org.apache.maven.artifact.DefaultArtifact::hashCode (88 bytes)
Event: 11.907 Thread 0x000001f71ef50200 nmethod 4950 0x000001f70b131e90 code [0x000001f70b132080, 0x000001f70b132390]
Event: 11.907 Thread 0x000001f71ef50200 4951       3       org.apache.maven.artifact.DefaultArtifact::appendArtifactTypeClassifierString (49 bytes)
Event: 11.908 Thread 0x000001f71ef50200 nmethod 4951 0x000001f70b132590 code [0x000001f70b1327e0, 0x000001f70b132ef8]
Event: 11.908 Thread 0x000001f71ef50200 4952       3       org.apache.maven.artifact.DefaultArtifact::hasClassifier (8 bytes)
Event: 11.908 Thread 0x000001f71ef50200 nmethod 4952 0x000001f70b133210 code [0x000001f70b1333c0, 0x000001f70b133690]
Event: 11.908 Thread 0x000001f71ef50200 4953       3       org.apache.maven.artifact.DefaultArtifact::getDependencyConflictId (37 bytes)
Event: 11.909 Thread 0x000001f71ef50200 nmethod 4953 0x000001f70b133790 code [0x000001f70b1339a0, 0x000001f70b133ec8]

GC Heap History (8 events):
Event: 2.437 GC heap before
{Heap before GC invocations=0 (full 0):
 garbage-first heap   total 129024K, used 22528K [0x0000000083800000, 0x0000000100000000)
  region size 1024K, 23 young (23552K), 0 survivors (0K)
 Metaspace       used 5966K, committed 6144K, reserved 1114112K
  class space    used 690K, committed 768K, reserved 1048576K
}
Event: 2.462 GC heap after
{Heap after GC invocations=1 (full 0):
 garbage-first heap   total 129024K, used 3850K [0x0000000083800000, 0x0000000100000000)
  region size 1024K, 3 young (3072K), 3 survivors (3072K)
 Metaspace       used 5966K, committed 6144K, reserved 1114112K
  class space    used 690K, committed 768K, reserved 1048576K
}
Event: 3.968 GC heap before
{Heap before GC invocations=1 (full 0):
 garbage-first heap   total 129024K, used 34570K [0x0000000083800000, 0x0000000100000000)
  region size 1024K, 33 young (33792K), 3 survivors (3072K)
 Metaspace       used 10154K, committed 10304K, reserved 1114112K
  class space    used 1208K, committed 1280K, reserved 1048576K
}
Event: 3.981 GC heap after
{Heap after GC invocations=2 (full 0):
 garbage-first heap   total 129024K, used 5822K [0x0000000083800000, 0x0000000100000000)
  region size 1024K, 2 young (2048K), 2 survivors (2048K)
 Metaspace       used 10154K, committed 10304K, reserved 1114112K
  class space    used 1208K, committed 1280K, reserved 1048576K
}
Event: 8.463 GC heap before
{Heap before GC invocations=2 (full 0):
 garbage-first heap   total 129024K, used 80574K [0x0000000083800000, 0x0000000100000000)
  region size 1024K, 75 young (76800K), 2 survivors (2048K)
 Metaspace       used 16325K, committed 16576K, reserved 1114112K
  class space    used 1884K, committed 1984K, reserved 1048576K
}
Event: 8.497 GC heap after
{Heap after GC invocations=3 (full 0):
 garbage-first heap   total 129024K, used 14182K [0x0000000083800000, 0x0000000100000000)
  region size 1024K, 10 young (10240K), 10 survivors (10240K)
 Metaspace       used 16325K, committed 16576K, reserved 1114112K
  class space    used 1884K, committed 1984K, reserved 1048576K
}
Event: 10.996 GC heap before
{Heap before GC invocations=3 (full 0):
 garbage-first heap   total 129024K, used 80742K [0x0000000083800000, 0x0000000100000000)
  region size 1024K, 75 young (76800K), 10 survivors (10240K)
 Metaspace       used 16940K, committed 17152K, reserved 1114112K
  class space    used 1887K, committed 1984K, reserved 1048576K
}
Event: 11.035 GC heap after
{Heap after GC invocations=4 (full 0):
 garbage-first heap   total 129024K, used 20790K [0x0000000083800000, 0x0000000100000000)
  region size 1024K, 7 young (7168K), 7 survivors (7168K)
 Metaspace       used 16940K, committed 17152K, reserved 1114112K
  class space    used 1887K, committed 1984K, reserved 1048576K
}

Dll operation events (8 events):
Event: 0.018 Loaded shared library C:\jdk21\bin\java.dll
Event: 0.096 Loaded shared library C:\jdk21\bin\jsvml.dll
Event: 0.134 Loaded shared library C:\jdk21\bin\net.dll
Event: 0.139 Loaded shared library C:\jdk21\bin\nio.dll
Event: 0.155 Loaded shared library C:\jdk21\bin\zip.dll
Event: 0.169 Loaded shared library C:\jdk21\bin\jimage.dll
Event: 1.365 Loaded shared library C:\Users\Ricky Garcia\AppData\Local\Temp\jansi-2.4.0-9c03ef30ccc835f4-jansi.dll
Event: 1.411 Loaded shared library C:\jdk21\bin\verify.dll

Deoptimization events (20 events):
Event: 10.594 Thread 0x000001f77fcc0a90 Uncommon trap: trap_request=0xffffff45 fr.pc=0x000001f712181698 relative=0x00000000000001f8
Event: 10.594 Thread 0x000001f77fcc0a90 Uncommon trap: reason=unstable_if action=reinterpret pc=0x000001f712181698 method=java.lang.String.indexOf(II)I @ 4 c2
Event: 10.594 Thread 0x000001f77fcc0a90 DEOPT PACKING pc=0x000001f712181698 sp=0x0000008bc01fc060
Event: 10.594 Thread 0x000001f77fcc0a90 DEOPT UNPACKING pc=0x000001f711c246a2 sp=0x0000008bc01fbfe8 mode 2
Event: 10.937 Thread 0x000001f77fcc0a90 DEOPT PACKING pc=0x000001f70ae52142 sp=0x0000008bc01fbdf0
Event: 10.938 Thread 0x000001f77fcc0a90 DEOPT UNPACKING pc=0x000001f711c24e42 sp=0x0000008bc01fb290 mode 0
Event: 10.967 Thread 0x000001f77fcc0a90 DEOPT PACKING pc=0x000001f70b015eae sp=0x0000008bc01fc4e0
Event: 10.967 Thread 0x000001f77fcc0a90 DEOPT UNPACKING pc=0x000001f711c24e42 sp=0x0000008bc01fb998 mode 0
Event: 11.357 Thread 0x000001f77fcc0a90 Uncommon trap: trap_request=0xffffff45 fr.pc=0x000001f712330d14 relative=0x0000000000000254
Event: 11.357 Thread 0x000001f77fcc0a90 Uncommon trap: reason=unstable_if action=reinterpret pc=0x000001f712330d14 method=java.util.HashMap.hash(Ljava/lang/Object;)I @ 1 c2
Event: 11.357 Thread 0x000001f77fcc0a90 DEOPT PACKING pc=0x000001f712330d14 sp=0x0000008bc01fd9c0
Event: 11.357 Thread 0x000001f77fcc0a90 DEOPT UNPACKING pc=0x000001f711c246a2 sp=0x0000008bc01fd858 mode 2
Event: 11.358 Thread 0x000001f77fcc0a90 Uncommon trap: trap_request=0xffffff45 fr.pc=0x000001f71232a194 relative=0x0000000000000254
Event: 11.358 Thread 0x000001f77fcc0a90 Uncommon trap: reason=unstable_if action=reinterpret pc=0x000001f71232a194 method=java.util.HashMap.hash(Ljava/lang/Object;)I @ 1 c2
Event: 11.358 Thread 0x000001f77fcc0a90 DEOPT PACKING pc=0x000001f71232a194 sp=0x0000008bc01fd950
Event: 11.358 Thread 0x000001f77fcc0a90 DEOPT UNPACKING pc=0x000001f711c246a2 sp=0x0000008bc01fd858 mode 2
Event: 11.358 Thread 0x000001f77fcc0a90 Uncommon trap: trap_request=0xffffff45 fr.pc=0x000001f712208654 relative=0x00000000000000b4
Event: 11.358 Thread 0x000001f77fcc0a90 Uncommon trap: reason=unstable_if action=reinterpret pc=0x000001f712208654 method=java.util.HashMap.hash(Ljava/lang/Object;)I @ 1 c2
Event: 11.358 Thread 0x000001f77fcc0a90 DEOPT PACKING pc=0x000001f712208654 sp=0x0000008bc01fd8c0
Event: 11.358 Thread 0x000001f77fcc0a90 DEOPT UNPACKING pc=0x000001f711c246a2 sp=0x0000008bc01fd858 mode 2

Classes loaded (20 events):
Event: 6.148 Loading class java/lang/Short$ShortCache
Event: 6.149 Loading class java/lang/Short$ShortCache done
Event: 6.149 Loading class java/lang/Byte$ByteCache
Event: 6.149 Loading class java/lang/Byte$ByteCache done
Event: 6.956 Loading class java/util/stream/MatchOps$MatchKind
Event: 6.956 Loading class java/util/stream/MatchOps$MatchKind done
Event: 6.956 Loading class java/util/stream/MatchOps
Event: 6.957 Loading class java/util/stream/MatchOps done
Event: 6.957 Loading class java/util/stream/MatchOps$MatchOp
Event: 6.959 Loading class java/util/stream/MatchOps$MatchOp done
Event: 6.959 Loading class java/util/stream/MatchOps$BooleanTerminalSink
Event: 6.961 Loading class java/util/stream/MatchOps$BooleanTerminalSink done
Event: 6.962 Loading class java/util/stream/MatchOps$1MatchSink
Event: 6.963 Loading class java/util/stream/MatchOps$1MatchSink done
Event: 7.092 Loading class java/util/LinkedList$LLSpliterator
Event: 7.092 Loading class java/util/LinkedList$LLSpliterator done
Event: 8.957 Loading class java/util/Collections$UnmodifiableList$1
Event: 8.957 Loading class java/util/Collections$UnmodifiableList$1 done
Event: 9.199 Loading class sun/nio/cs/ISO_8859_1$Decoder
Event: 9.200 Loading class sun/nio/cs/ISO_8859_1$Decoder done

Classes unloaded (0 events):
No events

Classes redefined (0 events):
No events

Internal exceptions (20 events):
Event: 4.196 Thread 0x000001f77fcc0a90 Exception <a 'java/lang/NoSuchMethodError'{0x000000008b24aec0}: 'void java.lang.invoke.DirectMethodHandle$Holder.invokeStaticInit(java.lang.Object, java.lang.Object, java.lang.Object)'> (0x000000008b24aec0) 
thrown [s\src\hotspot\share\interpreter\linkResolver.cpp, line 773]
Event: 4.206 Thread 0x000001f77fcc0a90 Exception <a 'java/lang/ExceptionInInitializerError'{0x000000008b275238}> (0x000000008b275238) 
thrown [s\src\hotspot\share\oops\instanceKlass.cpp, line 1180]
Event: 4.332 Thread 0x000001f77fcc0a90 Exception <a 'java/lang/NoSuchMethodError'{0x000000008b18bb00}: 'long java.lang.invoke.DirectMethodHandle$Holder.invokeStatic(java.lang.Object, java.lang.Object, int)'> (0x000000008b18bb00) 
thrown [s\src\hotspot\share\interpreter\linkResolver.cpp, line 773]
Event: 4.335 Thread 0x000001f77fcc0a90 Exception <a 'java/lang/NoSuchMethodError'{0x000000008b19eb98}: 'java.lang.Object java.lang.invoke.DirectMethodHandle$Holder.invokeStatic(java.lang.Object, java.lang.Object, java.lang.Object, java.lang.Object, int)'> (0x000000008b19eb98) 
thrown [s\src\hotspot\share\interpreter\linkResolver.cpp, line 773]
Event: 4.337 Thread 0x000001f77fcc0a90 Exception <a 'java/lang/NoSuchMethodError'{0x000000008b1a6ab0}: 'java.lang.Object java.lang.invoke.DirectMethodHandle$Holder.invokeSpecial(java.lang.Object, java.lang.Object, java.lang.Object, java.lang.Object, long)'> (0x000000008b1a6ab0) 
thrown [s\src\hotspot\share\interpreter\linkResolver.cpp, line 773]
Event: 4.339 Thread 0x000001f77fcc0a90 Exception <a 'java/lang/NoSuchMethodError'{0x000000008b1b25a0}: 'java.lang.Object java.lang.invoke.DirectMethodHandle$Holder.invokeSpecial(java.lang.Object, java.lang.Object, java.lang.Object, int, java.lang.Object)'> (0x000000008b1b25a0) 
thrown [s\src\hotspot\share\interpreter\linkResolver.cpp, line 773]
Event: 4.340 Thread 0x000001f77fcc0a90 Exception <a 'java/lang/NoSuchMethodError'{0x000000008b1ba6c0}: 'int java.lang.invoke.DirectMethodHandle$Holder.invokeSpecial(java.lang.Object, java.lang.Object, java.lang.Object, int)'> (0x000000008b1ba6c0) 
thrown [s\src\hotspot\share\interpreter\linkResolver.cpp, line 773]
Event: 4.349 Thread 0x000001f77fcc0a90 Implicit null exception at 0x000001f7121f0ce0 to 0x000001f7121f0ec4
Event: 4.353 Thread 0x000001f77fcc0a90 Exception <a 'java/lang/NoSuchMethodError'{0x000000008b1df670}: 'java.lang.Object java.lang.invoke.Invokers$Holder.invokeExact_MT(java.lang.Object, int, java.lang.Object)'> (0x000000008b1df670) 
thrown [s\src\hotspot\share\interpreter\linkResolver.cpp, line 773]
Event: 5.123 Thread 0x000001f77fcc0a90 Exception <a 'java/lang/NoSuchMethodError'{0x000000008a84c7a0}: 'void java.lang.invoke.Invokers$Holder.invokeExact_MT(java.lang.Object, java.lang.Object, java.lang.Object, java.lang.Object)'> (0x000000008a84c7a0) 
thrown [s\src\hotspot\share\interpreter\linkResolver.cpp, line 773]
Event: 5.160 Thread 0x000001f77fcc0a90 Exception <a 'java/lang/NoClassDefFoundError'{0x000000008a8e43d0}: com/google/inject/servlet/ServletModuleTargetVisitor> (0x000000008a8e43d0) 
thrown [s\src\hotspot\share\classfile\systemDictionary.cpp, line 301]
Event: 5.369 Thread 0x000001f77fcc0a90 Exception <a 'java/lang/NoSuchMethodError'{0x000000008a6ac738}: 'void java.lang.invoke.DirectMethodHandle$Holder.invokeVirtual(java.lang.Object, java.lang.Object)'> (0x000000008a6ac738) 
thrown [s\src\hotspot\share\interpreter\linkResolver.cpp, line 773]
Event: 5.526 Thread 0x000001f77fcc0a90 Exception <a 'java/lang/NoSuchMethodError'{0x000000008a52dc88}: 'java.lang.Object java.lang.invoke.DirectMethodHandle$Holder.invokeStaticInit(java.lang.Object, int, int, int, int)'> (0x000000008a52dc88) 
thrown [s\src\hotspot\share\interpreter\linkResolver.cpp, line 773]
Event: 5.877 Thread 0x000001f77fcc0a90 Implicit null exception at 0x000001f7121bc624 to 0x000001f7121bccbc
Event: 5.878 Thread 0x000001f77fcc0a90 Implicit null exception at 0x000001f7121b2220 to 0x000001f7121b28bc
Event: 6.169 Thread 0x000001f77fcc0a90 Exception <a 'java/lang/NoSuchMethodError'{0x0000000089eb8c90}: 'void java.lang.invoke.DirectMethodHandle$Holder.invokeVirtual(java.lang.Object, java.lang.Object, int)'> (0x0000000089eb8c90) 
thrown [s\src\hotspot\share\interpreter\linkResolver.cpp, line 773]
Event: 6.170 Thread 0x000001f77fcc0a90 Exception <a 'java/lang/NoSuchMethodError'{0x0000000089ebfc60}: 'void java.lang.invoke.DelegatingMethodHandle$Holder.reinvoke_L(java.lang.Object, java.lang.Object, int)'> (0x0000000089ebfc60) 
thrown [s\src\hotspot\share\interpreter\linkResolver.cpp, line 773]
Event: 11.357 Thread 0x000001f77fcc0a90 Implicit null exception at 0x000001f712330b20 to 0x000001f712330cf8
Event: 11.358 Thread 0x000001f77fcc0a90 Implicit null exception at 0x000001f712329fa0 to 0x000001f71232a178
Event: 11.358 Thread 0x000001f77fcc0a90 Implicit null exception at 0x000001f7122085c0 to 0x000001f712208645

ZGC Phase Switch (0 events):
No events

VM Operations (20 events):
Event: 5.813 Executing VM operation: HandshakeAllThreads (Deoptimize)
Event: 5.813 Executing VM operation: HandshakeAllThreads (Deoptimize) done
Event: 5.937 Executing VM operation: HandshakeAllThreads (Deoptimize)
Event: 5.937 Executing VM operation: HandshakeAllThreads (Deoptimize) done
Event: 5.940 Executing VM operation: HandshakeAllThreads (Deoptimize)
Event: 5.940 Executing VM operation: HandshakeAllThreads (Deoptimize) done
Event: 6.172 Executing VM operation: ICBufferFull
Event: 6.172 Executing VM operation: ICBufferFull done
Event: 6.982 Executing VM operation: ICBufferFull
Event: 6.982 Executing VM operation: ICBufferFull done
Event: 7.507 Executing VM operation: ICBufferFull
Event: 7.507 Executing VM operation: ICBufferFull done
Event: 8.463 Executing VM operation: G1CollectForAllocation (G1 Evacuation Pause)
Event: 8.497 Executing VM operation: G1CollectForAllocation (G1 Evacuation Pause) done
Event: 9.511 Executing VM operation: Cleanup
Event: 9.511 Executing VM operation: Cleanup done
Event: 10.461 Executing VM operation: ICBufferFull
Event: 10.461 Executing VM operation: ICBufferFull done
Event: 10.996 Executing VM operation: G1CollectForAllocation (G1 Evacuation Pause)
Event: 11.035 Executing VM operation: G1CollectForAllocation (G1 Evacuation Pause) done

Events (11 events):
Event: 0.059 Thread 0x000001f77fcc0a90 Thread added: 0x000001f77fcc0a90
Event: 0.090 Thread 0x000001f71ef42400 Thread added: 0x000001f71ef42400
Event: 0.091 Thread 0x000001f71ef45840 Thread added: 0x000001f71ef45840
Event: 0.091 Thread 0x000001f71ef48140 Thread added: 0x000001f71ef48140
Event: 0.091 Thread 0x000001f71ef48ba0 Thread added: 0x000001f71ef48ba0
Event: 0.091 Thread 0x000001f71ef49600 Thread added: 0x000001f71ef49600
Event: 0.091 Thread 0x000001f71ef4a060 Thread added: 0x000001f71ef4a060
Event: 0.091 Thread 0x000001f71ef4cf30 Thread added: 0x000001f71ef4cf30
Event: 0.092 Thread 0x000001f71ef50200 Thread added: 0x000001f71ef50200
Event: 0.122 Thread 0x000001f76424a660 Thread added: 0x000001f76424a660
Event: 0.126 Thread 0x000001f76424ff30 Thread added: 0x000001f76424ff30


Dynamic libraries:
0x00007ff6293f0000 - 0x00007ff6293fe000 	C:\jdk21\bin\java.exe
0x00007ff801d30000 - 0x00007ff801f47000 	C:\WINDOWS\SYSTEM32\ntdll.dll
0x00007ff8003e0000 - 0x00007ff8004a4000 	C:\WINDOWS\System32\KERNEL32.DLL
0x00007fffff340000 - 0x00007fffff6e6000 	C:\WINDOWS\System32\KERNELBASE.dll
0x00007fffff770000 - 0x00007fffff881000 	C:\WINDOWS\System32\ucrtbase.dll
0x00007fffee190000 - 0x00007fffee1a8000 	C:\jdk21\bin\jli.dll
0x00007fffee170000 - 0x00007fffee18b000 	C:\jdk21\bin\VCRUNTIME140.dll
0x00007fffffe40000 - 0x00007ffffffee000 	C:\WINDOWS\System32\USER32.dll
0x00007fffff200000 - 0x00007fffff226000 	C:\WINDOWS\System32\win32u.dll
0x00007fffd4690000 - 0x00007fffd4923000 	C:\WINDOWS\WinSxS\amd64_microsoft.windows.common-controls_6595b64144ccf1df_6.0.22621.2506_none_270c5ae97388e100\COMCTL32.dll
0x00007ff801270000 - 0x00007ff801299000 	C:\WINDOWS\System32\GDI32.dll
0x00007ff801b80000 - 0x00007ff801c27000 	C:\WINDOWS\System32\msvcrt.dll
0x00007fffff950000 - 0x00007fffffa68000 	C:\WINDOWS\System32\gdi32full.dll
0x00007fffff230000 - 0x00007fffff2ca000 	C:\WINDOWS\System32\msvcp_win.dll
0x00007fffffc40000 - 0x00007fffffc71000 	C:\WINDOWS\System32\IMM32.DLL
0x00007ffff8a20000 - 0x00007ffff8a2c000 	C:\jdk21\bin\vcruntime140_1.dll
0x00007fffb2560000 - 0x00007fffb25ee000 	C:\jdk21\bin\msvcp140.dll
0x00007fff5e570000 - 0x00007fff5f2f1000 	C:\jdk21\bin\server\jvm.dll
0x00007ff801c30000 - 0x00007ff801ce3000 	C:\WINDOWS\System32\ADVAPI32.dll
0x00007ff8014c0000 - 0x00007ff801568000 	C:\WINDOWS\System32\sechost.dll
0x00007fffff060000 - 0x00007fffff088000 	C:\WINDOWS\System32\bcrypt.dll
0x00007ff800060000 - 0x00007ff800177000 	C:\WINDOWS\System32\RPCRT4.dll
0x00007fffffa70000 - 0x00007fffffae1000 	C:\WINDOWS\System32\WS2_32.dll
0x00007ffffdea0000 - 0x00007ffffdeed000 	C:\WINDOWS\SYSTEM32\POWRPROF.dll
0x00007ffff6700000 - 0x00007ffff670a000 	C:\WINDOWS\SYSTEM32\VERSION.dll
0x00007ffff69c0000 - 0x00007ffff69f4000 	C:\WINDOWS\SYSTEM32\WINMM.dll
0x00007ffffde80000 - 0x00007ffffde93000 	C:\WINDOWS\SYSTEM32\UMPDC.dll
0x00007ffffe140000 - 0x00007ffffe158000 	C:\WINDOWS\SYSTEM32\kernel.appcore.dll
0x00007ffff8110000 - 0x00007ffff811a000 	C:\jdk21\bin\jimage.dll
0x00007ffffc440000 - 0x00007ffffc673000 	C:\WINDOWS\SYSTEM32\DBGHELP.DLL
0x00007ff800d10000 - 0x00007ff801099000 	C:\WINDOWS\System32\combase.dll
0x00007fffffb60000 - 0x00007fffffc37000 	C:\WINDOWS\System32\OLEAUT32.dll
0x00007fffeec90000 - 0x00007fffeecc2000 	C:\WINDOWS\SYSTEM32\dbgcore.DLL
0x00007fffff6f0000 - 0x00007fffff76a000 	C:\WINDOWS\System32\bcryptPrimitives.dll
0x00007fffe8b10000 - 0x00007fffe8b2f000 	C:\jdk21\bin\java.dll
0x00007ff8004b0000 - 0x00007ff800d0a000 	C:\WINDOWS\System32\SHELL32.dll
0x00007ffffcf70000 - 0x00007ffffd866000 	C:\WINDOWS\SYSTEM32\windows.storage.dll
0x00007ffffce30000 - 0x00007ffffcf6e000 	C:\WINDOWS\SYSTEM32\wintypes.dll
0x00007ff8012c0000 - 0x00007ff8013b3000 	C:\WINDOWS\System32\SHCORE.dll
0x00007ff800000000 - 0x00007ff80005e000 	C:\WINDOWS\System32\shlwapi.dll
0x00007ffffef90000 - 0x00007ffffefb6000 	C:\WINDOWS\SYSTEM32\profapi.dll
0x00007fffb1a40000 - 0x00007fffb1b17000 	C:\jdk21\bin\jsvml.dll
0x00007fffee0d0000 - 0x00007fffee0e0000 	C:\jdk21\bin\net.dll
0x00007ffff7710000 - 0x00007ffff7847000 	C:\WINDOWS\SYSTEM32\WINHTTP.dll
0x00007ffffe5c0000 - 0x00007ffffe629000 	C:\WINDOWS\system32\mswsock.dll
0x00007fffe3ea0000 - 0x00007fffe3eb6000 	C:\jdk21\bin\nio.dll
0x00007fffdd080000 - 0x00007fffdd098000 	C:\jdk21\bin\zip.dll
0x0000000069ac0000 - 0x0000000069ae4000 	C:\Users\Ricky Garcia\AppData\Local\Temp\jansi-2.4.0-9c03ef30ccc835f4-jansi.dll
0x00007fffe6240000 - 0x00007fffe6250000 	C:\jdk21\bin\verify.dll

dbghelp: loaded successfully - version: 4.0.5 - missing functions: none
symbol engine: initialized successfully - sym options: 0x614 - pdb path: .;C:\jdk21\bin;C:\WINDOWS\SYSTEM32;C:\WINDOWS\WinSxS\amd64_microsoft.windows.common-controls_6595b64144ccf1df_6.0.22621.2506_none_270c5ae97388e100;C:\jdk21\bin\server;C:\Users\Ricky Garcia\AppData\Local\Temp

VM Arguments:
jvm_args: -Dmaven.multiModuleProjectDirectory=C:\Users\Ricky Garcia\OneDrive\Escritorio\Arquitectura\2P\cuentas 
java_command: org.apache.maven.wrapper.MavenWrapperMain package -f c:\Users\Ricky Garcia\OneDrive\Escritorio\Arquitectura\2P\cuentas\pom.xml
java_class_path (initial): C:\Users\Ricky Garcia\OneDrive\Escritorio\Arquitectura\2P\cuentas\.mvn\wrapper\maven-wrapper.jar
Launcher Type: SUN_STANDARD

[Global flags]
     intx CICompilerCount                          = 4                                         {product} {ergonomic}
     uint ConcGCThreads                            = 3                                         {product} {ergonomic}
     uint G1ConcRefinementThreads                  = 10                                        {product} {ergonomic}
   size_t G1HeapRegionSize                         = 1048576                                   {product} {ergonomic}
    uintx GCDrainStackTargetSize                   = 64                                        {product} {ergonomic}
   size_t InitialHeapSize                          = 132120576                                 {product} {ergonomic}
   size_t MarkStackSize                            = 4194304                                   {product} {ergonomic}
   size_t MaxHeapSize                              = 2088763392                                {product} {ergonomic}
   size_t MaxNewSize                               = 1253048320                                {product} {ergonomic}
   size_t MinHeapDeltaBytes                        = 1048576                                   {product} {ergonomic}
   size_t MinHeapSize                              = 8388608                                   {product} {ergonomic}
    uintx NonNMethodCodeHeapSize                   = 5839372                                {pd product} {ergonomic}
    uintx NonProfiledCodeHeapSize                  = 122909434                              {pd product} {ergonomic}
    uintx ProfiledCodeHeapSize                     = 122909434                              {pd product} {ergonomic}
    uintx ReservedCodeCacheSize                    = 251658240                              {pd product} {ergonomic}
     bool SegmentedCodeCache                       = true                                      {product} {ergonomic}
   size_t SoftMaxHeapSize                          = 2088763392                             {manageable} {ergonomic}
     bool UseCompressedOops                        = true                           {product lp64_product} {ergonomic}
     bool UseG1GC                                  = true                                      {product} {ergonomic}
     bool UseLargePagesIndividualAllocation        = false                                  {pd product} {ergonomic}

Logging:
Log output configuration:
 #0: stdout all=warning uptime,level,tags foldmultilines=false
 #1: stderr all=off uptime,level,tags foldmultilines=false

Environment Variables:
JAVA_HOME=C:\jdk21\
PATH=C:\jdk21\bin;C:\Windows\system32;C:\Windows;C:\Windows\System32\Wbem;C:\Windows\System32\WindowsPowerShell\v1.0\;C:\Windows\System32\OpenSSH\;C:\Program Files (x86)\NVIDIA Corporation\PhysX\Common;C:\Program Files\NVIDIA Corporation\NVIDIA NvDLISR;C:\WINDOWS\system32;C:\WINDOWS;C:\WINDOWS\System32\Wbem;C:\WINDOWS\System32\WindowsPowerShell\v1.0\;C:\WINDOWS\System32\OpenSSH\;C:\Program Files\Microsoft SQL Server\150\Tools\Binn\;C:\Program Files\Microsoft SQL Server\Client SDK\ODBC\170\Tools\Binn\;C:\Program Files\dotnet\;C:\Program Files (x86)\Microsoft SQL Server\160\Tools\Binn\;C:\Program Files\Microsoft SQL Server\160\Tools\Binn\;C:\Program Files\Microsoft SQL Server\160\DTS\Binn\;C:\Program Files (x86)\Microsoft SQL Server\160\DTS\Binn\;C:\Program Files\Azure Data Studio\bin;C:\Program Files\Git\cmd;C:\Program Files\Git\bin;C:\Program Files\nodejs\;C:\Program Files\Docker\Docker\resources\bin;C:\Users\Ricky Garcia\AppData\Local\Microsoft\WindowsApps;C:\Users\Ricky Garcia\.dotnet\tools;C:\Program Files\Azure Data Studio\bin;C:\Users\Ricky Garcia\AppData\Local\Programs\Microsoft VS Code\bin;C:\Program Files\PostgreSQL\16\bin;C:\Users\Ricky Garcia\AppData\Roaming\npm
USERNAME=RickyGarcia
LANG=en_US.UTF-8
OS=Windows_NT
PROCESSOR_IDENTIFIER=Intel64 Family 6 Model 165 Stepping 2, GenuineIntel
TMP=C:\Users\RICKYG~1\AppData\Local\Temp
TEMP=C:\Users\RICKYG~1\AppData\Local\Temp




Periodic native trim disabled

---------------  S Y S T E M  ---------------

OS:
 Windows 11 , 64 bit Build 22621 (10.0.22621.2506)
OS uptime: 0 days 22:55 hours
Hyper-V role detected

CPU: total 12 (initial active 12) (6 cores per cpu, 2 threads per core) family 6 model 165 stepping 2 microcode 0xf8, cx8, cmov, fxsr, ht, mmx, 3dnowpref, sse, sse2, sse3, ssse3, sse4.1, sse4.2, popcnt, lzcnt, tsc, tscinvbit, avx, avx2, aes, erms, clmul, bmi1, bmi2, adx, fma, vzeroupper, clflush, clflushopt, hv, rdtscp, f16c
Processor Information for all 12 processors :
  Max Mhz: 2496, Current Mhz: 2496, Mhz Limit: 2496

Memory: 4k page, system-wide physical 7967M (27M free)
TotalPageFile size 32543M (AvailPageFile size 2M)
current process WorkingSet (physical memory assigned to process): 179M, peak: 182M
current process commit charge ("private bytes"): 258M, peak: 266M

vm_info: OpenJDK 64-Bit Server VM (21.0.1+12-LTS) for windows-amd64 JRE (21.0.1+12-LTS), built on 2023-10-17T00:00:00Z by "admin" with unknown MS VC++:1937

END.
