#
# There is insufficient memory for the Java Runtime Environment to continue.
# Native memory allocation (malloc) failed to allocate 1001296 bytes for Chunk::new
# Possible reasons:
#   The system is out of physical RAM or swap space
#   The process is running with CompressedOops enabled, and the Java Heap may be blocking the growth of the native heap
# Possible solutions:
#   Reduce memory load on the system
#   Increase physical memory or swap space
#   Check if swap backing store is full
#   Decrease Java heap size (-Xmx/-Xms)
#   Decrease number of Java threads
#   Decrease Java thread stack sizes (-Xss)
#   Set larger code cache with -XX:ReservedCodeCacheSize=
#   JVM is running with Unscaled Compressed Oops mode in which the Java heap is
#     placed in the first 4GB address space. The Java Heap base address is the
#     maximum limit for the native heap growth. Please use -XX:HeapBaseMinAddress
#     to set the Java Heap base and to place the Java Heap above 4GB virtual address.
# This output file may be truncated or incomplete.
#
#  Out of Memory Error (arena.cpp:191), pid=15904, tid=27436
#
# JRE version: OpenJDK Runtime Environment Temurin-17.0.10+7 (17.0.10+7) (build 17.0.10+7)
# Java VM: OpenJDK 64-Bit Server VM Temurin-17.0.10+7 (17.0.10+7, mixed mode, tiered, compressed oops, compressed class ptrs, parallel gc, windows-amd64)
# No core dump will be written. Minidumps are not enabled by default on client versions of Windows
#

---------------  S U M M A R Y ------------

Command Line: --add-modules=ALL-SYSTEM --add-opens=java.base/java.util=ALL-UNNAMED --add-opens=java.base/java.lang=ALL-UNNAMED --add-opens=java.base/sun.nio.fs=ALL-UNNAMED -Declipse.application=org.eclipse.jdt.ls.core.id1 -Dosgi.bundles.defaultStartLevel=4 -Declipse.product=org.eclipse.jdt.ls.core.product -Djava.import.generatesMetadataFilesAtProjectRoot=false -DDetectVMInstallationsJob.disabled=true -Dfile.encoding=utf8 -XX:+UseParallelGC -XX:GCTimeRatio=4 -XX:AdaptiveSizePolicyWeight=90 -Dsun.zip.disableMemoryMapping=true -Xmx1G -Xms100m -Xlog:disable -javaagent:c:\Users\Ricky Garcia\.vscode\extensions\redhat.java-1.27.0-win32-x64\lombok\lombok-1.18.31.jar -XX:+HeapDumpOnOutOfMemoryError -XX:HeapDumpPath=c:\Users\Ricky Garcia\AppData\Roaming\Code\User\workspaceStorage\36ff50f66068c612323d501f14e8d292\redhat.java -Daether.dependencyCollector.impl=bf c:\Users\Ricky Garcia\.vscode\extensions\redhat.java-1.27.0-win32-x64\server\plugins\org.eclipse.equinox.launcher_1.6.700.v20231214-2017.jar -configuration c:\Users\Ricky Garcia\AppData\Roaming\Code\User\globalStorage\redhat.java\1.27.0\config_win -data c:\Users\Ricky Garcia\AppData\Roaming\Code\User\workspaceStorage\36ff50f66068c612323d501f14e8d292\redhat.java\jdt_ws --stdio

Host: Intel(R) Core(TM) i5-10500H CPU @ 2.50GHz, 12 cores, 7G,  Windows 11 , 64 bit Build 22621 (10.0.22621.2506)
Time: Sun Feb 11 20:04:55 2024 SA Pacific Standard Time elapsed time: 25.005103 seconds (0d 0h 0m 25s)

---------------  T H R E A D  ---------------

Current thread (0x00000180775f9690):  JavaThread "C2 CompilerThread0" daemon [_thread_in_native, id=27436, stack(0x00000065cef00000,0x00000065cf000000)]


Current CompileTask:
C2:  25005 8967 %     4       org.eclipse.jdt.internal.core.search.indexing.BinaryIndexer::extractReferenceFromConstantPool @ 321 (351 bytes)

Stack: [0x00000065cef00000,0x00000065cf000000]
Native frames: (J=compiled Java code, j=interpreted, Vv=VM code, C=native code)
V  [jvm.dll+0x67d2c9]
V  [jvm.dll+0x834afa]
V  [jvm.dll+0x8365be]
V  [jvm.dll+0x836c23]
V  [jvm.dll+0x2477ff]
V  [jvm.dll+0xac514]
V  [jvm.dll+0xacb5c]
V  [jvm.dll+0x2aed1f]
V  [jvm.dll+0x584b67]
V  [jvm.dll+0x2228a2]
V  [jvm.dll+0x222c8f]
V  [jvm.dll+0x21bdb6]
V  [jvm.dll+0x219201]
V  [jvm.dll+0x1a502d]
V  [jvm.dll+0x2290de]
V  [jvm.dll+0x2272ac]
V  [jvm.dll+0x7e9bb7]
V  [jvm.dll+0x7e3fba]
V  [jvm.dll+0x67c1b5]
C  [ucrtbase.dll+0x29363]
C  [KERNEL32.DLL+0x1257d]
C  [ntdll.dll+0x5aa58]


---------------  P R O C E S S  ---------------

Threads class SMR info:
_java_thread_list=0x000001807ab1b210, length=37, elements={
0x000001805e610700, 0x0000018072491020, 0x00000180724939f0, 0x0000018072498c50,
0x00000180724998e0, 0x000001807249a570, 0x000001807249dfc0, 0x00000180775f9690,
0x0000018077657950, 0x000001807765d640, 0x0000018077765710, 0x0000018078da9e10,
0x0000018079373050, 0x00000180798a3260, 0x0000018079343380, 0x0000018079d11450,
0x00000180797962b0, 0x00000180796fcdf0, 0x00000180796fa570, 0x00000180796faa80,
0x00000180796fc8e0, 0x00000180796fd300, 0x00000180796fa060, 0x00000180796fb9b0,
0x00000180796fb4a0, 0x00000180796fbec0, 0x000001807bb55900, 0x000001807bb53590,
0x000001807bb56830, 0x000001807bb553f0, 0x000001807bb544c0, 0x000001807bb55e10,
0x000001807bb56320, 0x00000180796fc3d0, 0x00000180796faf90, 0x000001807afb7a40,
0x000001807afb7f50
}

Java Threads: ( => current thread )
  0x000001805e610700 JavaThread "main" [_thread_blocked, id=8740, stack(0x00000065ce600000,0x00000065ce700000)]
  0x0000018072491020 JavaThread "Reference Handler" daemon [_thread_blocked, id=20552, stack(0x00000065ce900000,0x00000065cea00000)]
  0x00000180724939f0 JavaThread "Finalizer" daemon [_thread_blocked, id=22808, stack(0x00000065cea00000,0x00000065ceb00000)]
  0x0000018072498c50 JavaThread "Signal Dispatcher" daemon [_thread_blocked, id=12864, stack(0x00000065ceb00000,0x00000065cec00000)]
  0x00000180724998e0 JavaThread "Attach Listener" daemon [_thread_blocked, id=17852, stack(0x00000065cec00000,0x00000065ced00000)]
  0x000001807249a570 JavaThread "Service Thread" daemon [_thread_blocked, id=19832, stack(0x00000065ced00000,0x00000065cee00000)]
  0x000001807249dfc0 JavaThread "Monitor Deflation Thread" daemon [_thread_blocked, id=24136, stack(0x00000065cee00000,0x00000065cef00000)]
=>0x00000180775f9690 JavaThread "C2 CompilerThread0" daemon [_thread_in_native, id=27436, stack(0x00000065cef00000,0x00000065cf000000)]
  0x0000018077657950 JavaThread "C1 CompilerThread0" daemon [_thread_blocked, id=13072, stack(0x00000065cf000000,0x00000065cf100000)]
  0x000001807765d640 JavaThread "Sweeper thread" daemon [_thread_blocked, id=1200, stack(0x00000065cf100000,0x00000065cf200000)]
  0x0000018077765710 JavaThread "Common-Cleaner" daemon [_thread_blocked, id=3688, stack(0x00000065cf200000,0x00000065cf300000)]
  0x0000018078da9e10 JavaThread "Notification Thread" daemon [_thread_blocked, id=14188, stack(0x00000065cf300000,0x00000065cf400000)]
  0x0000018079373050 JavaThread "Active Thread: Equinox Container: cce9b088-5c26-4059-ba0d-a83a083e0688" [_thread_blocked, id=24016, stack(0x00000065cfb00000,0x00000065cfc00000)]
  0x00000180798a3260 JavaThread "Framework Event Dispatcher: Equinox Container: cce9b088-5c26-4059-ba0d-a83a083e0688" daemon [_thread_blocked, id=6328, stack(0x00000065cfc00000,0x00000065cfd00000)]
  0x0000018079343380 JavaThread "Start Level: Equinox Container: cce9b088-5c26-4059-ba0d-a83a083e0688" daemon [_thread_blocked, id=14388, stack(0x00000065cfd00000,0x00000065cfe00000)]
  0x0000018079d11450 JavaThread "Bundle File Closer" daemon [_thread_blocked, id=25376, stack(0x00000065cff00000,0x00000065d0000000)]
  0x00000180797962b0 JavaThread "SCR Component Actor" daemon [_thread_blocked, id=23484, stack(0x00000065d0000000,0x00000065d0100000)]
  0x00000180796fcdf0 JavaThread "Worker-JM" [_thread_blocked, id=13448, stack(0x00000065d0400000,0x00000065d0500000)]
  0x00000180796fa570 JavaThread "Worker-0: Synchronizing projects" [_thread_blocked, id=1004, stack(0x00000065d0500000,0x00000065d0600000)]
  0x00000180796faa80 JavaThread "Worker-1: Update project cuenta" [_thread_in_native, id=22148, stack(0x00000065d0600000,0x00000065d0700000)]
  0x00000180796fc8e0 JavaThread "Java indexing" daemon [_thread_in_Java, id=25364, stack(0x00000065d0700000,0x00000065d0800000)]
  0x00000180796fd300 JavaThread "Worker-2: Initialize workspace" [_thread_blocked, id=15664, stack(0x00000065d0800000,0x00000065d0900000)]
  0x00000180796fa060 JavaThread "JNA Cleaner" daemon [_thread_blocked, id=20304, stack(0x00000065d0900000,0x00000065d0a00000)]
  0x00000180796fb9b0 JavaThread "pool-2-thread-1" [_thread_blocked, id=2544, stack(0x00000065d0a00000,0x00000065d0b00000)]
  0x00000180796fb4a0 JavaThread "WorkspaceEventsHandler" [_thread_blocked, id=17508, stack(0x00000065d0b00000,0x00000065d0c00000)]
  0x00000180796fbec0 JavaThread "pool-1-thread-1" [_thread_in_native, id=17156, stack(0x00000065d0c00000,0x00000065d0d00000)]
  0x000001807bb55900 JavaThread "Worker-3: Java indexing... " [_thread_blocked, id=21456, stack(0x00000065d0d00000,0x00000065d0e00000)]
  0x000001807bb53590 JavaThread "Worker-4: Initialize Workspace" [_thread_blocked, id=4556, stack(0x00000065d0200000,0x00000065d0300000)]
  0x000001807bb56830 JavaThread "Worker-5: Refreshing workspace" [_thread_blocked, id=19888, stack(0x00000065d0e00000,0x00000065d0f00000)]
  0x000001807bb553f0 JavaThread "Worker-6" [_thread_blocked, id=20732, stack(0x00000065d0f00000,0x00000065d1000000)]
  0x000001807bb544c0 JavaThread "ForkJoinPool.commonPool-worker-1" daemon [_thread_blocked, id=344, stack(0x00000065d1000000,0x00000065d1100000)]
  0x000001807bb55e10 JavaThread "Worker-7" [_thread_blocked, id=16340, stack(0x00000065d1100000,0x00000065d1200000)]
  0x000001807bb56320 JavaThread "Worker-8" [_thread_blocked, id=22204, stack(0x00000065d1200000,0x00000065d1300000)]
  0x00000180796fc3d0 JavaThread "ForkJoinPool.commonPool-worker-2" daemon [_thread_blocked, id=27416, stack(0x00000065d1300000,0x00000065d1400000)]
  0x00000180796faf90 JavaThread "ForkJoinPool.commonPool-worker-3" daemon [_thread_blocked, id=14708, stack(0x00000065d1400000,0x00000065d1500000)]
  0x000001807afb7a40 JavaThread "ForkJoinPool.commonPool-worker-4" daemon [_thread_blocked, id=17828, stack(0x00000065d1500000,0x00000065d1600000)]
  0x000001807afb7f50 JavaThread "ForkJoinPool.commonPool-worker-5" daemon [_thread_blocked, id=26692, stack(0x00000065d1600000,0x00000065d1700000)]

Other Threads:
  0x0000018072387830 VMThread "VM Thread" [stack: 0x00000065ce800000,0x00000065ce900000] [id=9008]
  0x00000180778db540 WatcherThread [stack: 0x00000065cf400000,0x00000065cf500000] [id=9732]
  0x000001805e627360 GCTaskThread "GC Thread#0" [stack: 0x00000065ce700000,0x00000065ce800000] [id=23208]
  0x000001807986cc30 GCTaskThread "GC Thread#1" [stack: 0x00000065cf500000,0x00000065cf600000] [id=17776]
  0x00000180794b14f0 GCTaskThread "GC Thread#2" [stack: 0x00000065cf600000,0x00000065cf700000] [id=1824]
  0x00000180794b17b0 GCTaskThread "GC Thread#3" [stack: 0x00000065cf700000,0x00000065cf800000] [id=27156]
  0x00000180794b1a70 GCTaskThread "GC Thread#4" [stack: 0x00000065cf800000,0x00000065cf900000] [id=8888]
  0x00000180794b1d30 GCTaskThread "GC Thread#5" [stack: 0x00000065cf900000,0x00000065cfa00000] [id=21852]
  0x0000018079868880 GCTaskThread "GC Thread#6" [stack: 0x00000065cfa00000,0x00000065cfb00000] [id=9612]
  0x00000180793f10d0 GCTaskThread "GC Thread#7" [stack: 0x00000065cfe00000,0x00000065cff00000] [id=14224]
  0x0000018079a36a50 GCTaskThread "GC Thread#8" [stack: 0x00000065d0100000,0x00000065d0200000] [id=23716]
  0x0000018079749100 GCTaskThread "GC Thread#9" [stack: 0x00000065d0300000,0x00000065d0400000] [id=13828]

Threads with active compile tasks:
C2 CompilerThread0    25061 8967 %     4       org.eclipse.jdt.internal.core.search.indexing.BinaryIndexer::extractReferenceFromConstantPool @ 321 (351 bytes)

VM state: not at safepoint (normal execution)

VM Mutex/Monitor currently owned by a thread: None

Heap address: 0x00000000c0000000, size: 1024 MB, Compressed Oops mode: 32-bit

CDS archive(s) not mapped
Compressed class space mapped at: 0x0000000100000000-0x0000000140000000, reserved size: 1073741824
Narrow klass base: 0x0000000000000000, Narrow klass shift: 3, Narrow klass range: 0x140000000

GC Precious Log:
 CPUs: 12 total, 12 available
 Memory: 7967M
 Large Page Support: Disabled
 NUMA Support: Disabled
 Compressed Oops: Enabled (32-bit)
 Alignments: Space 512K, Generation 512K, Heap 2M
 Heap Min Capacity: 100M
 Heap Initial Capacity: 100M
 Heap Max Capacity: 1G
 Pre-touch: Disabled
 Parallel Workers: 10

Heap:
 PSYoungGen      total 6144K, used 2992K [0x00000000eab00000, 0x00000000eb280000, 0x0000000100000000)
  eden space 4608K, 35% used [0x00000000eab00000,0x00000000eac980e0,0x00000000eaf80000)
  from space 1536K, 88% used [0x00000000eaf80000,0x00000000eb0d42b0,0x00000000eb100000)
  to   space 1536K, 0% used [0x00000000eb100000,0x00000000eb100000,0x00000000eb280000)
 ParOldGen       total 84992K, used 82367K [0x00000000c0000000, 0x00000000c5300000, 0x00000000eab00000)
  object space 84992K, 96% used [0x00000000c0000000,0x00000000c506fda0,0x00000000c5300000)
 Metaspace       used 58724K, committed 60032K, reserved 1114112K
  class space    used 6281K, committed 6912K, reserved 1048576K

Card table byte_map: [0x000001805dfa0000,0x000001805e1b0000] _byte_map_base: 0x000001805d9a0000

Marking Bits: (ParMarkBitMap*) 0x00007fff5490d7d0
 Begin Bits: [0x00000180702a0000, 0x00000180712a0000)
 End Bits:   [0x00000180712a0000, 0x00000180722a0000)

Polling page: 0x000001805c540000

Metaspace:

Usage:
  Non-class:     51.21 MB used.
      Class:      6.13 MB used.
       Both:     57.35 MB used.

Virtual space:
  Non-class space:       64.00 MB reserved,      51.88 MB ( 81%) committed,  1 nodes.
      Class space:        1.00 GB reserved,       6.75 MB ( <1%) committed,  1 nodes.
             Both:        1.06 GB reserved,      58.62 MB (  5%) committed. 

Chunk freelists:
   Non-Class:  11.85 MB
       Class:  9.23 MB
        Both:  21.09 MB

MaxMetaspaceSize: unlimited
CompressedClassSpaceSize: 1.00 GB
Initial GC threshold: 21.00 MB
Current GC threshold: 95.00 MB
CDS: off
MetaspaceReclaimPolicy: balanced
 - commit_granule_bytes: 65536.
 - commit_granule_words: 8192.
 - virtual_space_node_default_size: 8388608.
 - enlarge_chunks_in_place: 1.
 - new_chunks_are_fully_committed: 0.
 - uncommit_free_chunks: 1.
 - use_allocation_guard: 0.
 - handle_deallocations: 1.


Internal statistics:

num_allocs_failed_limit: 6.
num_arena_births: 842.
num_arena_deaths: 14.
num_vsnodes_births: 2.
num_vsnodes_deaths: 0.
num_space_committed: 938.
num_space_uncommitted: 0.
num_chunks_returned_to_freelist: 20.
num_chunks_taken_from_freelist: 3289.
num_chunk_merges: 11.
num_chunk_splits: 1969.
num_chunks_enlarged: 1071.
num_inconsistent_stats: 0.

CodeHeap 'non-profiled nmethods': size=120000Kb used=3811Kb max_used=3811Kb free=116188Kb
 bounds [0x0000018068d70000, 0x0000018069130000, 0x00000180702a0000]
CodeHeap 'profiled nmethods': size=120000Kb used=16450Kb max_used=16450Kb free=103549Kb
 bounds [0x00000180612a0000, 0x00000180622c0000, 0x00000180687d0000]
CodeHeap 'non-nmethods': size=5760Kb used=1306Kb max_used=1370Kb free=4453Kb
 bounds [0x00000180687d0000, 0x0000018068a40000, 0x0000018068d70000]
 total_blobs=8730 nmethods=8091 adapters=553
 compilation: enabled
              stopped_count=0, restarted_count=0
 full_count=0

Compilation events (20 events):
Event: 24.632 Thread 0x0000018077657950 8964       2       com.google.inject.internal.aop.AbstractGlueGenerator$$Lambda$280/0x0000000100518880::apply (16 bytes)
Event: 24.632 Thread 0x0000018077657950 nmethod 8964 0x00000180622a9c90 code [0x00000180622a9e60, 0x00000180622aa0c8]
Event: 24.633 Thread 0x0000018077657950 8966       2       com.google.common.cache.LocalCache$Segment::copyEntry (88 bytes)
Event: 24.633 Thread 0x0000018077657950 nmethod 8966 0x00000180622aa390 code [0x00000180622aa5a0, 0x00000180622aa8a8]
Event: 24.633 Thread 0x0000018077657950 8965   !   2       com.google.inject.internal.aop.AbstractGlueGenerator::lambda$bindSignaturesToInvokers$0 (18 bytes)
Event: 24.633 Thread 0x0000018077657950 nmethod 8965 0x00000180622aaa90 code [0x00000180622aac60, 0x00000180622aae68]
Event: 24.699 Thread 0x0000018077657950 8969       1       org.eclipse.jdt.internal.compiler.classfmt.RecordComponentInfo::sizeInBytes (5 bytes)
Event: 24.700 Thread 0x0000018077657950 nmethod 8969 0x000001806911c790 code [0x000001806911c920, 0x000001806911c9f8]
Event: 24.749 Thread 0x00000180775f9690 nmethod 8871 0x000001806911ca90 code [0x000001806911d080, 0x0000018069121b80]
Event: 24.752 Thread 0x00000180775f9690 8957       4       org.codehaus.plexus.util.xml.pull.MXParser::nextImpl (1203 bytes)
Event: 24.762 Thread 0x0000018077657950 8975       1       sun.util.calendar.CalendarDate::setLeapYear (6 bytes)
Event: 24.762 Thread 0x0000018077657950 nmethod 8975 0x0000018069124590 code [0x0000018069124720, 0x00000180691247f8]
Event: 24.825 Thread 0x00000180775f9690 nmethod 8957 0x0000018069124890 code [0x0000018069124d00, 0x0000018069126d08]
Event: 24.825 Thread 0x00000180775f9690 8970       4       org.eclipse.jdt.internal.compiler.util.SimpleLookupTable::put (104 bytes)
Event: 24.831 Thread 0x00000180775f9690 nmethod 8970 0x0000018069128410 code [0x00000180691285c0, 0x00000180691289e8]
Event: 24.831 Thread 0x00000180775f9690 8967 %     4       org.eclipse.jdt.internal.core.search.indexing.BinaryIndexer::extractReferenceFromConstantPool @ 321 (351 bytes)
Event: 24.928 Thread 0x0000018077657950 8976       3       org.eclipse.jdt.core.Signature::checkNextChar (42 bytes)
Event: 24.930 Thread 0x0000018077657950 nmethod 8976 0x00000180622ab110 code [0x00000180622ab320, 0x00000180622aba28]
Event: 24.937 Thread 0x0000018077657950 8977       2       org.eclipse.jdt.internal.compiler.classfmt.AnnotationInfo::decodeDefaultValue (871 bytes)
Event: 24.940 Thread 0x0000018077657950 nmethod 8977 0x00000180622abd90 code [0x00000180622ac1c0, 0x00000180622ad8b8]

GC Heap History (20 events):
Event: 24.361 GC heap before
{Heap before GC invocations=59 (full 3):
 PSYoungGen      total 8192K, used 8160K [0x00000000eab00000, 0x00000000eb900000, 0x0000000100000000)
  eden space 6656K, 100% used [0x00000000eab00000,0x00000000eb180000,0x00000000eb180000)
  from space 1536K, 97% used [0x00000000eb480000,0x00000000eb5f8008,0x00000000eb600000)
  to   space 3072K, 0% used [0x00000000eb180000,0x00000000eb180000,0x00000000eb480000)
 ParOldGen       total 84992K, used 69359K [0x00000000c0000000, 0x00000000c5300000, 0x00000000eab00000)
  object space 84992K, 81% used [0x00000000c0000000,0x00000000c43bbe70,0x00000000c5300000)
 Metaspace       used 58111K, committed 59456K, reserved 1114112K
  class space    used 6222K, committed 6848K, reserved 1048576K
}
Event: 24.364 GC heap after
{Heap after GC invocations=59 (full 3):
 PSYoungGen      total 8192K, used 1260K [0x00000000eab00000, 0x00000000eb580000, 0x0000000100000000)
  eden space 6656K, 0% used [0x00000000eab00000,0x00000000eab00000,0x00000000eb180000)
  from space 1536K, 82% used [0x00000000eb180000,0x00000000eb2bb250,0x00000000eb300000)
  to   space 2048K, 0% used [0x00000000eb380000,0x00000000eb380000,0x00000000eb580000)
 ParOldGen       total 84992K, used 70751K [0x00000000c0000000, 0x00000000c5300000, 0x00000000eab00000)
  object space 84992K, 83% used [0x00000000c0000000,0x00000000c4517f60,0x00000000c5300000)
 Metaspace       used 58111K, committed 59456K, reserved 1114112K
  class space    used 6222K, committed 6848K, reserved 1048576K
}
Event: 24.471 GC heap before
{Heap before GC invocations=60 (full 3):
 PSYoungGen      total 8192K, used 7916K [0x00000000eab00000, 0x00000000eb580000, 0x0000000100000000)
  eden space 6656K, 100% used [0x00000000eab00000,0x00000000eb180000,0x00000000eb180000)
  from space 1536K, 82% used [0x00000000eb180000,0x00000000eb2bb250,0x00000000eb300000)
  to   space 2048K, 0% used [0x00000000eb380000,0x00000000eb380000,0x00000000eb580000)
 ParOldGen       total 84992K, used 70751K [0x00000000c0000000, 0x00000000c5300000, 0x00000000eab00000)
  object space 84992K, 83% used [0x00000000c0000000,0x00000000c4517f60,0x00000000c5300000)
 Metaspace       used 58587K, committed 59840K, reserved 1114112K
  class space    used 6267K, committed 6848K, reserved 1048576K
}
Event: 24.474 GC heap after
{Heap after GC invocations=60 (full 3):
 PSYoungGen      total 8192K, used 1077K [0x00000000eab00000, 0x00000000eb500000, 0x0000000100000000)
  eden space 6656K, 0% used [0x00000000eab00000,0x00000000eab00000,0x00000000eb180000)
  from space 1536K, 70% used [0x00000000eb380000,0x00000000eb48d500,0x00000000eb500000)
  to   space 1536K, 0% used [0x00000000eb180000,0x00000000eb180000,0x00000000eb300000)
 ParOldGen       total 84992K, used 71815K [0x00000000c0000000, 0x00000000c5300000, 0x00000000eab00000)
  object space 84992K, 84% used [0x00000000c0000000,0x00000000c4621c40,0x00000000c5300000)
 Metaspace       used 58587K, committed 59840K, reserved 1114112K
  class space    used 6267K, committed 6848K, reserved 1048576K
}
Event: 24.540 GC heap before
{Heap before GC invocations=61 (full 3):
 PSYoungGen      total 8192K, used 7733K [0x00000000eab00000, 0x00000000eb500000, 0x0000000100000000)
  eden space 6656K, 100% used [0x00000000eab00000,0x00000000eb180000,0x00000000eb180000)
  from space 1536K, 70% used [0x00000000eb380000,0x00000000eb48d500,0x00000000eb500000)
  to   space 1536K, 0% used [0x00000000eb180000,0x00000000eb180000,0x00000000eb300000)
 ParOldGen       total 84992K, used 71815K [0x00000000c0000000, 0x00000000c5300000, 0x00000000eab00000)
  object space 84992K, 84% used [0x00000000c0000000,0x00000000c4621c40,0x00000000c5300000)
 Metaspace       used 58666K, committed 59904K, reserved 1114112K
  class space    used 6275K, committed 6848K, reserved 1048576K
}
Event: 24.542 GC heap after
{Heap after GC invocations=61 (full 3):
 PSYoungGen      total 8192K, used 1520K [0x00000000eab00000, 0x00000000eb580000, 0x0000000100000000)
  eden space 6656K, 0% used [0x00000000eab00000,0x00000000eab00000,0x00000000eb180000)
  from space 1536K, 98% used [0x00000000eb180000,0x00000000eb2fc010,0x00000000eb300000)
  to   space 2048K, 0% used [0x00000000eb380000,0x00000000eb380000,0x00000000eb580000)
 ParOldGen       total 84992K, used 72610K [0x00000000c0000000, 0x00000000c5300000, 0x00000000eab00000)
  object space 84992K, 85% used [0x00000000c0000000,0x00000000c46e8a40,0x00000000c5300000)
 Metaspace       used 58666K, committed 59904K, reserved 1114112K
  class space    used 6275K, committed 6848K, reserved 1048576K
}
Event: 24.589 GC heap before
{Heap before GC invocations=62 (full 3):
 PSYoungGen      total 8192K, used 8176K [0x00000000eab00000, 0x00000000eb580000, 0x0000000100000000)
  eden space 6656K, 100% used [0x00000000eab00000,0x00000000eb180000,0x00000000eb180000)
  from space 1536K, 98% used [0x00000000eb180000,0x00000000eb2fc010,0x00000000eb300000)
  to   space 2048K, 0% used [0x00000000eb380000,0x00000000eb380000,0x00000000eb580000)
 ParOldGen       total 84992K, used 72610K [0x00000000c0000000, 0x00000000c5300000, 0x00000000eab00000)
  object space 84992K, 85% used [0x00000000c0000000,0x00000000c46e8a40,0x00000000c5300000)
 Metaspace       used 58705K, committed 60032K, reserved 1114112K
  class space    used 6278K, committed 6912K, reserved 1048576K
}
Event: 24.592 GC heap after
{Heap after GC invocations=62 (full 3):
 PSYoungGen      total 8704K, used 1566K [0x00000000eab00000, 0x00000000eb580000, 0x0000000100000000)
  eden space 6656K, 0% used [0x00000000eab00000,0x00000000eab00000,0x00000000eb180000)
  from space 2048K, 76% used [0x00000000eb380000,0x00000000eb507b28,0x00000000eb580000)
  to   space 2048K, 0% used [0x00000000eb180000,0x00000000eb180000,0x00000000eb380000)
 ParOldGen       total 84992K, used 73949K [0x00000000c0000000, 0x00000000c5300000, 0x00000000eab00000)
  object space 84992K, 87% used [0x00000000c0000000,0x00000000c48374f0,0x00000000c5300000)
 Metaspace       used 58705K, committed 60032K, reserved 1114112K
  class space    used 6278K, committed 6912K, reserved 1048576K
}
Event: 24.650 GC heap before
{Heap before GC invocations=63 (full 3):
 PSYoungGen      total 8704K, used 8222K [0x00000000eab00000, 0x00000000eb580000, 0x0000000100000000)
  eden space 6656K, 100% used [0x00000000eab00000,0x00000000eb180000,0x00000000eb180000)
  from space 2048K, 76% used [0x00000000eb380000,0x00000000eb507b28,0x00000000eb580000)
  to   space 2048K, 0% used [0x00000000eb180000,0x00000000eb180000,0x00000000eb380000)
 ParOldGen       total 84992K, used 73949K [0x00000000c0000000, 0x00000000c5300000, 0x00000000eab00000)
  object space 84992K, 87% used [0x00000000c0000000,0x00000000c48374f0,0x00000000c5300000)
 Metaspace       used 58720K, committed 60032K, reserved 1114112K
  class space    used 6281K, committed 6912K, reserved 1048576K
}
Event: 24.652 GC heap after
{Heap after GC invocations=63 (full 3):
 PSYoungGen      total 8192K, used 1440K [0x00000000eab00000, 0x00000000eb480000, 0x0000000100000000)
  eden space 6656K, 0% used [0x00000000eab00000,0x00000000eab00000,0x00000000eb180000)
  from space 1536K, 93% used [0x00000000eb180000,0x00000000eb2e8000,0x00000000eb300000)
  to   space 1536K, 0% used [0x00000000eb300000,0x00000000eb300000,0x00000000eb480000)
 ParOldGen       total 84992K, used 75350K [0x00000000c0000000, 0x00000000c5300000, 0x00000000eab00000)
  object space 84992K, 88% used [0x00000000c0000000,0x00000000c4995ae0,0x00000000c5300000)
 Metaspace       used 58720K, committed 60032K, reserved 1114112K
  class space    used 6281K, committed 6912K, reserved 1048576K
}
Event: 24.712 GC heap before
{Heap before GC invocations=64 (full 3):
 PSYoungGen      total 8192K, used 8096K [0x00000000eab00000, 0x00000000eb480000, 0x0000000100000000)
  eden space 6656K, 100% used [0x00000000eab00000,0x00000000eb180000,0x00000000eb180000)
  from space 1536K, 93% used [0x00000000eb180000,0x00000000eb2e8000,0x00000000eb300000)
  to   space 1536K, 0% used [0x00000000eb300000,0x00000000eb300000,0x00000000eb480000)
 ParOldGen       total 84992K, used 75350K [0x00000000c0000000, 0x00000000c5300000, 0x00000000eab00000)
  object space 84992K, 88% used [0x00000000c0000000,0x00000000c4995ae0,0x00000000c5300000)
 Metaspace       used 58720K, committed 60032K, reserved 1114112K
  class space    used 6281K, committed 6912K, reserved 1048576K
}
Event: 24.715 GC heap after
{Heap after GC invocations=64 (full 3):
 PSYoungGen      total 6144K, used 1515K [0x00000000eab00000, 0x00000000eb880000, 0x0000000100000000)
  eden space 4608K, 0% used [0x00000000eab00000,0x00000000eab00000,0x00000000eaf80000)
  from space 1536K, 98% used [0x00000000eb300000,0x00000000eb47ae40,0x00000000eb480000)
  to   space 3584K, 0% used [0x00000000eaf80000,0x00000000eaf80000,0x00000000eb300000)
 ParOldGen       total 84992K, used 76684K [0x00000000c0000000, 0x00000000c5300000, 0x00000000eab00000)
  object space 84992K, 90% used [0x00000000c0000000,0x00000000c4ae30b0,0x00000000c5300000)
 Metaspace       used 58720K, committed 60032K, reserved 1114112K
  class space    used 6281K, committed 6912K, reserved 1048576K
}
Event: 24.737 GC heap before
{Heap before GC invocations=65 (full 3):
 PSYoungGen      total 6144K, used 6123K [0x00000000eab00000, 0x00000000eb880000, 0x0000000100000000)
  eden space 4608K, 100% used [0x00000000eab00000,0x00000000eaf80000,0x00000000eaf80000)
  from space 1536K, 98% used [0x00000000eb300000,0x00000000eb47ae40,0x00000000eb480000)
  to   space 3584K, 0% used [0x00000000eaf80000,0x00000000eaf80000,0x00000000eb300000)
 ParOldGen       total 84992K, used 76684K [0x00000000c0000000, 0x00000000c5300000, 0x00000000eab00000)
  object space 84992K, 90% used [0x00000000c0000000,0x00000000c4ae30b0,0x00000000c5300000)
 Metaspace       used 58720K, committed 60032K, reserved 1114112K
  class space    used 6281K, committed 6912K, reserved 1048576K
}
Event: 24.740 GC heap after
{Heap after GC invocations=65 (full 3):
 PSYoungGen      total 6144K, used 1145K [0x00000000eab00000, 0x00000000eb380000, 0x0000000100000000)
  eden space 4608K, 0% used [0x00000000eab00000,0x00000000eab00000,0x00000000eaf80000)
  from space 1536K, 74% used [0x00000000eaf80000,0x00000000eb09e568,0x00000000eb100000)
  to   space 2048K, 0% used [0x00000000eb180000,0x00000000eb180000,0x00000000eb380000)
 ParOldGen       total 84992K, used 78150K [0x00000000c0000000, 0x00000000c5300000, 0x00000000eab00000)
  object space 84992K, 91% used [0x00000000c0000000,0x00000000c4c51820,0x00000000c5300000)
 Metaspace       used 58720K, committed 60032K, reserved 1114112K
  class space    used 6281K, committed 6912K, reserved 1048576K
}
Event: 24.767 GC heap before
{Heap before GC invocations=66 (full 3):
 PSYoungGen      total 6144K, used 5753K [0x00000000eab00000, 0x00000000eb380000, 0x0000000100000000)
  eden space 4608K, 100% used [0x00000000eab00000,0x00000000eaf80000,0x00000000eaf80000)
  from space 1536K, 74% used [0x00000000eaf80000,0x00000000eb09e568,0x00000000eb100000)
  to   space 2048K, 0% used [0x00000000eb180000,0x00000000eb180000,0x00000000eb380000)
 ParOldGen       total 84992K, used 78150K [0x00000000c0000000, 0x00000000c5300000, 0x00000000eab00000)
  object space 84992K, 91% used [0x00000000c0000000,0x00000000c4c51820,0x00000000c5300000)
 Metaspace       used 58720K, committed 60032K, reserved 1114112K
  class space    used 6281K, committed 6912K, reserved 1048576K
}
Event: 24.769 GC heap after
{Heap after GC invocations=66 (full 3):
 PSYoungGen      total 6144K, used 1188K [0x00000000eab00000, 0x00000000eb300000, 0x0000000100000000)
  eden space 4608K, 0% used [0x00000000eab00000,0x00000000eab00000,0x00000000eaf80000)
  from space 1536K, 77% used [0x00000000eb180000,0x00000000eb2a92b0,0x00000000eb300000)
  to   space 1536K, 0% used [0x00000000eaf80000,0x00000000eaf80000,0x00000000eb100000)
 ParOldGen       total 84992K, used 79191K [0x00000000c0000000, 0x00000000c5300000, 0x00000000eab00000)
  object space 84992K, 93% used [0x00000000c0000000,0x00000000c4d55d28,0x00000000c5300000)
 Metaspace       used 58720K, committed 60032K, reserved 1114112K
  class space    used 6281K, committed 6912K, reserved 1048576K
}
Event: 24.891 GC heap before
{Heap before GC invocations=67 (full 3):
 PSYoungGen      total 6144K, used 5796K [0x00000000eab00000, 0x00000000eb300000, 0x0000000100000000)
  eden space 4608K, 100% used [0x00000000eab00000,0x00000000eaf80000,0x00000000eaf80000)
  from space 1536K, 77% used [0x00000000eb180000,0x00000000eb2a92b0,0x00000000eb300000)
  to   space 1536K, 0% used [0x00000000eaf80000,0x00000000eaf80000,0x00000000eb100000)
 ParOldGen       total 84992K, used 79191K [0x00000000c0000000, 0x00000000c5300000, 0x00000000eab00000)
  object space 84992K, 93% used [0x00000000c0000000,0x00000000c4d55d28,0x00000000c5300000)
 Metaspace       used 58720K, committed 60032K, reserved 1114112K
  class space    used 6281K, committed 6912K, reserved 1048576K
}
Event: 24.893 GC heap after
{Heap after GC invocations=67 (full 3):
 PSYoungGen      total 6144K, used 1273K [0x00000000eab00000, 0x00000000eb280000, 0x0000000100000000)
  eden space 4608K, 0% used [0x00000000eab00000,0x00000000eab00000,0x00000000eaf80000)
  from space 1536K, 82% used [0x00000000eaf80000,0x00000000eb0be4e8,0x00000000eb100000)
  to   space 1536K, 0% used [0x00000000eb100000,0x00000000eb100000,0x00000000eb280000)
 ParOldGen       total 84992K, used 80216K [0x00000000c0000000, 0x00000000c5300000, 0x00000000eab00000)
  object space 84992K, 94% used [0x00000000c0000000,0x00000000c4e56128,0x00000000c5300000)
 Metaspace       used 58720K, committed 60032K, reserved 1114112K
  class space    used 6281K, committed 6912K, reserved 1048576K
}
Event: 24.997 GC heap before
{Heap before GC invocations=68 (full 3):
 PSYoungGen      total 6144K, used 5881K [0x00000000eab00000, 0x00000000eb280000, 0x0000000100000000)
  eden space 4608K, 100% used [0x00000000eab00000,0x00000000eaf80000,0x00000000eaf80000)
  from space 1536K, 82% used [0x00000000eaf80000,0x00000000eb0be4e8,0x00000000eb100000)
  to   space 1536K, 0% used [0x00000000eb100000,0x00000000eb100000,0x00000000eb280000)
 ParOldGen       total 84992K, used 80216K [0x00000000c0000000, 0x00000000c5300000, 0x00000000eab00000)
  object space 84992K, 94% used [0x00000000c0000000,0x00000000c4e56128,0x00000000c5300000)
 Metaspace       used 58724K, committed 60032K, reserved 1114112K
  class space    used 6281K, committed 6912K, reserved 1048576K
}
Event: 24.999 GC heap after
{Heap after GC invocations=68 (full 3):
 PSYoungGen      total 6144K, used 1109K [0x00000000eab00000, 0x00000000eb280000, 0x0000000100000000)
  eden space 4608K, 0% used [0x00000000eab00000,0x00000000eab00000,0x00000000eaf80000)
  from space 1536K, 72% used [0x00000000eb100000,0x00000000eb215650,0x00000000eb280000)
  to   space 1536K, 0% used [0x00000000eaf80000,0x00000000eaf80000,0x00000000eb100000)
 ParOldGen       total 84992K, used 81353K [0x00000000c0000000, 0x00000000c5300000, 0x00000000eab00000)
  object space 84992K, 95% used [0x00000000c0000000,0x00000000c4f727d0,0x00000000c5300000)
 Metaspace       used 58724K, committed 60032K, reserved 1114112K
  class space    used 6281K, committed 6912K, reserved 1048576K
}

Dll operation events (10 events):
Event: 0.051 Loaded shared library c:\Users\Ricky Garcia\.vscode\extensions\redhat.java-1.27.0-win32-x64\jre\17.0.10-win32-x86_64\bin\java.dll
Event: 0.512 Loaded shared library c:\Users\Ricky Garcia\.vscode\extensions\redhat.java-1.27.0-win32-x64\jre\17.0.10-win32-x86_64\bin\zip.dll
Event: 0.542 Loaded shared library C:\Users\Ricky Garcia\.vscode\extensions\redhat.java-1.27.0-win32-x64\jre\17.0.10-win32-x86_64\bin\instrument.dll
Event: 0.581 Loaded shared library C:\Users\Ricky Garcia\.vscode\extensions\redhat.java-1.27.0-win32-x64\jre\17.0.10-win32-x86_64\bin\net.dll
Event: 0.584 Loaded shared library C:\Users\Ricky Garcia\.vscode\extensions\redhat.java-1.27.0-win32-x64\jre\17.0.10-win32-x86_64\bin\nio.dll
Event: 0.613 Loaded shared library C:\Users\Ricky Garcia\.vscode\extensions\redhat.java-1.27.0-win32-x64\jre\17.0.10-win32-x86_64\bin\zip.dll
Event: 0.646 Loaded shared library C:\Users\Ricky Garcia\.vscode\extensions\redhat.java-1.27.0-win32-x64\jre\17.0.10-win32-x86_64\bin\jimage.dll
Event: 0.818 Loaded shared library c:\Users\Ricky Garcia\.vscode\extensions\redhat.java-1.27.0-win32-x64\jre\17.0.10-win32-x86_64\bin\verify.dll
Event: 4.406 Loaded shared library C:\Users\Ricky Garcia\AppData\Roaming\Code\User\globalStorage\redhat.java\1.27.0\config_win\org.eclipse.equinox.launcher\org.eclipse.equinox.launcher.win32.win32.x86_64_1.2.900.v20240129-1338\eclipse_11900.dll
Event: 12.648 Loaded shared library C:\Users\Ricky Garcia\AppData\Local\Temp\jna-612083421\jna12853793015027063058.dll

Deoptimization events (20 events):
Event: 24.691 Thread 0x00000180796fc8e0 DEOPT PACKING pc=0x0000018062297c93 sp=0x00000065d07fe760
Event: 24.691 Thread 0x00000180796fc8e0 DEOPT UNPACKING pc=0x0000018068826e43 sp=0x00000065d07fdcc8 mode 0
Event: 24.718 Thread 0x00000180796fc8e0 DEOPT PACKING pc=0x0000018062297c93 sp=0x00000065d07fe760
Event: 24.718 Thread 0x00000180796fc8e0 DEOPT UNPACKING pc=0x0000018068826e43 sp=0x00000065d07fdcc8 mode 0
Event: 24.736 Thread 0x00000180796fc8e0 DEOPT PACKING pc=0x0000018062297c93 sp=0x00000065d07fe760
Event: 24.736 Thread 0x00000180796fc8e0 DEOPT UNPACKING pc=0x0000018068826e43 sp=0x00000065d07fdcc8 mode 0
Event: 24.745 Thread 0x00000180796fc8e0 DEOPT PACKING pc=0x0000018062297c93 sp=0x00000065d07fe760
Event: 24.745 Thread 0x00000180796fc8e0 DEOPT UNPACKING pc=0x0000018068826e43 sp=0x00000065d07fdcc8 mode 0
Event: 24.751 Thread 0x00000180796fc8e0 DEOPT PACKING pc=0x0000018062297c93 sp=0x00000065d07fe760
Event: 24.751 Thread 0x00000180796fc8e0 DEOPT UNPACKING pc=0x0000018068826e43 sp=0x00000065d07fdcc8 mode 0
Event: 24.759 Thread 0x00000180796fc8e0 DEOPT PACKING pc=0x0000018062297c93 sp=0x00000065d07fe760
Event: 24.759 Thread 0x00000180796fc8e0 DEOPT UNPACKING pc=0x0000018068826e43 sp=0x00000065d07fdcc8 mode 0
Event: 24.844 Thread 0x00000180796fc8e0 DEOPT PACKING pc=0x00000180622729d0 sp=0x00000065d07fe8e0
Event: 24.845 Thread 0x00000180796fc8e0 DEOPT UNPACKING pc=0x0000018068826e43 sp=0x00000065d07fded8 mode 0
Event: 24.846 Thread 0x00000180796fc8e0 DEOPT PACKING pc=0x0000018062297c93 sp=0x00000065d07fe760
Event: 24.846 Thread 0x00000180796fc8e0 DEOPT UNPACKING pc=0x0000018068826e43 sp=0x00000065d07fdcc8 mode 0
Event: 24.862 Thread 0x00000180796fc8e0 DEOPT PACKING pc=0x0000018062297c93 sp=0x00000065d07fe760
Event: 24.862 Thread 0x00000180796fc8e0 DEOPT UNPACKING pc=0x0000018068826e43 sp=0x00000065d07fdcc8 mode 0
Event: 24.957 Thread 0x00000180796fc8e0 DEOPT PACKING pc=0x0000018062297c93 sp=0x00000065d07fe760
Event: 24.957 Thread 0x00000180796fc8e0 DEOPT UNPACKING pc=0x0000018068826e43 sp=0x00000065d07fdcc8 mode 0

Classes unloaded (7 events):
Event: 8.147 Thread 0x0000018072387830 Unloading class 0x0000000100250400 'java/lang/invoke/LambdaForm$MH+0x0000000100250400'
Event: 8.147 Thread 0x0000018072387830 Unloading class 0x0000000100250000 'java/lang/invoke/LambdaForm$MH+0x0000000100250000'
Event: 8.147 Thread 0x0000018072387830 Unloading class 0x000000010024bc00 'java/lang/invoke/LambdaForm$MH+0x000000010024bc00'
Event: 8.147 Thread 0x0000018072387830 Unloading class 0x000000010024b800 'java/lang/invoke/LambdaForm$MH+0x000000010024b800'
Event: 8.147 Thread 0x0000018072387830 Unloading class 0x000000010024b400 'java/lang/invoke/LambdaForm$BMH+0x000000010024b400'
Event: 8.147 Thread 0x0000018072387830 Unloading class 0x000000010024b000 'java/lang/invoke/LambdaForm$DMH+0x000000010024b000'
Event: 8.147 Thread 0x0000018072387830 Unloading class 0x0000000100248400 'java/lang/invoke/LambdaForm$DMH+0x0000000100248400'

Classes redefined (0 events):
No events

Internal exceptions (20 events):
Event: 19.976 Thread 0x000001807bb53590 Exception <a 'sun/nio/fs/WindowsException'{0x00000000eb2765b8}> (0x00000000eb2765b8) 
thrown [s\src\hotspot\share\prims\jni.cpp, line 516]
Event: 20.097 Thread 0x00000180796fbec0 Exception <a 'sun/nio/fs/WindowsException'{0x00000000eabb54d8}> (0x00000000eabb54d8) 
thrown [s\src\hotspot\share\prims\jni.cpp, line 516]
Event: 20.139 Thread 0x00000180796fbec0 Exception <a 'sun/nio/fs/WindowsException'{0x00000000eac2cca0}> (0x00000000eac2cca0) 
thrown [s\src\hotspot\share\prims\jni.cpp, line 516]
Event: 20.144 Thread 0x00000180796faa80 Exception <a 'java/lang/NoSuchMethodError'{0x00000000eac38990}: 'java.lang.Object java.lang.invoke.DirectMethodHandle$Holder.invokeInterface(java.lang.Object, java.lang.Object, java.lang.Object, java.lang.Object)'> (0x00000000eac38990) 
thrown [s\src\hotspot\share\interpreter\linkResolver.cpp, line 759]
Event: 20.172 Thread 0x00000180796fbec0 Exception <a 'java/lang/NoSuchMethodError'{0x00000000eacb2678}: 'java.lang.Object java.lang.invoke.DirectMethodHandle$Holder.invokeStatic(java.lang.Object, java.lang.Object, int, java.lang.Object)'> (0x00000000eacb2678) 
thrown [s\src\hotspot\share\interpreter\linkResolver.cpp, line 759]
Event: 20.174 Thread 0x00000180796fbec0 Exception <a 'java/lang/NoSuchMethodError'{0x00000000eacbfa48}: 'java.lang.Object java.lang.invoke.DirectMethodHandle$Holder.newInvokeSpecial(java.lang.Object, java.lang.Object, int)'> (0x00000000eacbfa48) 
thrown [s\src\hotspot\share\interpreter\linkResolver.cpp, line 759]
Event: 21.079 Thread 0x000001807bb553f0 Exception <a 'java/io/FileNotFoundException'{0x00000000eabf2148}> (0x00000000eabf2148) 
thrown [s\src\hotspot\share\prims\jni.cpp, line 516]
Event: 21.080 Thread 0x000001807bb553f0 Exception <a 'java/io/FileNotFoundException'{0x00000000eabf3188}> (0x00000000eabf3188) 
thrown [s\src\hotspot\share\prims\jni.cpp, line 516]
Event: 21.080 Thread 0x000001807bb553f0 Exception <a 'java/io/FileNotFoundException'{0x00000000eabf3f28}> (0x00000000eabf3f28) 
thrown [s\src\hotspot\share\prims\jni.cpp, line 516]
Event: 21.275 Thread 0x000001807bb553f0 Exception <a 'java/io/FileNotFoundException'{0x00000000eb2e9540}> (0x00000000eb2e9540) 
thrown [s\src\hotspot\share\prims\jni.cpp, line 516]
Event: 21.275 Thread 0x000001807bb553f0 Exception <a 'java/io/FileNotFoundException'{0x00000000eb2ea590}> (0x00000000eb2ea590) 
thrown [s\src\hotspot\share\prims\jni.cpp, line 516]
Event: 24.141 Thread 0x00000180796faf90 Exception <a 'java/lang/NoSuchMethodError'{0x00000000eab26e98}: 'java.lang.Object java.lang.invoke.DirectMethodHandle$Holder.invokeInterface(java.lang.Object, java.lang.Object, java.lang.Object)'> (0x00000000eab26e98) 
thrown [s\src\hotspot\share\interpreter\linkResolver.cpp, line 759]
Event: 24.243 Thread 0x00000180796faa80 Exception <a 'java/lang/NoSuchMethodError'{0x00000000ead97000}: 'java.lang.Object java.lang.invoke.DirectMethodHandle$Holder.invokeStatic(java.lang.Object, int, java.lang.Object, java.lang.Object)'> (0x00000000ead97000) 
thrown [s\src\hotspot\share\interpreter\linkResolver.cpp, line 759]
Event: 24.244 Thread 0x00000180796faa80 Exception <a 'java/lang/NoSuchMethodError'{0x00000000ead9ab38}: 'java.lang.Object java.lang.invoke.DelegatingMethodHandle$Holder.delegate(java.lang.Object, int, java.lang.Object, java.lang.Object)'> (0x00000000ead9ab38) 
thrown [s\src\hotspot\share\interpreter\linkResolver.cpp, line 759]
Event: 24.247 Thread 0x00000180796faa80 Exception <a 'java/lang/NoSuchMethodError'{0x00000000eadbd140}: 'int java.lang.invoke.Invokers$Holder.linkToTargetMethod(java.lang.Object, java.lang.Object, java.lang.Object)'> (0x00000000eadbd140) 
thrown [s\src\hotspot\share\interpreter\linkResolver.cpp, line 759]
Event: 24.276 Thread 0x00000180796faa80 Exception <a 'java/lang/NoSuchMethodError'{0x00000000eaeaf1c0}: 'java.lang.Object java.lang.invoke.DirectMethodHandle$Holder.newInvokeSpecial(java.lang.Object, java.lang.Object, java.lang.Object, java.lang.Object, java.lang.Object, java.lang.Object, java.lang.Object, java.lang.Object)'> (0x00000000eaeaf1c0) 
thrown [s\src\hotspot\share\interpreter\linkResolver.cpp, line 759]
Event: 24.278 Thread 0x00000180796faa80 Exception <a 'java/lang/NoSuchMethodError'{0x00000000eaeb3c20}: 'java.lang.Object java.lang.invoke.Invokers$Holder.linkToTargetMethod(java.lang.Object, java.lang.Object, java.lang.Object, java.lang.Object, java.lang.Object, java.lang.Object, java.lang.Object, java.lang.Object)'> (0x00000000eaeb3c20) 
thrown [s\src\hotspot\share\interpreter\linkResolver.cpp, line 759]
Event: 24.286 Thread 0x00000180796faa80 Exception <a 'java/lang/NoSuchMethodError'{0x00000000eaf90598}: 'java.lang.Object java.lang.invoke.DirectMethodHandle$Holder.invokeStatic(java.lang.Object, java.lang.Object, int, java.lang.Object, java.lang.Object)'> (0x00000000eaf90598) 
thrown [s\src\hotspot\share\interpreter\linkResolver.cpp, line 759]
Event: 24.321 Thread 0x00000180796faa80 Exception <a 'java/lang/NoSuchMethodError'{0x00000000eb0c5090}: 'void java.lang.invoke.DirectMethodHandle$Holder.invokeStatic(java.lang.Object, int)'> (0x00000000eb0c5090) 
thrown [s\src\hotspot\share\interpreter\linkResolver.cpp, line 759]
Event: 24.619 Thread 0x00000180796faa80 Exception <a 'java/io/FileNotFoundException'{0x00000000ead43b08}> (0x00000000ead43b08) 
thrown [s\src\hotspot\share\prims\jni.cpp, line 516]

VM Operations (20 events):
Event: 24.457 Executing VM operation: ParallelGCFailedAllocation
Event: 24.477 Executing VM operation: ParallelGCFailedAllocation done
Event: 24.540 Executing VM operation: ParallelGCFailedAllocation
Event: 24.542 Executing VM operation: ParallelGCFailedAllocation done
Event: 24.569 Executing VM operation: HandshakeAllThreads
Event: 24.569 Executing VM operation: HandshakeAllThreads done
Event: 24.589 Executing VM operation: ParallelGCFailedAllocation
Event: 24.592 Executing VM operation: ParallelGCFailedAllocation done
Event: 24.650 Executing VM operation: ParallelGCFailedAllocation
Event: 24.652 Executing VM operation: ParallelGCFailedAllocation done
Event: 24.711 Executing VM operation: ParallelGCFailedAllocation
Event: 24.715 Executing VM operation: ParallelGCFailedAllocation done
Event: 24.737 Executing VM operation: ParallelGCFailedAllocation
Event: 24.740 Executing VM operation: ParallelGCFailedAllocation done
Event: 24.767 Executing VM operation: ParallelGCFailedAllocation
Event: 24.769 Executing VM operation: ParallelGCFailedAllocation done
Event: 24.891 Executing VM operation: ParallelGCFailedAllocation
Event: 24.893 Executing VM operation: ParallelGCFailedAllocation done
Event: 24.997 Executing VM operation: ParallelGCFailedAllocation
Event: 24.999 Executing VM operation: ParallelGCFailedAllocation done

Events (20 events):
Event: 24.035 Thread 0x00000180796fc3d0 Thread added: 0x00000180796fc3d0
Event: 24.035 loading class java/util/concurrent/CompletableFuture$UniExceptionally
Event: 24.036 loading class java/util/concurrent/CompletableFuture$UniExceptionally done
Event: 24.039 Thread 0x00000180796faf90 Thread added: 0x00000180796faf90
Event: 24.040 loading class java/util/HashMap$ValueSpliterator
Event: 24.040 loading class java/util/HashMap$ValueSpliterator done
Event: 24.067 Thread 0x000001807afb7a40 Thread added: 0x000001807afb7a40
Event: 24.070 Thread 0x000001807afb7f50 Thread added: 0x000001807afb7f50
Event: 24.234 loading class java/util/Collections$2
Event: 24.234 loading class java/util/Collections$2 done
Event: 24.237 loading class java/util/AbstractList$RandomAccessSubList
Event: 24.237 loading class java/util/AbstractList$SubList
Event: 24.237 loading class java/util/AbstractList$SubList done
Event: 24.237 loading class java/util/AbstractList$RandomAccessSubList done
Event: 24.238 loading class java/util/AbstractList$ListItr
Event: 24.238 loading class java/util/AbstractList$ListItr done
Event: 24.241 loading class java/util/AbstractList$SubList$1
Event: 24.242 loading class java/util/AbstractList$SubList$1 done
Event: 24.244 loading class java/lang/invoke/MethodHandleImpl$CountingWrapper
Event: 24.245 loading class java/lang/invoke/MethodHandleImpl$CountingWrapper done


Dynamic libraries:
0x00007ff779d00000 - 0x00007ff779d0e000 	c:\Users\Ricky Garcia\.vscode\extensions\redhat.java-1.27.0-win32-x64\jre\17.0.10-win32-x86_64\bin\java.exe
0x00007ff801d30000 - 0x00007ff801f47000 	C:\WINDOWS\SYSTEM32\ntdll.dll
0x00007ff8003e0000 - 0x00007ff8004a4000 	C:\WINDOWS\System32\KERNEL32.DLL
0x00007fffff340000 - 0x00007fffff6e6000 	C:\WINDOWS\System32\KERNELBASE.dll
0x00007fffff770000 - 0x00007fffff881000 	C:\WINDOWS\System32\ucrtbase.dll
0x00007fffd1bd0000 - 0x00007fffd1be7000 	c:\Users\Ricky Garcia\.vscode\extensions\redhat.java-1.27.0-win32-x64\jre\17.0.10-win32-x86_64\bin\jli.dll
0x00007fffffe40000 - 0x00007ffffffee000 	C:\WINDOWS\System32\USER32.dll
0x00007fffff200000 - 0x00007fffff226000 	C:\WINDOWS\System32\win32u.dll
0x00007ff801270000 - 0x00007ff801299000 	C:\WINDOWS\System32\GDI32.dll
0x00007fffff950000 - 0x00007fffffa68000 	C:\WINDOWS\System32\gdi32full.dll
0x00007fffff230000 - 0x00007fffff2ca000 	C:\WINDOWS\System32\msvcp_win.dll
0x00007fffe4790000 - 0x00007fffe47ab000 	c:\Users\Ricky Garcia\.vscode\extensions\redhat.java-1.27.0-win32-x64\jre\17.0.10-win32-x86_64\bin\VCRUNTIME140.dll
0x00007fffd4690000 - 0x00007fffd4923000 	C:\WINDOWS\WinSxS\amd64_microsoft.windows.common-controls_6595b64144ccf1df_6.0.22621.2506_none_270c5ae97388e100\COMCTL32.dll
0x00007ff801b80000 - 0x00007ff801c27000 	C:\WINDOWS\System32\msvcrt.dll
0x00007fffffc40000 - 0x00007fffffc71000 	C:\WINDOWS\System32\IMM32.DLL
0x00007ffffba90000 - 0x00007ffffba9c000 	c:\Users\Ricky Garcia\.vscode\extensions\redhat.java-1.27.0-win32-x64\jre\17.0.10-win32-x86_64\bin\vcruntime140_1.dll
0x00007fffb25f0000 - 0x00007fffb267d000 	c:\Users\Ricky Garcia\.vscode\extensions\redhat.java-1.27.0-win32-x64\jre\17.0.10-win32-x86_64\bin\msvcp140.dll
0x00007fff53d70000 - 0x00007fff549d2000 	c:\Users\Ricky Garcia\.vscode\extensions\redhat.java-1.27.0-win32-x64\jre\17.0.10-win32-x86_64\bin\server\jvm.dll
0x00007ff801c30000 - 0x00007ff801ce3000 	C:\WINDOWS\System32\ADVAPI32.dll
0x00007ff8014c0000 - 0x00007ff801568000 	C:\WINDOWS\System32\sechost.dll
0x00007fffff060000 - 0x00007fffff088000 	C:\WINDOWS\System32\bcrypt.dll
0x00007ff800060000 - 0x00007ff800177000 	C:\WINDOWS\System32\RPCRT4.dll
0x00007ffffdea0000 - 0x00007ffffdeed000 	C:\WINDOWS\SYSTEM32\POWRPROF.dll
0x00007fffdb7d0000 - 0x00007fffdb7d9000 	C:\WINDOWS\SYSTEM32\WSOCK32.dll
0x00007fffffa70000 - 0x00007fffffae1000 	C:\WINDOWS\System32\WS2_32.dll
0x00007ffff69c0000 - 0x00007ffff69f4000 	C:\WINDOWS\SYSTEM32\WINMM.dll
0x00007ffff6700000 - 0x00007ffff670a000 	C:\WINDOWS\SYSTEM32\VERSION.dll
0x00007ffffde80000 - 0x00007ffffde93000 	C:\WINDOWS\SYSTEM32\UMPDC.dll
0x00007ffffe140000 - 0x00007ffffe158000 	C:\WINDOWS\SYSTEM32\kernel.appcore.dll
0x00007fffe51d0000 - 0x00007fffe51da000 	c:\Users\Ricky Garcia\.vscode\extensions\redhat.java-1.27.0-win32-x64\jre\17.0.10-win32-x86_64\bin\jimage.dll
0x00007ffffc440000 - 0x00007ffffc673000 	C:\WINDOWS\SYSTEM32\DBGHELP.DLL
0x00007ff800d10000 - 0x00007ff801099000 	C:\WINDOWS\System32\combase.dll
0x00007fffffb60000 - 0x00007fffffc37000 	C:\WINDOWS\System32\OLEAUT32.dll
0x00007fffeec90000 - 0x00007fffeecc2000 	C:\WINDOWS\SYSTEM32\dbgcore.DLL
0x00007fffff6f0000 - 0x00007fffff76a000 	C:\WINDOWS\System32\bcryptPrimitives.dll
0x00007fffcdac0000 - 0x00007fffcdace000 	c:\Users\Ricky Garcia\.vscode\extensions\redhat.java-1.27.0-win32-x64\jre\17.0.10-win32-x86_64\bin\instrument.dll
0x00007fffccf20000 - 0x00007fffccf45000 	c:\Users\Ricky Garcia\.vscode\extensions\redhat.java-1.27.0-win32-x64\jre\17.0.10-win32-x86_64\bin\java.dll
0x00007fffc68e0000 - 0x00007fffc68f8000 	c:\Users\Ricky Garcia\.vscode\extensions\redhat.java-1.27.0-win32-x64\jre\17.0.10-win32-x86_64\bin\zip.dll
0x00007ff8004b0000 - 0x00007ff800d0a000 	C:\WINDOWS\System32\SHELL32.dll
0x00007ffffcf70000 - 0x00007ffffd866000 	C:\WINDOWS\SYSTEM32\windows.storage.dll
0x00007ffffce30000 - 0x00007ffffcf6e000 	C:\WINDOWS\SYSTEM32\wintypes.dll
0x00007ff8012c0000 - 0x00007ff8013b3000 	C:\WINDOWS\System32\SHCORE.dll
0x00007ff800000000 - 0x00007ff80005e000 	C:\WINDOWS\System32\shlwapi.dll
0x00007ffffef90000 - 0x00007ffffefb6000 	C:\WINDOWS\SYSTEM32\profapi.dll
0x00007fffc68c0000 - 0x00007fffc68d9000 	C:\Users\Ricky Garcia\.vscode\extensions\redhat.java-1.27.0-win32-x64\jre\17.0.10-win32-x86_64\bin\net.dll
0x00007ffff7710000 - 0x00007ffff7847000 	C:\WINDOWS\SYSTEM32\WINHTTP.dll
0x00007ffffe5c0000 - 0x00007ffffe629000 	C:\WINDOWS\system32\mswsock.dll
0x00007fffc21e0000 - 0x00007fffc21f6000 	C:\Users\Ricky Garcia\.vscode\extensions\redhat.java-1.27.0-win32-x64\jre\17.0.10-win32-x86_64\bin\nio.dll
0x00007fffcf060000 - 0x00007fffcf070000 	c:\Users\Ricky Garcia\.vscode\extensions\redhat.java-1.27.0-win32-x64\jre\17.0.10-win32-x86_64\bin\verify.dll
0x00007fffbbf00000 - 0x00007fffbbf3e000 	C:\Users\Ricky Garcia\AppData\Roaming\Code\User\globalStorage\redhat.java\1.27.0\config_win\org.eclipse.equinox.launcher\org.eclipse.equinox.launcher.win32.win32.x86_64_1.2.900.v20240129-1338\eclipse_11900.dll
0x00007ff800180000 - 0x00007ff800320000 	C:\WINDOWS\System32\ole32.dll
0x00007ffffe800000 - 0x00007ffffe81b000 	C:\WINDOWS\SYSTEM32\CRYPTSP.dll
0x00007ffffe0a0000 - 0x00007ffffe0d5000 	C:\WINDOWS\system32\rsaenh.dll
0x00007ffffe680000 - 0x00007ffffe6ac000 	C:\WINDOWS\SYSTEM32\USERENV.dll
0x00007ffffe820000 - 0x00007ffffe82c000 	C:\WINDOWS\SYSTEM32\CRYPTBASE.dll
0x00007ffffdb40000 - 0x00007ffffdb6d000 	C:\WINDOWS\SYSTEM32\IPHLPAPI.DLL
0x00007ff8015c0000 - 0x00007ff8015c9000 	C:\WINDOWS\System32\NSI.dll
0x00007ffff7910000 - 0x00007ffff7929000 	C:\WINDOWS\SYSTEM32\dhcpcsvc6.DLL
0x00007ffff76d0000 - 0x00007ffff76ef000 	C:\WINDOWS\SYSTEM32\dhcpcsvc.DLL
0x00007ffffdb70000 - 0x00007ffffdc69000 	C:\WINDOWS\SYSTEM32\DNSAPI.dll
0x00007fffb3230000 - 0x00007fffb3275000 	C:\Users\Ricky Garcia\AppData\Local\Temp\jna-612083421\jna12853793015027063058.dll
0x00007ff800320000 - 0x00007ff800328000 	C:\WINDOWS\System32\PSAPI.DLL

dbghelp: loaded successfully - version: 4.0.5 - missing functions: none
symbol engine: initialized successfully - sym options: 0x614 - pdb path: .;c:\Users\Ricky Garcia\.vscode\extensions\redhat.java-1.27.0-win32-x64\jre\17.0.10-win32-x86_64\bin;C:\WINDOWS\SYSTEM32;C:\WINDOWS\WinSxS\amd64_microsoft.windows.common-controls_6595b64144ccf1df_6.0.22621.2506_none_270c5ae97388e100;c:\Users\Ricky Garcia\.vscode\extensions\redhat.java-1.27.0-win32-x64\jre\17.0.10-win32-x86_64\bin\server;C:\Users\Ricky Garcia\AppData\Roaming\Code\User\globalStorage\redhat.java\1.27.0\config_win\org.eclipse.equinox.launcher\org.eclipse.equinox.launcher.win32.win32.x86_64_1.2.900.v20240129-1338;C:\Users\Ricky Garcia\AppData\Local\Temp\jna-612083421

VM Arguments:
jvm_args: --add-modules=ALL-SYSTEM --add-opens=java.base/java.util=ALL-UNNAMED --add-opens=java.base/java.lang=ALL-UNNAMED --add-opens=java.base/sun.nio.fs=ALL-UNNAMED -Declipse.application=org.eclipse.jdt.ls.core.id1 -Dosgi.bundles.defaultStartLevel=4 -Declipse.product=org.eclipse.jdt.ls.core.product -Djava.import.generatesMetadataFilesAtProjectRoot=false -DDetectVMInstallationsJob.disabled=true -Dfile.encoding=utf8 -XX:+UseParallelGC -XX:GCTimeRatio=4 -XX:AdaptiveSizePolicyWeight=90 -Dsun.zip.disableMemoryMapping=true -Xmx1G -Xms100m -Xlog:disable -javaagent:c:\Users\Ricky Garcia\.vscode\extensions\redhat.java-1.27.0-win32-x64\lombok\lombok-1.18.31.jar -XX:+HeapDumpOnOutOfMemoryError -XX:HeapDumpPath=c:\Users\Ricky Garcia\AppData\Roaming\Code\User\workspaceStorage\36ff50f66068c612323d501f14e8d292\redhat.java -Daether.dependencyCollector.impl=bf 
java_command: c:\Users\Ricky Garcia\.vscode\extensions\redhat.java-1.27.0-win32-x64\server\plugins\org.eclipse.equinox.launcher_1.6.700.v20231214-2017.jar -configuration c:\Users\Ricky Garcia\AppData\Roaming\Code\User\globalStorage\redhat.java\1.27.0\config_win -data c:\Users\Ricky Garcia\AppData\Roaming\Code\User\workspaceStorage\36ff50f66068c612323d501f14e8d292\redhat.java\jdt_ws --stdio
java_class_path (initial): c:\Users\Ricky Garcia\.vscode\extensions\redhat.java-1.27.0-win32-x64\server\plugins\org.eclipse.equinox.launcher_1.6.700.v20231214-2017.jar
Launcher Type: SUN_STANDARD

[Global flags]
    uintx AdaptiveSizePolicyWeight                 = 90                                        {product} {command line}
     intx CICompilerCount                          = 4                                         {product} {ergonomic}
    uintx GCTimeRatio                              = 4                                         {product} {command line}
     bool HeapDumpOnOutOfMemoryError               = true                                   {manageable} {command line}
    ccstr HeapDumpPath                             = c:\Users\Ricky Garcia\AppData\Roaming\Code\User\workspaceStorage\36ff50f66068c612323d501f14e8d292\redhat.java         {manageable} {command line}
   size_t InitialHeapSize                          = 104857600                                 {product} {command line}
   size_t MaxHeapSize                              = 1073741824                                {product} {command line}
   size_t MaxNewSize                               = 357564416                                 {product} {ergonomic}
   size_t MinHeapDeltaBytes                        = 524288                                    {product} {ergonomic}
   size_t MinHeapSize                              = 104857600                                 {product} {command line}
   size_t NewSize                                  = 34603008                                  {product} {ergonomic}
    uintx NonNMethodCodeHeapSize                   = 5839372                                {pd product} {ergonomic}
    uintx NonProfiledCodeHeapSize                  = 122909434                              {pd product} {ergonomic}
   size_t OldSize                                  = 70254592                                  {product} {ergonomic}
    uintx ProfiledCodeHeapSize                     = 122909434                              {pd product} {ergonomic}
    uintx ReservedCodeCacheSize                    = 251658240                              {pd product} {ergonomic}
     bool SegmentedCodeCache                       = true                                      {product} {ergonomic}
   size_t SoftMaxHeapSize                          = 1073741824                             {manageable} {ergonomic}
     bool UseCompressedClassPointers               = true                           {product lp64_product} {ergonomic}
     bool UseCompressedOops                        = true                           {product lp64_product} {ergonomic}
     bool UseLargePagesIndividualAllocation        = false                                  {pd product} {ergonomic}
     bool UseParallelGC                            = true                                      {product} {command line}

Logging:
Log output configuration:
 #0: stdout all=off uptime,level,tags
 #1: stderr all=off uptime,level,tags

Environment Variables:
JAVA_HOME=C:\jdk21\
PATH=C:\jdk21\bin;C:\Windows\system32;C:\Windows;C:\Windows\System32\Wbem;C:\Windows\System32\WindowsPowerShell\v1.0\;C:\Windows\System32\OpenSSH\;C:\Program Files (x86)\NVIDIA Corporation\PhysX\Common;C:\Program Files\NVIDIA Corporation\NVIDIA NvDLISR;C:\WINDOWS\system32;C:\WINDOWS;C:\WINDOWS\System32\Wbem;C:\WINDOWS\System32\WindowsPowerShell\v1.0\;C:\WINDOWS\System32\OpenSSH\;C:\Program Files\Microsoft SQL Server\150\Tools\Binn\;C:\Program Files\Microsoft SQL Server\Client SDK\ODBC\170\Tools\Binn\;C:\Program Files\dotnet\;C:\Program Files (x86)\Microsoft SQL Server\160\Tools\Binn\;C:\Program Files\Microsoft SQL Server\160\Tools\Binn\;C:\Program Files\Microsoft SQL Server\160\DTS\Binn\;C:\Program Files (x86)\Microsoft SQL Server\160\DTS\Binn\;C:\Program Files\Azure Data Studio\bin;C:\Program Files\Git\cmd;C:\Program Files\Git\bin;C:\Program Files\nodejs\;C:\Program Files\Docker\Docker\resources\bin;C:\Users\Ricky Garcia\AppData\Local\Microsoft\WindowsApps;C:\Users\Ricky Garcia\.dotnet\tools;C:\Program Files\Azure Data Studio\bin;C:\Users\Ricky Garcia\AppData\Local\Programs\Microsoft VS Code\bin;C:\Program Files\PostgreSQL\16\bin;C:\Users\Ricky Garcia\AppData\Roaming\npm
USERNAME=RickyGarcia
OS=Windows_NT
PROCESSOR_IDENTIFIER=Intel64 Family 6 Model 165 Stepping 2, GenuineIntel
TMP=C:\Users\RICKYG~1\AppData\Local\Temp
TEMP=C:\Users\RICKYG~1\AppData\Local\Temp



Periodic native trim disabled


---------------  S Y S T E M  ---------------

OS:
 Windows 11 , 64 bit Build 22621 (10.0.22621.2506)
OS uptime: 0 days 22:55 hours
Hyper-V role detected

CPU: total 12 (initial active 12) (6 cores per cpu, 2 threads per core) family 6 model 165 stepping 2 microcode 0xf8, cx8, cmov, fxsr, ht, mmx, 3dnowpref, sse, sse2, sse3, ssse3, sse4.1, sse4.2, popcnt, lzcnt, tsc, tscinvbit, avx, avx2, aes, erms, clmul, bmi1, bmi2, adx, fma, vzeroupper, clflush, clflushopt, hv
Processor Information for all 12 processors :
  Max Mhz: 2496, Current Mhz: 2496, Mhz Limit: 2496

Memory: 4k page, system-wide physical 7967M (26M free)
TotalPageFile size 32543M (AvailPageFile size 2M)
current process WorkingSet (physical memory assigned to process): 232M, peak: 242M
current process commit charge ("private bytes"): 298M, peak: 306M

vm_info: OpenJDK 64-Bit Server VM (17.0.10+7) for windows-amd64 JRE (17.0.10+7), built on Jan 16 2024 23:25:11 by "admin" with MS VC++ 16.10 / 16.11 (VS2019)

END.
