#
# There is insufficient memory for the Java Runtime Environment to continue.
# Native memory allocation (malloc) failed to allocate 3562960 bytes for Chunk::new
# Possible reasons:
#   The system is out of physical RAM or swap space
#   The process is running with CompressedOops enabled, and the Java Heap may be blocking the growth of the native heap
# Possible solutions:
#   Reduce memory load on the system
#   Increase physical memory or swap space
#   Check if swap backing store is full
#   Decrease Java heap size (-Xmx/-Xms)
#   Decrease number of Java threads
#   Decrease Java thread stack sizes (-Xss)
#   Set larger code cache with -XX:ReservedCodeCacheSize=
#   JVM is running with Unscaled Compressed Oops mode in which the Java heap is
#     placed in the first 4GB address space. The Java Heap base address is the
#     maximum limit for the native heap growth. Please use -XX:HeapBaseMinAddress
#     to set the Java Heap base and to place the Java Heap above 4GB virtual address.
# This output file may be truncated or incomplete.
#
#  Out of Memory Error (arena.cpp:191), pid=15332, tid=24936
#
# JRE version: OpenJDK Runtime Environment Temurin-17.0.10+7 (17.0.10+7) (build 17.0.10+7)
# Java VM: OpenJDK 64-Bit Server VM Temurin-17.0.10+7 (17.0.10+7, mixed mode, tiered, compressed oops, compressed class ptrs, parallel gc, windows-amd64)
# No core dump will be written. Minidumps are not enabled by default on client versions of Windows
#

---------------  S U M M A R Y ------------

Command Line: --add-modules=ALL-SYSTEM --add-opens=java.base/java.util=ALL-UNNAMED --add-opens=java.base/java.lang=ALL-UNNAMED --add-opens=java.base/sun.nio.fs=ALL-UNNAMED -Declipse.application=org.eclipse.jdt.ls.core.id1 -Dosgi.bundles.defaultStartLevel=4 -Declipse.product=org.eclipse.jdt.ls.core.product -Djava.import.generatesMetadataFilesAtProjectRoot=false -DDetectVMInstallationsJob.disabled=true -Dfile.encoding=utf8 -XX:+UseParallelGC -XX:GCTimeRatio=4 -XX:AdaptiveSizePolicyWeight=90 -Dsun.zip.disableMemoryMapping=true -Xmx1G -Xms100m -Xlog:disable -javaagent:c:\Users\Ricky Garcia\.vscode\extensions\redhat.java-1.27.0-win32-x64\lombok\lombok-1.18.31.jar -XX:+HeapDumpOnOutOfMemoryError -XX:HeapDumpPath=c:\Users\Ricky Garcia\AppData\Roaming\Code\User\workspaceStorage\36ff50f66068c612323d501f14e8d292\redhat.java -Daether.dependencyCollector.impl=bf c:\Users\Ricky Garcia\.vscode\extensions\redhat.java-1.27.0-win32-x64\server\plugins\org.eclipse.equinox.launcher_1.6.700.v20231214-2017.jar -configuration c:\Users\Ricky Garcia\AppData\Roaming\Code\User\globalStorage\redhat.java\1.27.0\config_win -data c:\Users\Ricky Garcia\AppData\Roaming\Code\User\workspaceStorage\36ff50f66068c612323d501f14e8d292\redhat.java\jdt_ws --stdio

Host: Intel(R) Core(TM) i5-10500H CPU @ 2.50GHz, 12 cores, 7G,  Windows 11 , 64 bit Build 22621 (10.0.22621.2506)
Time: Sun Feb 11 20:05:17 2024 SA Pacific Standard Time elapsed time: 21.264239 seconds (0d 0h 0m 21s)

---------------  T H R E A D  ---------------

Current thread (0x000001aebfa4cf20):  JavaThread "C2 CompilerThread0" daemon [_thread_in_native, id=24936, stack(0x0000000423300000,0x0000000423400000)]


Current CompileTask:
C2:  21264 9919       4       org.lombokweb.asm.ClassReader::readMethod (1066 bytes)

Stack: [0x0000000423300000,0x0000000423400000]
Native frames: (J=compiled Java code, j=interpreted, Vv=VM code, C=native code)
V  [jvm.dll+0x67d2c9]
V  [jvm.dll+0x834afa]
V  [jvm.dll+0x8365be]
V  [jvm.dll+0x836c23]
V  [jvm.dll+0x2477ff]
V  [jvm.dll+0xac514]
V  [jvm.dll+0xacb5c]
V  [jvm.dll+0x3667d7]
V  [jvm.dll+0x1bcf72]
V  [jvm.dll+0x21a049]
V  [jvm.dll+0x219311]
V  [jvm.dll+0x1a502d]
V  [jvm.dll+0x2290de]
V  [jvm.dll+0x2272ac]
V  [jvm.dll+0x7e9bb7]
V  [jvm.dll+0x7e3fba]
V  [jvm.dll+0x67c1b5]
C  [ucrtbase.dll+0x29363]
C  [KERNEL32.DLL+0x1257d]
C  [ntdll.dll+0x5aa58]


---------------  P R O C E S S  ---------------

Threads class SMR info:
_java_thread_list=0x000001aec41dd3a0, length=40, elements={
0x000001aea6a515f0, 0x000001aeba8d4010, 0x000001aeba8d6190, 0x000001aebfa46650,
0x000001aebfa47020, 0x000001aebfa4b900, 0x000001aebfa4c1d0, 0x000001aebfa4cf20,
0x000001aebfa5b7a0, 0x000001aebfa640a0, 0x000001aea6ab0e10, 0x000001aec11b8090,
0x000001aec1c113b0, 0x000001aec1779cd0, 0x000001aec1fa9680, 0x000001aec21d3810,
0x000001aec21f6280, 0x000001aec1b03a30, 0x000001aec1b04450, 0x000001aec1b03010,
0x000001aec1b03f40, 0x000001aec1b04960, 0x000001aec1b020e0, 0x000001aec1b05380,
0x000001aec1b05890, 0x000001aec1b025f0, 0x000001aec31112b0, 0x000001aec31126f0,
0x000001aec310ea30, 0x000001aec3111cd0, 0x000001aec3114040, 0x000001aec3112c00,
0x000001aec310f960, 0x000001aec310d5f0, 0x000001aec310e520, 0x000001aec3113110,
0x000001aec310f450, 0x000001aec3114f70, 0x000001aec3110890, 0x000001aec3113620
}

Java Threads: ( => current thread )
  0x000001aea6a515f0 JavaThread "main" [_thread_blocked, id=18576, stack(0x0000000422a00000,0x0000000422b00000)]
  0x000001aeba8d4010 JavaThread "Reference Handler" daemon [_thread_blocked, id=25652, stack(0x0000000422d00000,0x0000000422e00000)]
  0x000001aeba8d6190 JavaThread "Finalizer" daemon [_thread_blocked, id=12964, stack(0x0000000422e00000,0x0000000422f00000)]
  0x000001aebfa46650 JavaThread "Signal Dispatcher" daemon [_thread_blocked, id=14656, stack(0x0000000422f00000,0x0000000423000000)]
  0x000001aebfa47020 JavaThread "Attach Listener" daemon [_thread_blocked, id=23132, stack(0x0000000423000000,0x0000000423100000)]
  0x000001aebfa4b900 JavaThread "Service Thread" daemon [_thread_blocked, id=8528, stack(0x0000000423100000,0x0000000423200000)]
  0x000001aebfa4c1d0 JavaThread "Monitor Deflation Thread" daemon [_thread_blocked, id=12728, stack(0x0000000423200000,0x0000000423300000)]
=>0x000001aebfa4cf20 JavaThread "C2 CompilerThread0" daemon [_thread_in_native, id=24936, stack(0x0000000423300000,0x0000000423400000)]
  0x000001aebfa5b7a0 JavaThread "C1 CompilerThread0" daemon [_thread_in_vm, id=16820, stack(0x0000000423400000,0x0000000423500000)]
  0x000001aebfa640a0 JavaThread "Sweeper thread" daemon [_thread_blocked, id=3880, stack(0x0000000423500000,0x0000000423600000)]
  0x000001aea6ab0e10 JavaThread "Common-Cleaner" daemon [_thread_blocked, id=22612, stack(0x0000000423600000,0x0000000423700000)]
  0x000001aec11b8090 JavaThread "Notification Thread" daemon [_thread_blocked, id=27524, stack(0x0000000423700000,0x0000000423800000)]
  0x000001aec1c113b0 JavaThread "Active Thread: Equinox Container: 0ddcfeec-30a4-49ca-a9f6-53738ac3e732" [_thread_blocked, id=26788, stack(0x0000000423f00000,0x0000000424000000)]
  0x000001aec1779cd0 JavaThread "Framework Event Dispatcher: Equinox Container: 0ddcfeec-30a4-49ca-a9f6-53738ac3e732" daemon [_thread_blocked, id=7460, stack(0x0000000424000000,0x0000000424100000)]
  0x000001aec1fa9680 JavaThread "Start Level: Equinox Container: 0ddcfeec-30a4-49ca-a9f6-53738ac3e732" daemon [_thread_blocked, id=27088, stack(0x0000000424100000,0x0000000424200000)]
  0x000001aec21d3810 JavaThread "Bundle File Closer" daemon [_thread_blocked, id=19872, stack(0x0000000424300000,0x0000000424400000)]
  0x000001aec21f6280 JavaThread "SCR Component Actor" daemon [_thread_blocked, id=16896, stack(0x0000000424400000,0x0000000424500000)]
  0x000001aec1b03a30 JavaThread "Worker-JM" [_thread_blocked, id=328, stack(0x0000000424800000,0x0000000424900000)]
  0x000001aec1b04450 JavaThread "Worker-0: Java indexing... " [_thread_blocked, id=18756, stack(0x0000000424900000,0x0000000424a00000)]
  0x000001aec1b03010 JavaThread "Worker-1" [_thread_blocked, id=23504, stack(0x0000000424a00000,0x0000000424b00000)]
  0x000001aec1b03f40 JavaThread "Java indexing" daemon [_thread_blocked, id=14436, stack(0x0000000424b00000,0x0000000424c00000)]
  0x000001aec1b04960 JavaThread "Worker-2" [_thread_blocked, id=24136, stack(0x0000000424c00000,0x0000000424d00000)]
  0x000001aec1b020e0 JavaThread "JNA Cleaner" daemon [_thread_blocked, id=17200, stack(0x0000000424d00000,0x0000000424e00000)]
  0x000001aec1b05380 JavaThread "pool-2-thread-1" [_thread_blocked, id=17744, stack(0x0000000424e00000,0x0000000424f00000)]
  0x000001aec1b05890 JavaThread "WorkspaceEventsHandler" [_thread_blocked, id=11580, stack(0x0000000424f00000,0x0000000425000000)]
  0x000001aec1b025f0 JavaThread "pool-1-thread-1" [_thread_in_native, id=2576, stack(0x0000000425000000,0x0000000425100000)]
  0x000001aec31112b0 JavaThread "Worker-3: Update project cuenta" [_thread_blocked, id=24704, stack(0x0000000425100000,0x0000000425200000)]
  0x000001aec31126f0 JavaThread "Worker-4: Synchronizing projects" [_thread_blocked, id=1480, stack(0x0000000425200000,0x0000000425300000)]
  0x000001aec310ea30 JavaThread "Worker-5: Initialize workspace" [_thread_blocked, id=3928, stack(0x0000000424600000,0x0000000424700000)]
  0x000001aec3111cd0 JavaThread "ForkJoinPool.commonPool-worker-1" daemon [_thread_blocked, id=25740, stack(0x0000000425300000,0x0000000425400000)]
  0x000001aec3114040 JavaThread "Worker-6: Refreshing workspace" [_thread_blocked, id=18316, stack(0x0000000425400000,0x0000000425500000)]
  0x000001aec3112c00 JavaThread "ForkJoinPool.commonPool-worker-2" daemon [_thread_blocked, id=12412, stack(0x0000000425500000,0x0000000425600000)]
  0x000001aec310f960 JavaThread "ForkJoinPool.commonPool-worker-3" daemon [_thread_blocked, id=3156, stack(0x0000000425600000,0x0000000425700000)]
  0x000001aec310d5f0 JavaThread "Worker-7" [_thread_blocked, id=1156, stack(0x0000000425700000,0x0000000425800000)]
  0x000001aec310e520 JavaThread "ForkJoinPool.commonPool-worker-4" daemon [_thread_blocked, id=12948, stack(0x0000000425800000,0x0000000425900000)]
  0x000001aec3113110 JavaThread "ForkJoinPool.commonPool-worker-5" daemon [_thread_blocked, id=13248, stack(0x0000000425900000,0x0000000425a00000)]
  0x000001aec310f450 JavaThread "ForkJoinPool.commonPool-worker-6" daemon [_thread_blocked, id=14748, stack(0x0000000425a00000,0x0000000425b00000)]
  0x000001aec3114f70 JavaThread "ForkJoinPool.commonPool-worker-7" daemon [_thread_blocked, id=24468, stack(0x0000000425b00000,0x0000000425c00000)]
  0x000001aec3110890 JavaThread "ForkJoinPool.commonPool-worker-8" daemon [_thread_blocked, id=13936, stack(0x0000000425c00000,0x0000000425d00000)]
  0x000001aec3113620 JavaThread "ForkJoinPool.commonPool-worker-9" daemon [_thread_blocked, id=17648, stack(0x0000000425d00000,0x0000000425e00000)]

Other Threads:
  0x000001aeba8c1a80 VMThread "VM Thread" [stack: 0x0000000422c00000,0x0000000422d00000] [id=23736]
  0x000001aec11b8570 WatcherThread [stack: 0x0000000423800000,0x0000000423900000] [id=18224]
  0x000001aea6a65b60 GCTaskThread "GC Thread#0" [stack: 0x0000000422b00000,0x0000000422c00000] [id=13780]
  0x000001aec191fc80 GCTaskThread "GC Thread#1" [stack: 0x0000000423900000,0x0000000423a00000] [id=15872]
  0x000001aec16782d0 GCTaskThread "GC Thread#2" [stack: 0x0000000423a00000,0x0000000423b00000] [id=25136]
  0x000001aec1678590 GCTaskThread "GC Thread#3" [stack: 0x0000000423b00000,0x0000000423c00000] [id=26300]
  0x000001aec1678850 GCTaskThread "GC Thread#4" [stack: 0x0000000423c00000,0x0000000423d00000] [id=23780]
  0x000001aec1678b10 GCTaskThread "GC Thread#5" [stack: 0x0000000423d00000,0x0000000423e00000] [id=13548]
  0x000001aec1678dd0 GCTaskThread "GC Thread#6" [stack: 0x0000000423e00000,0x0000000423f00000] [id=16716]
  0x000001aec1bbccd0 GCTaskThread "GC Thread#7" [stack: 0x0000000424200000,0x0000000424300000] [id=18424]
  0x000001aec1f92c10 GCTaskThread "GC Thread#8" [stack: 0x0000000424500000,0x0000000424600000] [id=26552]
  0x000001aec2203580 GCTaskThread "GC Thread#9" [stack: 0x0000000424700000,0x0000000424800000] [id=20248]

Threads with active compile tasks:
C2 CompilerThread0    21346 9919       4       org.lombokweb.asm.ClassReader::readMethod (1066 bytes)
C1 CompilerThread0    21346 10545       3       org.eclipse.jdt.core.Signature::encodeTypeSignature (908 bytes)

VM state: not at safepoint (normal execution)

VM Mutex/Monitor currently owned by a thread:  ([mutex/lock_event])
[0x000001aea6a4d440] Heap_lock - owner thread: 0x000001aec1b03f40

Heap address: 0x00000000c0000000, size: 1024 MB, Compressed Oops mode: 32-bit

CDS archive(s) not mapped
Compressed class space mapped at: 0x0000000100000000-0x0000000140000000, reserved size: 1073741824
Narrow klass base: 0x0000000000000000, Narrow klass shift: 3, Narrow klass range: 0x140000000

GC Precious Log:
 CPUs: 12 total, 12 available
 Memory: 7967M
 Large Page Support: Disabled
 NUMA Support: Disabled
 Compressed Oops: Enabled (32-bit)
 Alignments: Space 512K, Generation 512K, Heap 2M
 Heap Min Capacity: 100M
 Heap Initial Capacity: 100M
 Heap Max Capacity: 1G
 Pre-touch: Disabled
 Parallel Workers: 10

Heap:
 PSYoungGen      total 5120K, used 1547K [0x00000000eab00000, 0x00000000eb200000, 0x0000000100000000)
  eden space 3584K, 0% used [0x00000000eab00000,0x00000000eab08318,0x00000000eae80000)
  from space 1536K, 98% used [0x00000000eb080000,0x00000000eb1fa970,0x00000000eb200000)
  to   space 1536K, 0% used [0x00000000eae80000,0x00000000eae80000,0x00000000eb000000)
 ParOldGen       total 163840K, used 139332K [0x00000000c0000000, 0x00000000ca000000, 0x00000000eab00000)
  object space 163840K, 85% used [0x00000000c0000000,0x00000000c88111b8,0x00000000ca000000)
 Metaspace       used 66165K, committed 67456K, reserved 1114112K
  class space    used 7005K, committed 7552K, reserved 1048576K

Card table byte_map: [0x000001aea6410000,0x000001aea6620000] _byte_map_base: 0x000001aea5e10000

Marking Bits: (ParMarkBitMap*) 0x00007fff5490d7d0
 Begin Bits: [0x000001aeb86e0000, 0x000001aeb96e0000)
 End Bits:   [0x000001aeb96e0000, 0x000001aeba6e0000)

Polling page: 0x000001aea6200000

Metaspace:

Usage:
  Non-class:     57.77 MB used.
      Class:      6.84 MB used.
       Both:     64.61 MB used.

Virtual space:
  Non-class space:       64.00 MB reserved,      58.50 MB ( 91%) committed,  1 nodes.
      Class space:        1.00 GB reserved,       7.38 MB ( <1%) committed,  1 nodes.
             Both:        1.06 GB reserved,      65.88 MB (  6%) committed. 

Chunk freelists:
   Non-Class:  5.55 MB
       Class:  8.66 MB
        Both:  14.20 MB

MaxMetaspaceSize: unlimited
CompressedClassSpaceSize: 1.00 GB
Initial GC threshold: 21.00 MB
Current GC threshold: 108.75 MB
CDS: off
MetaspaceReclaimPolicy: balanced
 - commit_granule_bytes: 65536.
 - commit_granule_words: 8192.
 - virtual_space_node_default_size: 8388608.
 - enlarge_chunks_in_place: 1.
 - new_chunks_are_fully_committed: 0.
 - uncommit_free_chunks: 1.
 - use_allocation_guard: 0.
 - handle_deallocations: 1.


Internal statistics:

num_allocs_failed_limit: 6.
num_arena_births: 906.
num_arena_deaths: 20.
num_vsnodes_births: 2.
num_vsnodes_deaths: 0.
num_space_committed: 1054.
num_space_uncommitted: 0.
num_chunks_returned_to_freelist: 29.
num_chunks_taken_from_freelist: 3725.
num_chunk_merges: 15.
num_chunk_splits: 2232.
num_chunks_enlarged: 1211.
num_inconsistent_stats: 0.

CodeHeap 'non-profiled nmethods': size=120000Kb used=3170Kb max_used=3170Kb free=116829Kb
 bounds [0x000001aeb11b0000, 0x000001aeb14d0000, 0x000001aeb86e0000]
CodeHeap 'profiled nmethods': size=120000Kb used=20859Kb max_used=20859Kb free=99140Kb
 bounds [0x000001aea96e0000, 0x000001aeaab40000, 0x000001aeb0c10000]
CodeHeap 'non-nmethods': size=5760Kb used=1329Kb max_used=1395Kb free=4431Kb
 bounds [0x000001aeb0c10000, 0x000001aeb0e80000, 0x000001aeb11b0000]
 total_blobs=10169 nmethods=9499 adapters=581
 compilation: enabled
              stopped_count=0, restarted_count=0
 full_count=0

Compilation events (20 events):
Event: 21.210 Thread 0x000001aebfa5b7a0 10455       2       org.eclipse.jdt.internal.core.SourceMapper::convertTypeNamesToSigs (348 bytes)
Event: 21.212 Thread 0x000001aebfa5b7a0 nmethod 10455 0x000001aeaaaf7a90 code [0x000001aeaaaf7d20, 0x000001aeaaaf8878]
Event: 21.212 Thread 0x000001aebfa5b7a0 10458       3       org.eclipse.jdt.internal.core.JavaElement::getHandleMemento (27 bytes)
Event: 21.212 Thread 0x000001aebfa5b7a0 nmethod 10458 0x000001aeaaaf8f90 code [0x000001aeaaaf9180, 0x000001aeaaaf96c8]
Event: 21.212 Thread 0x000001aebfa5b7a0 10457       2       org.eclipse.jdt.internal.core.BinaryType::getMethod (11 bytes)
Event: 21.212 Thread 0x000001aebfa5b7a0 nmethod 10457 0x000001aeaaaf9890 code [0x000001aeaaaf9a40, 0x000001aeaaaf9ca8]
Event: 21.212 Thread 0x000001aebfa5b7a0 10456       1       org.eclipse.jdt.internal.compiler.ast.AbstractMethodDeclaration::isClinit (2 bytes)
Event: 21.212 Thread 0x000001aebfa5b7a0 nmethod 10456 0x000001aeb14c7e10 code [0x000001aeb14c7fa0, 0x000001aeb14c8078]
Event: 21.212 Thread 0x000001aebfa5b7a0 10459       1       org.eclipse.jdt.internal.compiler.ast.AbstractMethodDeclaration::isDefaultConstructor (2 bytes)
Event: 21.213 Thread 0x000001aebfa5b7a0 nmethod 10459 0x000001aeb14c8110 code [0x000001aeb14c82a0, 0x000001aeb14c8378]
Event: 21.213 Thread 0x000001aebfa5b7a0 10460       1       org.eclipse.jdt.internal.compiler.ast.MethodDeclaration::typeParameters (5 bytes)
Event: 21.213 Thread 0x000001aebfa5b7a0 nmethod 10460 0x000001aeb14c8410 code [0x000001aeb14c85a0, 0x000001aeb14c8678]
Event: 21.214 Thread 0x000001aebfa5b7a0 10461       2       org.eclipse.jdt.internal.compiler.ast.TypeReference::<init> (10 bytes)
Event: 21.214 Thread 0x000001aebfa5b7a0 nmethod 10461 0x000001aeaaaf9e10 code [0x000001aeaaaf9fa0, 0x000001aeaaafa0d8]
Event: 21.220 Thread 0x000001aebfa5b7a0 10462       2       org.eclipse.sisu.plexus.Hints::canonicalHints (49 bytes)
Event: 21.220 Thread 0x000001aebfa5b7a0 nmethod 10462 0x000001aeaaafa190 code [0x000001aeaaafa340, 0x000001aeaaafa648]
Event: 21.222 Thread 0x000001aebfa5b7a0 10463       2       org.eclipse.m2e.core.internal.embedder.MavenExecutionContext::getValue (11 bytes)
Event: 21.222 Thread 0x000001aebfa5b7a0 nmethod 10463 0x000001aeaaafa890 code [0x000001aeaaafaa20, 0x000001aeaaafab48]
Event: 21.234 Thread 0x000001aebfa5b7a0 10464       1       org.apache.maven.artifact.DefaultArtifact::getVersion (5 bytes)
Event: 21.235 Thread 0x000001aebfa5b7a0 nmethod 10464 0x000001aeb14c8710 code [0x000001aeb14c88a0, 0x000001aeb14c8978]

GC Heap History (20 events):
Event: 21.072 GC heap before
{Heap before GC invocations=286 (full 8):
 PSYoungGen      total 3072K, used 2934K [0x00000000eab00000, 0x00000000eae80000, 0x0000000100000000)
  eden space 2560K, 99% used [0x00000000eab00000,0x00000000ead7ffe8,0x00000000ead80000)
  from space 512K, 73% used [0x00000000ead80000,0x00000000eaddda08,0x00000000eae00000)
  to   space 512K, 0% used [0x00000000eae00000,0x00000000eae00000,0x00000000eae80000)
 ParOldGen       total 163840K, used 130259K [0x00000000c0000000, 0x00000000ca000000, 0x00000000eab00000)
  object space 163840K, 79% used [0x00000000c0000000,0x00000000c7f34f80,0x00000000ca000000)
 Metaspace       used 65662K, committed 66944K, reserved 1114112K
  class space    used 6985K, committed 7552K, reserved 1048576K
}
Event: 21.074 GC heap after
{Heap after GC invocations=286 (full 8):
 PSYoungGen      total 2560K, used 494K [0x00000000eab00000, 0x00000000eb000000, 0x0000000100000000)
  eden space 2048K, 0% used [0x00000000eab00000,0x00000000eab00000,0x00000000ead00000)
  from space 512K, 96% used [0x00000000eae00000,0x00000000eae7b878,0x00000000eae80000)
  to   space 1024K, 0% used [0x00000000ead00000,0x00000000ead00000,0x00000000eae00000)
 ParOldGen       total 163840K, used 130353K [0x00000000c0000000, 0x00000000ca000000, 0x00000000eab00000)
  object space 163840K, 79% used [0x00000000c0000000,0x00000000c7f4c508,0x00000000ca000000)
 Metaspace       used 65662K, committed 66944K, reserved 1114112K
  class space    used 6985K, committed 7552K, reserved 1048576K
}
Event: 21.089 GC heap before
{Heap before GC invocations=287 (full 8):
 PSYoungGen      total 2560K, used 2542K [0x00000000eab00000, 0x00000000eb000000, 0x0000000100000000)
  eden space 2048K, 99% used [0x00000000eab00000,0x00000000eacfffd8,0x00000000ead00000)
  from space 512K, 96% used [0x00000000eae00000,0x00000000eae7b878,0x00000000eae80000)
  to   space 1024K, 0% used [0x00000000ead00000,0x00000000ead00000,0x00000000eae00000)
 ParOldGen       total 163840K, used 130353K [0x00000000c0000000, 0x00000000ca000000, 0x00000000eab00000)
  object space 163840K, 79% used [0x00000000c0000000,0x00000000c7f4c508,0x00000000ca000000)
 Metaspace       used 65751K, committed 67072K, reserved 1114112K
  class space    used 6987K, committed 7552K, reserved 1048576K
}
Event: 21.090 GC heap after
{Heap after GC invocations=287 (full 8):
 PSYoungGen      total 3072K, used 793K [0x00000000eab00000, 0x00000000eaf80000, 0x0000000100000000)
  eden space 2048K, 0% used [0x00000000eab00000,0x00000000eab00000,0x00000000ead00000)
  from space 1024K, 77% used [0x00000000ead00000,0x00000000eadc6458,0x00000000eae00000)
  to   space 1024K, 0% used [0x00000000eae80000,0x00000000eae80000,0x00000000eaf80000)
 ParOldGen       total 163840K, used 130579K [0x00000000c0000000, 0x00000000ca000000, 0x00000000eab00000)
  object space 163840K, 79% used [0x00000000c0000000,0x00000000c7f84c80,0x00000000ca000000)
 Metaspace       used 65751K, committed 67072K, reserved 1114112K
  class space    used 6987K, committed 7552K, reserved 1048576K
}
Event: 21.110 GC heap before
{Heap before GC invocations=288 (full 8):
 PSYoungGen      total 3072K, used 2841K [0x00000000eab00000, 0x00000000eaf80000, 0x0000000100000000)
  eden space 2048K, 100% used [0x00000000eab00000,0x00000000ead00000,0x00000000ead00000)
  from space 1024K, 77% used [0x00000000ead00000,0x00000000eadc6458,0x00000000eae00000)
  to   space 1024K, 0% used [0x00000000eae80000,0x00000000eae80000,0x00000000eaf80000)
 ParOldGen       total 163840K, used 130579K [0x00000000c0000000, 0x00000000ca000000, 0x00000000eab00000)
  object space 163840K, 79% used [0x00000000c0000000,0x00000000c7f84c80,0x00000000ca000000)
 Metaspace       used 65755K, committed 67072K, reserved 1114112K
  class space    used 6987K, committed 7552K, reserved 1048576K
}
Event: 21.112 GC heap after
{Heap after GC invocations=288 (full 8):
 PSYoungGen      total 3072K, used 1021K [0x00000000eab00000, 0x00000000eb080000, 0x0000000100000000)
  eden space 2048K, 0% used [0x00000000eab00000,0x00000000eab00000,0x00000000ead00000)
  from space 1024K, 99% used [0x00000000eae80000,0x00000000eaf7f4a8,0x00000000eaf80000)
  to   space 1536K, 0% used [0x00000000ead00000,0x00000000ead00000,0x00000000eae80000)
 ParOldGen       total 163840K, used 130611K [0x00000000c0000000, 0x00000000ca000000, 0x00000000eab00000)
  object space 163840K, 79% used [0x00000000c0000000,0x00000000c7f8ce10,0x00000000ca000000)
 Metaspace       used 65755K, committed 67072K, reserved 1114112K
  class space    used 6987K, committed 7552K, reserved 1048576K
}
Event: 21.134 GC heap before
{Heap before GC invocations=289 (full 8):
 PSYoungGen      total 3072K, used 3064K [0x00000000eab00000, 0x00000000eb080000, 0x0000000100000000)
  eden space 2048K, 99% used [0x00000000eab00000,0x00000000eacfef08,0x00000000ead00000)
  from space 1024K, 99% used [0x00000000eae80000,0x00000000eaf7f4a8,0x00000000eaf80000)
  to   space 1536K, 0% used [0x00000000ead00000,0x00000000ead00000,0x00000000eae80000)
 ParOldGen       total 163840K, used 130611K [0x00000000c0000000, 0x00000000ca000000, 0x00000000eab00000)
  object space 163840K, 79% used [0x00000000c0000000,0x00000000c7f8ce10,0x00000000ca000000)
 Metaspace       used 65931K, committed 67200K, reserved 1114112K
  class space    used 6992K, committed 7552K, reserved 1048576K
}
Event: 21.136 GC heap after
{Heap after GC invocations=289 (full 8):
 PSYoungGen      total 3584K, used 1535K [0x00000000eab00000, 0x00000000eb280000, 0x0000000100000000)
  eden space 2048K, 0% used [0x00000000eab00000,0x00000000eab00000,0x00000000ead00000)
  from space 1536K, 99% used [0x00000000ead00000,0x00000000eae7fe98,0x00000000eae80000)
  to   space 2560K, 0% used [0x00000000eb000000,0x00000000eb000000,0x00000000eb280000)
 ParOldGen       total 163840K, used 131193K [0x00000000c0000000, 0x00000000ca000000, 0x00000000eab00000)
  object space 163840K, 80% used [0x00000000c0000000,0x00000000c801e418,0x00000000ca000000)
 Metaspace       used 65931K, committed 67200K, reserved 1114112K
  class space    used 6992K, committed 7552K, reserved 1048576K
}
Event: 21.147 GC heap before
{Heap before GC invocations=290 (full 8):
 PSYoungGen      total 3584K, used 3583K [0x00000000eab00000, 0x00000000eb280000, 0x0000000100000000)
  eden space 2048K, 100% used [0x00000000eab00000,0x00000000ead00000,0x00000000ead00000)
  from space 1536K, 99% used [0x00000000ead00000,0x00000000eae7fe98,0x00000000eae80000)
  to   space 2560K, 0% used [0x00000000eb000000,0x00000000eb000000,0x00000000eb280000)
 ParOldGen       total 163840K, used 131193K [0x00000000c0000000, 0x00000000ca000000, 0x00000000eab00000)
  object space 163840K, 80% used [0x00000000c0000000,0x00000000c801e418,0x00000000ca000000)
 Metaspace       used 65939K, committed 67200K, reserved 1114112K
  class space    used 6994K, committed 7552K, reserved 1048576K
}
Event: 21.149 GC heap after
{Heap after GC invocations=290 (full 8):
 PSYoungGen      total 3584K, used 518K [0x00000000eab00000, 0x00000000eb100000, 0x0000000100000000)
  eden space 2560K, 0% used [0x00000000eab00000,0x00000000eab00000,0x00000000ead80000)
  from space 1024K, 50% used [0x00000000eb000000,0x00000000eb081a80,0x00000000eb100000)
  to   space 1536K, 0% used [0x00000000eae00000,0x00000000eae00000,0x00000000eaf80000)
 ParOldGen       total 163840K, used 133538K [0x00000000c0000000, 0x00000000ca000000, 0x00000000eab00000)
  object space 163840K, 81% used [0x00000000c0000000,0x00000000c82689a0,0x00000000ca000000)
 Metaspace       used 65939K, committed 67200K, reserved 1114112K
  class space    used 6994K, committed 7552K, reserved 1048576K
}
Event: 21.156 GC heap before
{Heap before GC invocations=291 (full 8):
 PSYoungGen      total 3584K, used 3078K [0x00000000eab00000, 0x00000000eb100000, 0x0000000100000000)
  eden space 2560K, 100% used [0x00000000eab00000,0x00000000ead80000,0x00000000ead80000)
  from space 1024K, 50% used [0x00000000eb000000,0x00000000eb081a80,0x00000000eb100000)
  to   space 1536K, 0% used [0x00000000eae00000,0x00000000eae00000,0x00000000eaf80000)
 ParOldGen       total 163840K, used 133538K [0x00000000c0000000, 0x00000000ca000000, 0x00000000eab00000)
  object space 163840K, 81% used [0x00000000c0000000,0x00000000c82689a0,0x00000000ca000000)
 Metaspace       used 65950K, committed 67200K, reserved 1114112K
  class space    used 6995K, committed 7552K, reserved 1048576K
}
Event: 21.158 GC heap after
{Heap after GC invocations=291 (full 8):
 PSYoungGen      total 4608K, used 640K [0x00000000eab00000, 0x00000000eb080000, 0x0000000100000000)
  eden space 3072K, 0% used [0x00000000eab00000,0x00000000eab00000,0x00000000eae00000)
  from space 1536K, 41% used [0x00000000eae00000,0x00000000eaea0000,0x00000000eaf80000)
  to   space 1024K, 0% used [0x00000000eaf80000,0x00000000eaf80000,0x00000000eb080000)
 ParOldGen       total 163840K, used 133538K [0x00000000c0000000, 0x00000000ca000000, 0x00000000eab00000)
  object space 163840K, 81% used [0x00000000c0000000,0x00000000c82689a0,0x00000000ca000000)
 Metaspace       used 65950K, committed 67200K, reserved 1114112K
  class space    used 6995K, committed 7552K, reserved 1048576K
}
Event: 21.174 GC heap before
{Heap before GC invocations=292 (full 8):
 PSYoungGen      total 4608K, used 3712K [0x00000000eab00000, 0x00000000eb080000, 0x0000000100000000)
  eden space 3072K, 100% used [0x00000000eab00000,0x00000000eae00000,0x00000000eae00000)
  from space 1536K, 41% used [0x00000000eae00000,0x00000000eaea0000,0x00000000eaf80000)
  to   space 1024K, 0% used [0x00000000eaf80000,0x00000000eaf80000,0x00000000eb080000)
 ParOldGen       total 163840K, used 133538K [0x00000000c0000000, 0x00000000ca000000, 0x00000000eab00000)
  object space 163840K, 81% used [0x00000000c0000000,0x00000000c82689a0,0x00000000ca000000)
 Metaspace       used 66047K, committed 67328K, reserved 1114112K
  class space    used 6999K, committed 7552K, reserved 1048576K
}
Event: 21.177 GC heap after
{Heap after GC invocations=292 (full 8):
 PSYoungGen      total 4096K, used 994K [0x00000000eab00000, 0x00000000eb180000, 0x0000000100000000)
  eden space 3072K, 0% used [0x00000000eab00000,0x00000000eab00000,0x00000000eae00000)
  from space 1024K, 97% used [0x00000000eaf80000,0x00000000eb0789b8,0x00000000eb080000)
  to   space 1536K, 0% used [0x00000000eae00000,0x00000000eae00000,0x00000000eaf80000)
 ParOldGen       total 163840K, used 133562K [0x00000000c0000000, 0x00000000ca000000, 0x00000000eab00000)
  object space 163840K, 81% used [0x00000000c0000000,0x00000000c826e9a0,0x00000000ca000000)
 Metaspace       used 66047K, committed 67328K, reserved 1114112K
  class space    used 6999K, committed 7552K, reserved 1048576K
}
Event: 21.203 GC heap before
{Heap before GC invocations=293 (full 8):
 PSYoungGen      total 4096K, used 4066K [0x00000000eab00000, 0x00000000eb180000, 0x0000000100000000)
  eden space 3072K, 100% used [0x00000000eab00000,0x00000000eae00000,0x00000000eae00000)
  from space 1024K, 97% used [0x00000000eaf80000,0x00000000eb0789b8,0x00000000eb080000)
  to   space 1536K, 0% used [0x00000000eae00000,0x00000000eae00000,0x00000000eaf80000)
 ParOldGen       total 163840K, used 133562K [0x00000000c0000000, 0x00000000ca000000, 0x00000000eab00000)
  object space 163840K, 81% used [0x00000000c0000000,0x00000000c826e9a0,0x00000000ca000000)
 Metaspace       used 66100K, committed 67392K, reserved 1114112K
  class space    used 7004K, committed 7552K, reserved 1048576K
}
Event: 21.205 GC heap after
{Heap after GC invocations=293 (full 8):
 PSYoungGen      total 4608K, used 1230K [0x00000000eab00000, 0x00000000eb180000, 0x0000000100000000)
  eden space 3072K, 0% used [0x00000000eab00000,0x00000000eab00000,0x00000000eae00000)
  from space 1536K, 80% used [0x00000000eae00000,0x00000000eaf33988,0x00000000eaf80000)
  to   space 1536K, 0% used [0x00000000eb000000,0x00000000eb000000,0x00000000eb180000)
 ParOldGen       total 163840K, used 134073K [0x00000000c0000000, 0x00000000ca000000, 0x00000000eab00000)
  object space 163840K, 81% used [0x00000000c0000000,0x00000000c82ee6c0,0x00000000ca000000)
 Metaspace       used 66100K, committed 67392K, reserved 1114112K
  class space    used 7004K, committed 7552K, reserved 1048576K
}
Event: 21.226 GC heap before
{Heap before GC invocations=294 (full 8):
 PSYoungGen      total 4608K, used 4302K [0x00000000eab00000, 0x00000000eb180000, 0x0000000100000000)
  eden space 3072K, 100% used [0x00000000eab00000,0x00000000eae00000,0x00000000eae00000)
  from space 1536K, 80% used [0x00000000eae00000,0x00000000eaf33988,0x00000000eaf80000)
  to   space 1536K, 0% used [0x00000000eb000000,0x00000000eb000000,0x00000000eb180000)
 ParOldGen       total 163840K, used 135622K [0x00000000c0000000, 0x00000000ca000000, 0x00000000eab00000)
  object space 163840K, 82% used [0x00000000c0000000,0x00000000c8471a30,0x00000000ca000000)
 Metaspace       used 66109K, committed 67392K, reserved 1114112K
  class space    used 7005K, committed 7552K, reserved 1048576K
}
Event: 21.228 GC heap after
{Heap after GC invocations=294 (full 8):
 PSYoungGen      total 4608K, used 1532K [0x00000000eab00000, 0x00000000eb180000, 0x0000000100000000)
  eden space 3072K, 0% used [0x00000000eab00000,0x00000000eab00000,0x00000000eae00000)
  from space 1536K, 99% used [0x00000000eb000000,0x00000000eb17f2b8,0x00000000eb180000)
  to   space 1536K, 0% used [0x00000000eae00000,0x00000000eae00000,0x00000000eaf80000)
 ParOldGen       total 163840K, used 135811K [0x00000000c0000000, 0x00000000ca000000, 0x00000000eab00000)
  object space 163840K, 82% used [0x00000000c0000000,0x00000000c84a0f20,0x00000000ca000000)
 Metaspace       used 66109K, committed 67392K, reserved 1114112K
  class space    used 7005K, committed 7552K, reserved 1048576K
}
Event: 21.246 GC heap before
{Heap before GC invocations=295 (full 8):
 PSYoungGen      total 4608K, used 4408K [0x00000000eab00000, 0x00000000eb180000, 0x0000000100000000)
  eden space 3072K, 93% used [0x00000000eab00000,0x00000000eadcef80,0x00000000eae00000)
  from space 1536K, 99% used [0x00000000eb000000,0x00000000eb17f2b8,0x00000000eb180000)
  to   space 1536K, 0% used [0x00000000eae00000,0x00000000eae00000,0x00000000eaf80000)
 ParOldGen       total 163840K, used 135811K [0x00000000c0000000, 0x00000000ca000000, 0x00000000eab00000)
  object space 163840K, 82% used [0x00000000c0000000,0x00000000c84a0f20,0x00000000ca000000)
 Metaspace       used 66109K, committed 67392K, reserved 1114112K
  class space    used 7005K, committed 7552K, reserved 1048576K
}
Event: 21.248 GC heap after
{Heap after GC invocations=295 (full 8):
 PSYoungGen      total 4608K, used 1504K [0x00000000eab00000, 0x00000000eb180000, 0x0000000100000000)
  eden space 3072K, 0% used [0x00000000eab00000,0x00000000eab00000,0x00000000eae00000)
  from space 1536K, 97% used [0x00000000eae00000,0x00000000eaf781d0,0x00000000eaf80000)
  to   space 1536K, 0% used [0x00000000eb000000,0x00000000eb000000,0x00000000eb180000)
 ParOldGen       total 163840K, used 136893K [0x00000000c0000000, 0x00000000ca000000, 0x00000000eab00000)
  object space 163840K, 83% used [0x00000000c0000000,0x00000000c85af468,0x00000000ca000000)
 Metaspace       used 66109K, committed 67392K, reserved 1114112K
  class space    used 7005K, committed 7552K, reserved 1048576K
}

Dll operation events (10 events):
Event: 0.017 Loaded shared library c:\Users\Ricky Garcia\.vscode\extensions\redhat.java-1.27.0-win32-x64\jre\17.0.10-win32-x86_64\bin\java.dll
Event: 0.255 Loaded shared library c:\Users\Ricky Garcia\.vscode\extensions\redhat.java-1.27.0-win32-x64\jre\17.0.10-win32-x86_64\bin\zip.dll
Event: 0.259 Loaded shared library C:\Users\Ricky Garcia\.vscode\extensions\redhat.java-1.27.0-win32-x64\jre\17.0.10-win32-x86_64\bin\instrument.dll
Event: 0.282 Loaded shared library C:\Users\Ricky Garcia\.vscode\extensions\redhat.java-1.27.0-win32-x64\jre\17.0.10-win32-x86_64\bin\net.dll
Event: 0.288 Loaded shared library C:\Users\Ricky Garcia\.vscode\extensions\redhat.java-1.27.0-win32-x64\jre\17.0.10-win32-x86_64\bin\nio.dll
Event: 0.302 Loaded shared library C:\Users\Ricky Garcia\.vscode\extensions\redhat.java-1.27.0-win32-x64\jre\17.0.10-win32-x86_64\bin\zip.dll
Event: 0.325 Loaded shared library C:\Users\Ricky Garcia\.vscode\extensions\redhat.java-1.27.0-win32-x64\jre\17.0.10-win32-x86_64\bin\jimage.dll
Event: 0.429 Loaded shared library c:\Users\Ricky Garcia\.vscode\extensions\redhat.java-1.27.0-win32-x64\jre\17.0.10-win32-x86_64\bin\verify.dll
Event: 2.360 Loaded shared library C:\Users\Ricky Garcia\AppData\Roaming\Code\User\globalStorage\redhat.java\1.27.0\config_win\org.eclipse.equinox.launcher\org.eclipse.equinox.launcher.win32.win32.x86_64_1.2.900.v20240129-1338\eclipse_11900.dll
Event: 8.924 Loaded shared library C:\Users\Ricky Garcia\AppData\Local\Temp\jna-612083421\jna10665066143587048894.dll

Deoptimization events (20 events):
Event: 21.034 Thread 0x000001aec31112b0 Uncommon trap: trap_request=0xffffff45 fr.pc=0x000001aeb128c240 relative=0x00000000000027a0
Event: 21.034 Thread 0x000001aec31112b0 Uncommon trap: reason=unstable_if action=reinterpret pc=0x000001aeb128c240 method=java.util.jar.Attributes$Name.hash(Ljava/lang/String;)I @ 89 c2
Event: 21.034 Thread 0x000001aec31112b0 DEOPT PACKING pc=0x000001aeb128c240 sp=0x00000004251fdfb0
Event: 21.034 Thread 0x000001aec31112b0 DEOPT UNPACKING pc=0x000001aeb0c666a3 sp=0x00000004251fddc0 mode 2
Event: 21.041 Thread 0x000001aec31112b0 DEOPT PACKING pc=0x000001aeaa50ee7c sp=0x00000004251fdbb0
Event: 21.041 Thread 0x000001aec31112b0 DEOPT UNPACKING pc=0x000001aeb0c66e43 sp=0x00000004251fd130 mode 0
Event: 21.143 Thread 0x000001aec31112b0 DEOPT PACKING pc=0x000001aeaa22679f sp=0x00000004251fdf60
Event: 21.143 Thread 0x000001aec31112b0 DEOPT UNPACKING pc=0x000001aeb0c66e43 sp=0x00000004251fd4e0 mode 0
Event: 21.145 Thread 0x000001aec31112b0 Uncommon trap: trap_request=0xffffff45 fr.pc=0x000001aeb13aca1c relative=0x000000000000239c
Event: 21.145 Thread 0x000001aec31112b0 Uncommon trap: reason=unstable_if action=reinterpret pc=0x000001aeb13aca1c method=java.util.zip.ZipFile$Source.isMetaName([BII)Z @ 57 c2
Event: 21.145 Thread 0x000001aec31112b0 DEOPT PACKING pc=0x000001aeb13aca1c sp=0x00000004251fdff0
Event: 21.145 Thread 0x000001aec31112b0 DEOPT UNPACKING pc=0x000001aeb0c666a3 sp=0x00000004251fdf70 mode 2
Event: 21.145 Thread 0x000001aec31112b0 Uncommon trap: trap_request=0xffffff45 fr.pc=0x000001aeb125f7b0 relative=0x0000000000000190
Event: 21.145 Thread 0x000001aec31112b0 Uncommon trap: reason=unstable_if action=reinterpret pc=0x000001aeb125f7b0 method=java.util.zip.ZipFile$Source.isMetaName([BII)Z @ 57 c2
Event: 21.145 Thread 0x000001aec31112b0 DEOPT PACKING pc=0x000001aeb125f7b0 sp=0x00000004251fdfc0
Event: 21.145 Thread 0x000001aec31112b0 DEOPT UNPACKING pc=0x000001aeb0c666a3 sp=0x00000004251fdf68 mode 2
Event: 21.187 Thread 0x000001aec1b03f40 DEOPT PACKING pc=0x000001aeaa6db293 sp=0x0000000424bfe730
Event: 21.187 Thread 0x000001aec1b03f40 DEOPT UNPACKING pc=0x000001aeb0c66e43 sp=0x0000000424bfdc98 mode 0
Event: 21.216 Thread 0x000001aec1b03f40 DEOPT PACKING pc=0x000001aeaa6db293 sp=0x0000000424bfe730
Event: 21.216 Thread 0x000001aec1b03f40 DEOPT UNPACKING pc=0x000001aeb0c66e43 sp=0x0000000424bfdc98 mode 0

Classes unloaded (10 events):
Event: 7.428 Thread 0x000001aeba8c1a80 Unloading class 0x0000000100252400 'java/lang/invoke/LambdaForm$MH+0x0000000100252400'
Event: 7.428 Thread 0x000001aeba8c1a80 Unloading class 0x0000000100252000 'java/lang/invoke/LambdaForm$MH+0x0000000100252000'
Event: 7.428 Thread 0x000001aeba8c1a80 Unloading class 0x0000000100251c00 'java/lang/invoke/LambdaForm$MH+0x0000000100251c00'
Event: 7.428 Thread 0x000001aeba8c1a80 Unloading class 0x0000000100251800 'java/lang/invoke/LambdaForm$MH+0x0000000100251800'
Event: 7.428 Thread 0x000001aeba8c1a80 Unloading class 0x0000000100251400 'java/lang/invoke/LambdaForm$BMH+0x0000000100251400'
Event: 7.428 Thread 0x000001aeba8c1a80 Unloading class 0x0000000100251000 'java/lang/invoke/LambdaForm$DMH+0x0000000100251000'
Event: 7.428 Thread 0x000001aeba8c1a80 Unloading class 0x000000010024c400 'java/lang/invoke/LambdaForm$DMH+0x000000010024c400'
Event: 18.557 Thread 0x000001aeba8c1a80 Unloading class 0x00000001006a8800 'java/lang/invoke/LambdaForm$DMH+0x00000001006a8800'
Event: 18.557 Thread 0x000001aeba8c1a80 Unloading class 0x00000001006a8400 'java/lang/invoke/LambdaForm$DMH+0x00000001006a8400'
Event: 18.557 Thread 0x000001aeba8c1a80 Unloading class 0x00000001006a8000 'java/lang/invoke/LambdaForm$DMH+0x00000001006a8000'

Classes redefined (0 events):
No events

Internal exceptions (20 events):
Event: 16.735 Thread 0x000001aec31112b0 Exception <a 'java/lang/NoSuchMethodError'{0x00000000eaef51b0}: 'void java.lang.invoke.DirectMethodHandle$Holder.invokeStatic(java.lang.Object, int)'> (0x00000000eaef51b0) 
thrown [s\src\hotspot\share\interpreter\linkResolver.cpp, line 759]
Event: 16.879 Thread 0x000001aec31112b0 Exception <a 'java/io/FileNotFoundException'{0x00000000eabdffc8}> (0x00000000eabdffc8) 
thrown [s\src\hotspot\share\prims\jni.cpp, line 516]
Event: 17.281 Thread 0x000001aec3113620 Exception <a 'java/lang/IncompatibleClassChangeError'{0x00000000eaee1ad8}: Found class java.lang.Object, but interface was expected> (0x00000000eaee1ad8) 
thrown [s\src\hotspot\share\interpreter\linkResolver.cpp, line 826]
Event: 17.343 Thread 0x000001aec31112b0 Exception <a 'java/lang/NoSuchMethodError'{0x00000000eb108000}: 'int java.lang.invoke.DirectMethodHandle$Holder.invokeSpecialIFC(java.lang.Object, java.lang.Object, java.lang.Object)'> (0x00000000eb108000) 
thrown [s\src\hotspot\share\interpreter\linkResolver.cpp, line 759]
Event: 17.484 Thread 0x000001aec31112b0 Exception <a 'java/lang/NoSuchMethodError'{0x00000000eac94400}: 'java.lang.Object java.lang.invoke.Invokers$Holder.linkToTargetMethod(java.lang.Object, java.lang.Object, java.lang.Object, java.lang.Object, java.lang.Object, java.lang.Object, java.lang.Object)'> (0x00000000eac94400) 
thrown [s\src\hotspot\share\interpreter\linkResolver.cpp, line 759]
Event: 17.594 Thread 0x000001aec31112b0 Exception <a 'java/lang/NoSuchMethodError'{0x00000000eac2c2e0}: 'void java.lang.invoke.DirectMethodHandle$Holder.invokeInterface(java.lang.Object, java.lang.Object)'> (0x00000000eac2c2e0) 
thrown [s\src\hotspot\share\interpreter\linkResolver.cpp, line 759]
Event: 17.606 Thread 0x000001aec31112b0 Exception <a 'java/lang/NoSuchMethodError'{0x00000000ead3b748}: 'java.lang.Object java.lang.invoke.DirectMethodHandle$Holder.newInvokeSpecial(java.lang.Object, java.lang.Object, java.lang.Object, java.lang.Object, java.lang.Object, java.lang.Object)'> (0x00000000ead3b748) 
thrown [s\src\hotspot\share\interpreter\linkResolver.cpp, line 759]
Event: 17.614 Thread 0x000001aec3114a60 Exception <a 'java/lang/NoSuchMethodError'{0x00000000eabe1188}: 'void java.lang.invoke.DirectMethodHandle$Holder.invokeSpecial(java.lang.Object, java.lang.Object, java.lang.Object, java.lang.Object, java.lang.Object, java.lang.Object, java.lang.Object, java.lang.Object)'> (0x00000000eabe1188) 
thrown [s\src\hotspot\share\interpreter\linkResolver.cpp, line 759]
Event: 17.614 Thread 0x000001aec3114550 Exception <a 'java/lang/NoSuchMethodError'{0x00000000eabdbcd0}: 'void java.lang.invoke.DirectMethodHandle$Holder.invokeSpecial(java.lang.Object, java.lang.Object, java.lang.Object, java.lang.Object, java.lang.Object, java.lang.Object, java.lang.Object, java.lang.Object)'> (0x00000000eabdbcd0) 
thrown [s\src\hotspot\share\interpreter\linkResolver.cpp, line 759]
Event: 17.614 Thread 0x000001aec310db00 Exception <a 'java/lang/NoSuchMethodError'{0x00000000eabd9600}: 'void java.lang.invoke.DirectMethodHandle$Holder.invokeSpecial(java.lang.Object, java.lang.Object, java.lang.Object, java.lang.Object, java.lang.Object, java.lang.Object, java.lang.Object, java.lang.Object)'> (0x00000000eabd9600) 
thrown [s\src\hotspot\share\interpreter\linkResolver.cpp, line 759]
Event: 17.614 Thread 0x000001aec310ef40 Exception <a 'java/lang/NoSuchMethodError'{0x00000000eabd0640}: 'void java.lang.invoke.DirectMethodHandle$Holder.invokeSpecial(java.lang.Object, java.lang.Object, java.lang.Object, java.lang.Object, java.lang.Object, java.lang.Object, java.lang.Object, java.lang.Object)'> (0x00000000eabd0640) 
thrown [s\src\hotspot\share\interpreter\linkResolver.cpp, line 759]
Event: 19.738 Thread 0x000001aec31112b0 Implicit null exception at 0x000001aeb11e1640 to 0x000001aeb11e1a80
Event: 19.738 Thread 0x000001aec31112b0 Implicit null exception at 0x000001aeb11e2629 to 0x000001aeb11e2a80
Event: 20.132 Thread 0x000001aec31112b0 Exception <a 'java/lang/NoSuchMethodError'{0x00000000eab1d7d8}: 'long java.lang.invoke.DirectMethodHandle$Holder.invokeStatic(java.lang.Object, java.lang.Object)'> (0x00000000eab1d7d8) 
thrown [s\src\hotspot\share\interpreter\linkResolver.cpp, line 759]
Event: 20.145 Thread 0x000001aec31112b0 Exception <a 'java/lang/NoSuchMethodError'{0x00000000eac683b0}: 'java.lang.Object java.lang.invoke.DirectMethodHandle$Holder.newInvokeSpecial(java.lang.Object, java.lang.Object, java.lang.Object, int)'> (0x00000000eac683b0) 
thrown [s\src\hotspot\share\interpreter\linkResolver.cpp, line 759]
Event: 20.147 Thread 0x000001aec31112b0 Exception <a 'java/lang/NoSuchMethodError'{0x00000000eac6c990}: 'java.lang.Object java.lang.invoke.DirectMethodHandle$Holder.invokeSpecial(java.lang.Object, java.lang.Object, java.lang.Object, java.lang.Object, int)'> (0x00000000eac6c990) 
thrown [s\src\hotspot\share\interpreter\linkResolver.cpp, line 759]
Event: 20.147 Thread 0x000001aec31112b0 Exception <a 'java/lang/NoSuchMethodError'{0x00000000eac70550}: 'java.lang.Object java.lang.invoke.Invokers$Holder.linkToTargetMethod(java.lang.Object, java.lang.Object, int, java.lang.Object)'> (0x00000000eac70550) 
thrown [s\src\hotspot\share\interpreter\linkResolver.cpp, line 759]
Event: 20.271 Thread 0x000001aec31112b0 Exception <a 'java/lang/NoSuchMethodError'{0x00000000eae44d88}: static Lorg/apache/maven/model/InputLocation;.<clinit>()V> (0x00000000eae44d88) 
thrown [s\src\hotspot\share\prims\jni.cpp, line 1107]
Event: 20.274 Thread 0x000001aec31112b0 Exception <a 'java/lang/NoSuchMethodError'{0x00000000eae57df8}: static Lorg/apache/maven/model/InputSource;.<clinit>()V> (0x00000000eae57df8) 
thrown [s\src\hotspot\share\prims\jni.cpp, line 1107]
Event: 20.387 Thread 0x000001aec31112b0 Exception <a 'java/lang/NoSuchMethodError'{0x00000000eabd7708}: 'void java.lang.invoke.DirectMethodHandle$Holder.invokeSpecial(java.lang.Object, java.lang.Object, java.lang.Object, java.lang.Object, java.lang.Object)'> (0x00000000eabd7708) 
thrown [s\src\hotspot\share\interpreter\linkResolver.cpp, line 759]

VM Operations (20 events):
Event: 21.072 Executing VM operation: ParallelGCFailedAllocation
Event: 21.074 Executing VM operation: ParallelGCFailedAllocation done
Event: 21.086 Executing VM operation: ParallelGCFailedAllocation
Event: 21.090 Executing VM operation: ParallelGCFailedAllocation done
Event: 21.110 Executing VM operation: ParallelGCFailedAllocation
Event: 21.112 Executing VM operation: ParallelGCFailedAllocation done
Event: 21.134 Executing VM operation: ParallelGCFailedAllocation
Event: 21.136 Executing VM operation: ParallelGCFailedAllocation done
Event: 21.147 Executing VM operation: ParallelGCFailedAllocation
Event: 21.149 Executing VM operation: ParallelGCFailedAllocation done
Event: 21.156 Executing VM operation: ParallelGCFailedAllocation
Event: 21.158 Executing VM operation: ParallelGCFailedAllocation done
Event: 21.174 Executing VM operation: ParallelGCFailedAllocation
Event: 21.178 Executing VM operation: ParallelGCFailedAllocation done
Event: 21.203 Executing VM operation: ParallelGCFailedAllocation
Event: 21.205 Executing VM operation: ParallelGCFailedAllocation done
Event: 21.226 Executing VM operation: ParallelGCFailedAllocation
Event: 21.228 Executing VM operation: ParallelGCFailedAllocation done
Event: 21.246 Executing VM operation: ParallelGCFailedAllocation
Event: 21.248 Executing VM operation: ParallelGCFailedAllocation done

Events (20 events):
Event: 18.211 Thread 0x000001aec3113b30 Thread added: 0x000001aec3113b30
Event: 18.211 Thread 0x000001aec3114550 Thread added: 0x000001aec3114550
Event: 18.211 Thread 0x000001aec3114a60 Thread added: 0x000001aec3114a60
Event: 18.212 Thread 0x000001aec310db00 Thread added: 0x000001aec310db00
Event: 18.212 Thread 0x000001aec310ef40 Thread added: 0x000001aec310ef40
Event: 19.734 Thread 0x000001aec3113b30 Thread exited: 0x000001aec3113b30
Event: 19.734 Thread 0x000001aec3114550 Thread exited: 0x000001aec3114550
Event: 19.734 Thread 0x000001aec3114a60 Thread exited: 0x000001aec3114a60
Event: 19.735 Thread 0x000001aec310db00 Thread exited: 0x000001aec310db00
Event: 19.735 Thread 0x000001aec310ef40 Thread exited: 0x000001aec310ef40
Event: 20.131 loading class java/util/function/ToLongFunction
Event: 20.131 loading class java/util/function/ToLongFunction done
Event: 20.136 loading class java/lang/invoke/MethodHandleImpl$CountingWrapper$1
Event: 20.137 loading class java/lang/invoke/MethodHandleImpl$CountingWrapper$1 done
Event: 20.179 loading class java/util/Vector$1
Event: 20.179 loading class java/util/Vector$1 done
Event: 20.671 loading class java/util/Collections$UnmodifiableSortedSet
Event: 20.672 loading class java/util/Collections$UnmodifiableSortedSet done
Event: 21.037 loading class java/util/regex/Pattern$Caret
Event: 21.040 loading class java/util/regex/Pattern$Caret done


Dynamic libraries:
0x00007ff779d00000 - 0x00007ff779d0e000 	c:\Users\Ricky Garcia\.vscode\extensions\redhat.java-1.27.0-win32-x64\jre\17.0.10-win32-x86_64\bin\java.exe
0x00007ff801d30000 - 0x00007ff801f47000 	C:\WINDOWS\SYSTEM32\ntdll.dll
0x00007ff8003e0000 - 0x00007ff8004a4000 	C:\WINDOWS\System32\KERNEL32.DLL
0x00007fffff340000 - 0x00007fffff6e6000 	C:\WINDOWS\System32\KERNELBASE.dll
0x00007fffff770000 - 0x00007fffff881000 	C:\WINDOWS\System32\ucrtbase.dll
0x00007fffd1bd0000 - 0x00007fffd1be7000 	c:\Users\Ricky Garcia\.vscode\extensions\redhat.java-1.27.0-win32-x64\jre\17.0.10-win32-x86_64\bin\jli.dll
0x00007fffe4790000 - 0x00007fffe47ab000 	c:\Users\Ricky Garcia\.vscode\extensions\redhat.java-1.27.0-win32-x64\jre\17.0.10-win32-x86_64\bin\VCRUNTIME140.dll
0x00007fffffe40000 - 0x00007ffffffee000 	C:\WINDOWS\System32\USER32.dll
0x00007fffff200000 - 0x00007fffff226000 	C:\WINDOWS\System32\win32u.dll
0x00007fffd4690000 - 0x00007fffd4923000 	C:\WINDOWS\WinSxS\amd64_microsoft.windows.common-controls_6595b64144ccf1df_6.0.22621.2506_none_270c5ae97388e100\COMCTL32.dll
0x00007ff801270000 - 0x00007ff801299000 	C:\WINDOWS\System32\GDI32.dll
0x00007fffff950000 - 0x00007fffffa68000 	C:\WINDOWS\System32\gdi32full.dll
0x00007ff801b80000 - 0x00007ff801c27000 	C:\WINDOWS\System32\msvcrt.dll
0x00007fffff230000 - 0x00007fffff2ca000 	C:\WINDOWS\System32\msvcp_win.dll
0x00007fffffc40000 - 0x00007fffffc71000 	C:\WINDOWS\System32\IMM32.DLL
0x00007ffffba90000 - 0x00007ffffba9c000 	c:\Users\Ricky Garcia\.vscode\extensions\redhat.java-1.27.0-win32-x64\jre\17.0.10-win32-x86_64\bin\vcruntime140_1.dll
0x00007fffb25f0000 - 0x00007fffb267d000 	c:\Users\Ricky Garcia\.vscode\extensions\redhat.java-1.27.0-win32-x64\jre\17.0.10-win32-x86_64\bin\msvcp140.dll
0x00007fff53d70000 - 0x00007fff549d2000 	c:\Users\Ricky Garcia\.vscode\extensions\redhat.java-1.27.0-win32-x64\jre\17.0.10-win32-x86_64\bin\server\jvm.dll
0x00007ff801c30000 - 0x00007ff801ce3000 	C:\WINDOWS\System32\ADVAPI32.dll
0x00007ff8014c0000 - 0x00007ff801568000 	C:\WINDOWS\System32\sechost.dll
0x00007fffff060000 - 0x00007fffff088000 	C:\WINDOWS\System32\bcrypt.dll
0x00007ff800060000 - 0x00007ff800177000 	C:\WINDOWS\System32\RPCRT4.dll
0x00007ffff69c0000 - 0x00007ffff69f4000 	C:\WINDOWS\SYSTEM32\WINMM.dll
0x00007fffdb7d0000 - 0x00007fffdb7d9000 	C:\WINDOWS\SYSTEM32\WSOCK32.dll
0x00007ffffdea0000 - 0x00007ffffdeed000 	C:\WINDOWS\SYSTEM32\POWRPROF.dll
0x00007fffffa70000 - 0x00007fffffae1000 	C:\WINDOWS\System32\WS2_32.dll
0x00007ffff6700000 - 0x00007ffff670a000 	C:\WINDOWS\SYSTEM32\VERSION.dll
0x00007ffffde80000 - 0x00007ffffde93000 	C:\WINDOWS\SYSTEM32\UMPDC.dll
0x00007ffffe140000 - 0x00007ffffe158000 	C:\WINDOWS\SYSTEM32\kernel.appcore.dll
0x00007fffe51d0000 - 0x00007fffe51da000 	c:\Users\Ricky Garcia\.vscode\extensions\redhat.java-1.27.0-win32-x64\jre\17.0.10-win32-x86_64\bin\jimage.dll
0x00007ffffc440000 - 0x00007ffffc673000 	C:\WINDOWS\SYSTEM32\DBGHELP.DLL
0x00007ff800d10000 - 0x00007ff801099000 	C:\WINDOWS\System32\combase.dll
0x00007fffffb60000 - 0x00007fffffc37000 	C:\WINDOWS\System32\OLEAUT32.dll
0x00007fffeec90000 - 0x00007fffeecc2000 	C:\WINDOWS\SYSTEM32\dbgcore.DLL
0x00007fffff6f0000 - 0x00007fffff76a000 	C:\WINDOWS\System32\bcryptPrimitives.dll
0x00007fffcdac0000 - 0x00007fffcdace000 	c:\Users\Ricky Garcia\.vscode\extensions\redhat.java-1.27.0-win32-x64\jre\17.0.10-win32-x86_64\bin\instrument.dll
0x00007fffccf20000 - 0x00007fffccf45000 	c:\Users\Ricky Garcia\.vscode\extensions\redhat.java-1.27.0-win32-x64\jre\17.0.10-win32-x86_64\bin\java.dll
0x00007fffc68e0000 - 0x00007fffc68f8000 	c:\Users\Ricky Garcia\.vscode\extensions\redhat.java-1.27.0-win32-x64\jre\17.0.10-win32-x86_64\bin\zip.dll
0x00007ff8004b0000 - 0x00007ff800d0a000 	C:\WINDOWS\System32\SHELL32.dll
0x00007ffffcf70000 - 0x00007ffffd866000 	C:\WINDOWS\SYSTEM32\windows.storage.dll
0x00007ffffce30000 - 0x00007ffffcf6e000 	C:\WINDOWS\SYSTEM32\wintypes.dll
0x00007ff8012c0000 - 0x00007ff8013b3000 	C:\WINDOWS\System32\SHCORE.dll
0x00007ff800000000 - 0x00007ff80005e000 	C:\WINDOWS\System32\shlwapi.dll
0x00007ffffef90000 - 0x00007ffffefb6000 	C:\WINDOWS\SYSTEM32\profapi.dll
0x00007fffc68c0000 - 0x00007fffc68d9000 	C:\Users\Ricky Garcia\.vscode\extensions\redhat.java-1.27.0-win32-x64\jre\17.0.10-win32-x86_64\bin\net.dll
0x00007ffff7710000 - 0x00007ffff7847000 	C:\WINDOWS\SYSTEM32\WINHTTP.dll
0x00007ffffe5c0000 - 0x00007ffffe629000 	C:\WINDOWS\system32\mswsock.dll
0x00007fffc21e0000 - 0x00007fffc21f6000 	C:\Users\Ricky Garcia\.vscode\extensions\redhat.java-1.27.0-win32-x64\jre\17.0.10-win32-x86_64\bin\nio.dll
0x00007fffcf060000 - 0x00007fffcf070000 	c:\Users\Ricky Garcia\.vscode\extensions\redhat.java-1.27.0-win32-x64\jre\17.0.10-win32-x86_64\bin\verify.dll
0x00007fffbbf00000 - 0x00007fffbbf3e000 	C:\Users\Ricky Garcia\AppData\Roaming\Code\User\globalStorage\redhat.java\1.27.0\config_win\org.eclipse.equinox.launcher\org.eclipse.equinox.launcher.win32.win32.x86_64_1.2.900.v20240129-1338\eclipse_11900.dll
0x00007ff800180000 - 0x00007ff800320000 	C:\WINDOWS\System32\ole32.dll
0x00007ffffe800000 - 0x00007ffffe81b000 	C:\WINDOWS\SYSTEM32\CRYPTSP.dll
0x00007ffffe0a0000 - 0x00007ffffe0d5000 	C:\WINDOWS\system32\rsaenh.dll
0x00007ffffe680000 - 0x00007ffffe6ac000 	C:\WINDOWS\SYSTEM32\USERENV.dll
0x00007ffffe820000 - 0x00007ffffe82c000 	C:\WINDOWS\SYSTEM32\CRYPTBASE.dll
0x00007ffffdb40000 - 0x00007ffffdb6d000 	C:\WINDOWS\SYSTEM32\IPHLPAPI.DLL
0x00007ff8015c0000 - 0x00007ff8015c9000 	C:\WINDOWS\System32\NSI.dll
0x00007ffff7910000 - 0x00007ffff7929000 	C:\WINDOWS\SYSTEM32\dhcpcsvc6.DLL
0x00007ffff76d0000 - 0x00007ffff76ef000 	C:\WINDOWS\SYSTEM32\dhcpcsvc.DLL
0x00007ffffdb70000 - 0x00007ffffdc69000 	C:\WINDOWS\SYSTEM32\DNSAPI.dll
0x00007fffb54c0000 - 0x00007fffb5505000 	C:\Users\Ricky Garcia\AppData\Local\Temp\jna-612083421\jna10665066143587048894.dll
0x00007ff800320000 - 0x00007ff800328000 	C:\WINDOWS\System32\PSAPI.DLL

dbghelp: loaded successfully - version: 4.0.5 - missing functions: none
symbol engine: initialized successfully - sym options: 0x614 - pdb path: .;c:\Users\Ricky Garcia\.vscode\extensions\redhat.java-1.27.0-win32-x64\jre\17.0.10-win32-x86_64\bin;C:\WINDOWS\SYSTEM32;C:\WINDOWS\WinSxS\amd64_microsoft.windows.common-controls_6595b64144ccf1df_6.0.22621.2506_none_270c5ae97388e100;c:\Users\Ricky Garcia\.vscode\extensions\redhat.java-1.27.0-win32-x64\jre\17.0.10-win32-x86_64\bin\server;C:\Users\Ricky Garcia\AppData\Roaming\Code\User\globalStorage\redhat.java\1.27.0\config_win\org.eclipse.equinox.launcher\org.eclipse.equinox.launcher.win32.win32.x86_64_1.2.900.v20240129-1338;C:\Users\Ricky Garcia\AppData\Local\Temp\jna-612083421

VM Arguments:
jvm_args: --add-modules=ALL-SYSTEM --add-opens=java.base/java.util=ALL-UNNAMED --add-opens=java.base/java.lang=ALL-UNNAMED --add-opens=java.base/sun.nio.fs=ALL-UNNAMED -Declipse.application=org.eclipse.jdt.ls.core.id1 -Dosgi.bundles.defaultStartLevel=4 -Declipse.product=org.eclipse.jdt.ls.core.product -Djava.import.generatesMetadataFilesAtProjectRoot=false -DDetectVMInstallationsJob.disabled=true -Dfile.encoding=utf8 -XX:+UseParallelGC -XX:GCTimeRatio=4 -XX:AdaptiveSizePolicyWeight=90 -Dsun.zip.disableMemoryMapping=true -Xmx1G -Xms100m -Xlog:disable -javaagent:c:\Users\Ricky Garcia\.vscode\extensions\redhat.java-1.27.0-win32-x64\lombok\lombok-1.18.31.jar -XX:+HeapDumpOnOutOfMemoryError -XX:HeapDumpPath=c:\Users\Ricky Garcia\AppData\Roaming\Code\User\workspaceStorage\36ff50f66068c612323d501f14e8d292\redhat.java -Daether.dependencyCollector.impl=bf 
java_command: c:\Users\Ricky Garcia\.vscode\extensions\redhat.java-1.27.0-win32-x64\server\plugins\org.eclipse.equinox.launcher_1.6.700.v20231214-2017.jar -configuration c:\Users\Ricky Garcia\AppData\Roaming\Code\User\globalStorage\redhat.java\1.27.0\config_win -data c:\Users\Ricky Garcia\AppData\Roaming\Code\User\workspaceStorage\36ff50f66068c612323d501f14e8d292\redhat.java\jdt_ws --stdio
java_class_path (initial): c:\Users\Ricky Garcia\.vscode\extensions\redhat.java-1.27.0-win32-x64\server\plugins\org.eclipse.equinox.launcher_1.6.700.v20231214-2017.jar
Launcher Type: SUN_STANDARD

[Global flags]
    uintx AdaptiveSizePolicyWeight                 = 90                                        {product} {command line}
     intx CICompilerCount                          = 4                                         {product} {ergonomic}
    uintx GCTimeRatio                              = 4                                         {product} {command line}
     bool HeapDumpOnOutOfMemoryError               = true                                   {manageable} {command line}
    ccstr HeapDumpPath                             = c:\Users\Ricky Garcia\AppData\Roaming\Code\User\workspaceStorage\36ff50f66068c612323d501f14e8d292\redhat.java         {manageable} {command line}
   size_t InitialHeapSize                          = 104857600                                 {product} {command line}
   size_t MaxHeapSize                              = 1073741824                                {product} {command line}
   size_t MaxNewSize                               = 357564416                                 {product} {ergonomic}
   size_t MinHeapDeltaBytes                        = 524288                                    {product} {ergonomic}
   size_t MinHeapSize                              = 104857600                                 {product} {command line}
   size_t NewSize                                  = 34603008                                  {product} {ergonomic}
    uintx NonNMethodCodeHeapSize                   = 5839372                                {pd product} {ergonomic}
    uintx NonProfiledCodeHeapSize                  = 122909434                              {pd product} {ergonomic}
   size_t OldSize                                  = 70254592                                  {product} {ergonomic}
    uintx ProfiledCodeHeapSize                     = 122909434                              {pd product} {ergonomic}
    uintx ReservedCodeCacheSize                    = 251658240                              {pd product} {ergonomic}
     bool SegmentedCodeCache                       = true                                      {product} {ergonomic}
   size_t SoftMaxHeapSize                          = 1073741824                             {manageable} {ergonomic}
     bool UseCompressedClassPointers               = true                           {product lp64_product} {ergonomic}
     bool UseCompressedOops                        = true                           {product lp64_product} {ergonomic}
     bool UseLargePagesIndividualAllocation        = false                                  {pd product} {ergonomic}
     bool UseParallelGC                            = true                                      {product} {command line}

Logging:
Log output configuration:
 #0: stdout all=off uptime,level,tags
 #1: stderr all=off uptime,level,tags

Environment Variables:
JAVA_HOME=C:\jdk21\
PATH=C:\jdk21\bin;C:\Windows\system32;C:\Windows;C:\Windows\System32\Wbem;C:\Windows\System32\WindowsPowerShell\v1.0\;C:\Windows\System32\OpenSSH\;C:\Program Files (x86)\NVIDIA Corporation\PhysX\Common;C:\Program Files\NVIDIA Corporation\NVIDIA NvDLISR;C:\WINDOWS\system32;C:\WINDOWS;C:\WINDOWS\System32\Wbem;C:\WINDOWS\System32\WindowsPowerShell\v1.0\;C:\WINDOWS\System32\OpenSSH\;C:\Program Files\Microsoft SQL Server\150\Tools\Binn\;C:\Program Files\Microsoft SQL Server\Client SDK\ODBC\170\Tools\Binn\;C:\Program Files\dotnet\;C:\Program Files (x86)\Microsoft SQL Server\160\Tools\Binn\;C:\Program Files\Microsoft SQL Server\160\Tools\Binn\;C:\Program Files\Microsoft SQL Server\160\DTS\Binn\;C:\Program Files (x86)\Microsoft SQL Server\160\DTS\Binn\;C:\Program Files\Azure Data Studio\bin;C:\Program Files\Git\cmd;C:\Program Files\Git\bin;C:\Program Files\nodejs\;C:\Program Files\Docker\Docker\resources\bin;C:\Users\Ricky Garcia\AppData\Local\Microsoft\WindowsApps;C:\Users\Ricky Garcia\.dotnet\tools;C:\Program Files\Azure Data Studio\bin;C:\Users\Ricky Garcia\AppData\Local\Programs\Microsoft VS Code\bin;C:\Program Files\PostgreSQL\16\bin;C:\Users\Ricky Garcia\AppData\Roaming\npm
USERNAME=RickyGarcia
OS=Windows_NT
PROCESSOR_IDENTIFIER=Intel64 Family 6 Model 165 Stepping 2, GenuineIntel
TMP=C:\Users\RICKYG~1\AppData\Local\Temp
TEMP=C:\Users\RICKYG~1\AppData\Local\Temp



Periodic native trim disabled


---------------  S Y S T E M  ---------------

OS:
 Windows 11 , 64 bit Build 22621 (10.0.22621.2506)
OS uptime: 0 days 22:55 hours
Hyper-V role detected

CPU: total 12 (initial active 12) (6 cores per cpu, 2 threads per core) family 6 model 165 stepping 2 microcode 0xf8, cx8, cmov, fxsr, ht, mmx, 3dnowpref, sse, sse2, sse3, ssse3, sse4.1, sse4.2, popcnt, lzcnt, tsc, tscinvbit, avx, avx2, aes, erms, clmul, bmi1, bmi2, adx, fma, vzeroupper, clflush, clflushopt, hv
Processor Information for all 12 processors :
  Max Mhz: 2496, Current Mhz: 2496, Mhz Limit: 2496

Memory: 4k page, system-wide physical 7967M (33M free)
TotalPageFile size 32543M (AvailPageFile size 3M)
current process WorkingSet (physical memory assigned to process): 367M, peak: 369M
current process commit charge ("private bytes"): 412M, peak: 417M

vm_info: OpenJDK 64-Bit Server VM (17.0.10+7) for windows-amd64 JRE (17.0.10+7), built on Jan 16 2024 23:25:11 by "admin" with MS VC++ 16.10 / 16.11 (VS2019)

END.
